2025-07-26 21:18:16,541 - INFO - Taking a snapshot because event generate an exception: Travel is finished!
2025-07-26 21:18:16,544 - WARNING - Evento já registrado
2025-07-26 21:18:16,544 - WARNING - Evento já registrado
2025-07-26 21:18:16,553 - INFO - Taking a snapshot because event generate an exception: Travel is finished!
2025-07-26 21:18:16,555 - WARNING - Evento já registrado
2025-07-26 21:18:16,555 - WARNING - Evento já registrado
2025-07-26 21:18:16,590 - INFO - Taking a snapshot because event generate an exception: Travel is finished!
2025-07-26 21:18:16,591 - WARNING - Evento já registrado
2025-07-26 21:18:16,591 - WARNING - Evento já registrado
2025-07-26 21:18:16,601 - INFO - Taking a snapshot because event generate an exception: Travel is finished!
2025-07-26 21:18:16,602 - WARNING - Evento já registrado
2025-07-26 21:18:16,602 - WARNING - Evento já registrado
2025-07-26 21:18:16,683 - INFO - Taking a snapshot because event generate an exception: Travel is finished!
2025-07-26 21:18:16,685 - WARNING - Evento já registrado
2025-07-26 21:18:16,685 - WARNING - Evento já registrado
2025-07-26 21:18:16,711 - INFO - Taking a snapshot because event generate an exception: Travel is finished!
2025-07-26 21:18:16,713 - WARNING - Evento já registrado
2025-07-26 21:18:16,713 - WARNING - Evento já registrado
2025-07-26 21:18:16,726 - INFO - Taking a snapshot because event generate an exception: Travel is finished!
2025-07-26 21:18:16,728 - WARNING - Evento já registrado
2025-07-26 21:18:16,728 - WARNING - Evento já registrado
2025-07-26 21:18:16,740 - INFO - Taking a snapshot because event generate an exception: Travel is finished!
2025-07-26 21:18:16,741 - WARNING - Evento já registrado
2025-07-26 21:18:16,741 - WARNING - Evento já registrado
2025-07-26 21:18:16,814 - INFO - Taking a snapshot because event generate an exception: Travel is finished!
2025-07-26 21:18:16,816 - WARNING - Evento já registrado
2025-07-26 21:18:16,816 - WARNING - Evento já registrado
2025-07-26 21:18:16,837 - INFO - Taking a snapshot because event generate an exception: Travel is finished!
2025-07-26 21:18:16,837 - WARNING - Evento já registrado
2025-07-26 21:18:16,838 - WARNING - Evento já registrado
2025-07-26 21:18:17,039 - INFO - Taking a snapshot because event generate an exception: Travel is finished!
2025-07-26 21:18:17,041 - WARNING - Evento já registrado
2025-07-26 21:18:17,041 - WARNING - Evento já registrado
2025-07-26 21:18:17,241 - INFO - Taking a snapshot because event generate an exception: Travel is finished!
2025-07-26 21:18:17,242 - WARNING - Evento já registrado
2025-07-26 21:18:17,242 - WARNING - Evento já registrado
2025-07-26 21:18:17,261 - INFO - Taking a snapshot because event generate an exception: Travel is finished!
2025-07-26 21:18:17,263 - WARNING - Evento já registrado
2025-07-26 21:18:17,263 - WARNING - Evento já registrado
2025-07-26 21:18:17,287 - INFO - Taking a snapshot because event generate an exception: Travel is finished!
2025-07-26 21:18:17,288 - WARNING - Evento já registrado
2025-07-26 21:18:17,288 - WARNING - Evento já registrado
2025-07-26 21:18:17,448 - INFO - Episode queue is empty
2025-07-26 21:18:17,770 - INFO - Trainamento do processo 69871 finalizado!
2025-07-26 21:18:17,771 - CRITICAL - Log 0 - Episode 0 - PID: 69871 - Volume: 162000.0 - Demanda: 300000.0 - epsilon: 0.03406514114296209
2025-07-26 21:18:18,772 - INFO - Episode queue is empty
