2025-07-26 15:47:14,059 - DEBUG - Start simulation from 2025-04-01 00:00:00 to 2025-05-01 00:00:00
2025-07-26 15:47:14,060 - DEBUG - 2025-04-01 10:00:00:: train train_4 arrive at node Cavalcanti da Prata!!
2025-07-26 15:47:14,061 - DEBUG - 2025-04-01 10:00:00:: Train train_4 received in node Cavalcanti da Prata!
2025-07-26 15:47:15,026 - INFO - Episode queue is empty
2025-07-26 15:47:15,030 - INFO - Experience queue is empty - 
2025-07-26 15:47:16,026 - INFO - Episode queue is empty
2025-07-26 15:47:16,032 - INFO - Experience queue is empty - 
2025-07-26 15:47:17,028 - INFO - Episode queue is empty
2025-07-26 15:47:17,033 - INFO - Experience queue is empty - 
2025-07-26 15:47:18,029 - INFO - Episode queue is empty
2025-07-26 15:47:18,034 - INFO - Experience queue is empty - 
2025-07-26 15:47:19,031 - INFO - Episode queue is empty
2025-07-26 15:47:19,035 - INFO - Experience queue is empty - 
2025-07-26 15:47:20,032 - INFO - Episode queue is empty
2025-07-26 15:47:20,037 - INFO - Experience queue is empty - 
2025-07-26 15:47:21,034 - INFO - Episode queue is empty
2025-07-26 15:47:21,043 - INFO - Experience queue is empty - 
2025-07-26 15:47:22,035 - INFO - Episode queue is empty
2025-07-26 15:47:22,044 - INFO - Experience queue is empty - 
2025-07-26 15:47:23,036 - INFO - Episode queue is empty
2025-07-26 15:47:23,045 - INFO - Experience queue is empty - 
2025-07-26 15:47:24,038 - INFO - Episode queue is empty
2025-07-26 15:47:24,047 - INFO - Experience queue is empty - 
2025-07-26 15:47:25,039 - INFO - Episode queue is empty
2025-07-26 15:47:25,047 - INFO - Experience queue is empty - 
2025-07-26 15:47:26,040 - INFO - Episode queue is empty
2025-07-26 15:47:26,048 - INFO - Experience queue is empty - 
2025-07-26 15:47:27,041 - INFO - Episode queue is empty
2025-07-26 15:47:27,049 - INFO - Experience queue is empty - 
2025-07-26 15:47:27,274 - DEBUG - 2025-04-01 10:00:00:: train train_9 arrive at node Cavalcanti da Prata!!
2025-07-26 15:47:27,275 - DEBUG - 2025-04-01 10:00:00:: Train train_9 received in node Cavalcanti da Prata!
2025-07-26 15:47:27,277 - DEBUG - 2025-04-01 10:00:00:: train train_14 arrive at node Cavalcanti da Prata!!
2025-07-26 15:47:27,277 - DEBUG - 2025-04-01 10:00:00:: Train train_14 received in node Cavalcanti da Prata!
2025-07-26 15:47:27,279 - DEBUG - 2025-04-01 10:00:00:: Train train_4 | Capacidade: 6000.0 | Atividade=ActivityState.QUEUE_TO_ENTER | Carga=LoadState.EMPTY starts process at node Cavalcanti da Prata!
2025-07-26 15:47:27,281 - DEBUG - 2025-04-01 10:00:00:: Train train_4 start load!
2025-07-26 15:47:27,289 - DEBUG - 2025-04-01 16:00:00:: Train train_4 | Capacidade: 6000.0 | Atividade=ActivityState.PROCESSING | Carga=LoadState.LOADING finish load!
2025-07-26 15:47:27,290 - DEBUG - 2025-04-01 16:00:00:: Train train_4 entering on leaving queue!
2025-07-26 15:47:27,292 - DEBUG - 2025-04-01 16:00:00:: Train train_9 | Capacidade: 6000.0 | Atividade=ActivityState.QUEUE_TO_ENTER | Carga=LoadState.EMPTY starts process at node Cavalcanti da Prata!
2025-07-26 15:47:27,293 - DEBUG - 2025-04-01 16:00:00:: Train train_9 start load!
2025-07-26 15:47:27,300 - DEBUG - 2025-04-01 21:00:00:: Train train_4 leaving node Cavalcanti da Prata!
2025-07-26 15:47:27,303 - DEBUG - 2025-04-01 21:19:48:: train train_0 arrive at node Souza!!
2025-07-26 15:47:27,303 - DEBUG - 2025-04-01 21:19:48:: Train train_0 received in node Souza!
2025-07-26 15:47:27,305 - DEBUG - 2025-04-01 21:19:48:: train train_5 arrive at node Souza!!
2025-07-26 15:47:27,305 - DEBUG - 2025-04-01 21:19:48:: Train train_5 received in node Souza!
2025-07-26 15:47:27,307 - DEBUG - 2025-04-01 21:19:48:: train train_10 arrive at node Souza!!
2025-07-26 15:47:27,307 - DEBUG - 2025-04-01 21:19:48:: Train train_10 received in node Souza!
2025-07-26 15:47:27,308 - DEBUG - 2025-04-01 21:19:48:: Train train_0 | Capacidade: 6000.0 | Atividade=ActivityState.QUEUE_TO_ENTER | Carga=LoadState.EMPTY starts process at node Souza!
2025-07-26 15:47:27,310 - DEBUG - 2025-04-01 21:19:48:: Train train_0 start load!
2025-07-26 15:47:27,311 - DEBUG - 2025-04-01 22:00:00:: Train train_9 | Capacidade: 6000.0 | Atividade=ActivityState.PROCESSING | Carga=LoadState.LOADING finish load!
2025-07-26 15:47:27,311 - DEBUG - 2025-04-01 22:00:00:: Train train_9 entering on leaving queue!
2025-07-26 15:47:27,334 - DEBUG - 2025-04-02 03:00:00:: Train train_9 leaving node Cavalcanti da Prata!
2025-07-26 15:47:27,337 - DEBUG - 2025-04-02 03:19:48:: Train train_0 | Capacidade: 6000.0 | Atividade=ActivityState.PROCESSING | Carga=LoadState.LOADING finish load!
2025-07-26 15:47:27,337 - DEBUG - 2025-04-02 03:19:48:: Train train_0 entering on leaving queue!
2025-07-26 15:47:27,339 - DEBUG - 2025-04-02 03:19:48:: Train train_5 | Capacidade: 6000.0 | Atividade=ActivityState.QUEUE_TO_ENTER | Carga=LoadState.EMPTY starts process at node Souza!
2025-07-26 15:47:27,340 - DEBUG - 2025-04-02 03:19:48:: Train train_5 start load!
2025-07-26 15:47:27,348 - DEBUG - 2025-04-02 06:19:12:: train train_2 arrive at node Camargo de Abreu!!
2025-07-26 15:47:27,348 - DEBUG - 2025-04-02 06:19:12:: Train train_2 received in node Camargo de Abreu!
2025-07-26 15:47:27,350 - DEBUG - 2025-04-02 06:19:12:: train train_7 arrive at node Camargo de Abreu!!
2025-07-26 15:47:27,350 - DEBUG - 2025-04-02 06:19:12:: Train train_7 received in node Camargo de Abreu!
2025-07-26 15:47:27,352 - DEBUG - 2025-04-02 06:19:12:: train train_12 arrive at node Camargo de Abreu!!
2025-07-26 15:47:27,352 - DEBUG - 2025-04-02 06:19:12:: Train train_12 received in node Camargo de Abreu!
2025-07-26 15:47:27,353 - DEBUG - 2025-04-02 06:19:12:: Train train_2 | Capacidade: 6000.0 | Atividade=ActivityState.QUEUE_TO_ENTER | Carga=LoadState.EMPTY starts process at node Camargo de Abreu!
2025-07-26 15:47:27,355 - DEBUG - 2025-04-02 06:19:12:: Train train_2 start load!
2025-07-26 15:47:27,364 - DEBUG - 2025-04-02 08:19:48:: Train train_0 leaving node Souza!
2025-07-26 15:47:27,370 - DEBUG - 2025-04-02 09:19:48:: Train train_5 | Capacidade: 6000.0 | Atividade=ActivityState.PROCESSING | Carga=LoadState.LOADING finish load!
2025-07-26 15:47:27,370 - DEBUG - 2025-04-02 09:19:48:: Train train_5 entering on leaving queue!
2025-07-26 15:47:27,372 - DEBUG - 2025-04-02 09:19:48:: Train train_10 | Capacidade: 6000.0 | Atividade=ActivityState.QUEUE_TO_ENTER | Carga=LoadState.EMPTY starts process at node Souza!
2025-07-26 15:47:27,376 - DEBUG - 2025-04-02 09:19:48:: Train train_10 start load!
2025-07-26 15:47:27,389 - DEBUG - 2025-04-02 14:19:48:: Train train_5 leaving node Souza!
2025-07-26 15:47:27,392 - DEBUG - 2025-04-02 15:13:12:: Train train_2 | Capacidade: 6000.0 | Atividade=ActivityState.PROCESSING | Carga=LoadState.LOADING finish load!
2025-07-26 15:47:27,392 - DEBUG - 2025-04-02 15:13:12:: Train train_2 entering on leaving queue!
2025-07-26 15:47:27,395 - DEBUG - 2025-04-02 15:19:48:: Train train_10 | Capacidade: 6000.0 | Atividade=ActivityState.PROCESSING | Carga=LoadState.LOADING finish load!
2025-07-26 15:47:27,395 - DEBUG - 2025-04-02 15:19:48:: Train train_10 entering on leaving queue!
2025-07-26 15:47:27,404 - DEBUG - 2025-04-02 18:19:48:: train train_0 arrive at node Campos da Serra!!
2025-07-26 15:47:27,404 - DEBUG - 2025-04-02 18:19:48:: Train train_0 received in node Campos da Serra!
2025-07-26 15:47:27,406 - DEBUG - 2025-04-02 18:19:48:: Train train_0 | Capacidade: 6000.0 | Atividade=ActivityState.QUEUE_TO_ENTER | Carga=LoadState.LOADED starts process at node Campos da Serra!
2025-07-26 15:47:27,407 - DEBUG - 2025-04-02 18:19:48:: Train unloading!
2025-07-26 15:47:27,413 - DEBUG - 2025-04-02 20:13:12:: Train train_2 leaving node Camargo de Abreu!
2025-07-26 15:47:27,416 - DEBUG - 2025-04-02 20:19:48:: Train train_10 leaving node Souza!
2025-07-26 15:47:27,426 - DEBUG - 2025-04-02 23:19:48:: Train train_0 | Capacidade: 6000.0 | Atividade=ActivityState.QUEUE_TO_LEAVE | Carga=LoadState.EMPTY finish unload!
2025-07-26 15:47:27,427 - DEBUG - 2025-04-02 23:19:48:: Train train_0 entering on leaving queue!
2025-07-26 15:47:27,442 - DEBUG - 2025-04-03 00:19:48:: train train_5 arrive at node Campos da Serra!!
2025-07-26 15:47:27,442 - DEBUG - 2025-04-03 00:19:48:: Train train_5 received in node Campos da Serra!
2025-07-26 15:47:27,444 - DEBUG - 2025-04-03 00:19:48:: Train train_5 | Capacidade: 6000.0 | Atividade=ActivityState.QUEUE_TO_ENTER | Carga=LoadState.LOADED starts process at node Campos da Serra!
2025-07-26 15:47:27,445 - DEBUG - 2025-04-03 00:19:48:: Train unloading!
2025-07-26 15:47:27,455 - DEBUG - 2025-04-03 03:57:00:: train train_3 arrive at node Leão!!
2025-07-26 15:47:27,455 - DEBUG - 2025-04-03 03:57:00:: Train train_3 received in node Leão!
2025-07-26 15:47:27,456 - DEBUG - 2025-04-03 03:57:00:: train train_8 arrive at node Leão!!
2025-07-26 15:47:27,456 - DEBUG - 2025-04-03 03:57:00:: Train train_8 received in node Leão!
2025-07-26 15:47:27,458 - DEBUG - 2025-04-03 03:57:00:: train train_13 arrive at node Leão!!
2025-07-26 15:47:27,458 - DEBUG - 2025-04-03 03:57:00:: Train train_13 received in node Leão!
2025-07-26 15:47:27,463 - DEBUG - 2025-04-03 04:19:48:: Train train_0 leaving node Campos da Serra!
2025-07-26 15:47:27,466 - DEBUG - 2025-04-03 04:19:48:: Train train_0 leaving node Campos da Serra!
2025-07-26 15:47:27,466 - WARNING - Evento já registrado
2025-07-26 15:47:27,466 - WARNING - Evento já registrado
2025-07-26 15:47:27,471 - DEBUG - 2025-04-03 05:19:48:: Train train_5 | Capacidade: 6000.0 | Atividade=ActivityState.QUEUE_TO_LEAVE | Carga=LoadState.EMPTY finish unload!
2025-07-26 15:47:27,473 - DEBUG - 2025-04-03 05:19:48:: Train train_5 entering on leaving queue!
2025-07-26 15:47:27,478 - DEBUG - 2025-04-03 06:19:48:: train train_10 arrive at node Campos da Serra!!
2025-07-26 15:47:27,478 - DEBUG - 2025-04-03 06:19:48:: Train train_10 received in node Campos da Serra!
2025-07-26 15:47:27,480 - DEBUG - 2025-04-03 06:19:48:: Train train_10 | Capacidade: 6000.0 | Atividade=ActivityState.QUEUE_TO_ENTER | Carga=LoadState.LOADED starts process at node Campos da Serra!
2025-07-26 15:47:27,481 - DEBUG - 2025-04-03 06:19:48:: Train unloading!
2025-07-26 15:47:27,496 - DEBUG - 2025-04-03 10:19:48:: Train train_5 leaving node Campos da Serra!
2025-07-26 15:47:27,499 - DEBUG - 2025-04-03 10:19:48:: Train train_5 leaving node Campos da Serra!
2025-07-26 15:47:27,499 - WARNING - Evento já registrado
2025-07-26 15:47:27,499 - WARNING - Evento já registrado
2025-07-26 15:47:27,504 - DEBUG - 2025-04-03 11:19:48:: Train train_10 | Capacidade: 6000.0 | Atividade=ActivityState.QUEUE_TO_LEAVE | Carga=LoadState.EMPTY finish unload!
2025-07-26 15:47:27,506 - DEBUG - 2025-04-03 11:19:48:: Train train_10 entering on leaving queue!
2025-07-26 15:47:27,517 - DEBUG - 2025-04-03 14:19:12:: Train train_7 | Capacidade: 6000.0 | Atividade=ActivityState.QUEUE_TO_ENTER | Carga=LoadState.EMPTY starts process at node Camargo de Abreu!
2025-07-26 15:47:27,518 - DEBUG - 2025-04-03 14:19:12:: Train train_7 start load!
2025-07-26 15:47:27,527 - DEBUG - 2025-04-03 16:19:48:: Train train_10 leaving node Campos da Serra!
2025-07-26 15:47:27,529 - DEBUG - 2025-04-03 16:19:48:: Train train_10 leaving node Campos da Serra!
2025-07-26 15:47:27,529 - WARNING - Evento já registrado
2025-07-26 15:47:27,529 - WARNING - Evento já registrado
2025-07-26 15:47:27,542 - DEBUG - 2025-04-03 19:25:12:: train train_4 arrive at node Ramos do Campo!!
2025-07-26 15:47:27,542 - DEBUG - 2025-04-03 19:25:12:: Train train_4 received in node Ramos do Campo!
2025-07-26 15:47:27,544 - DEBUG - 2025-04-03 19:25:12:: Train train_4 | Capacidade: 6000.0 | Atividade=ActivityState.QUEUE_TO_ENTER | Carga=LoadState.LOADED starts process at node Ramos do Campo!
2025-07-26 15:47:27,545 - DEBUG - 2025-04-03 19:25:12:: Train unloading!
2025-07-26 15:47:27,551 - DEBUG - 2025-04-03 20:30:36:: train train_1 arrive at node Mendes!!
2025-07-26 15:47:27,551 - DEBUG - 2025-04-03 20:30:36:: Train train_1 received in node Mendes!
2025-07-26 15:47:27,553 - DEBUG - 2025-04-03 20:30:36:: train train_6 arrive at node Mendes!!
2025-07-26 15:47:27,553 - DEBUG - 2025-04-03 20:30:36:: Train train_6 received in node Mendes!
2025-07-26 15:47:27,554 - DEBUG - 2025-04-03 20:30:36:: train train_11 arrive at node Mendes!!
2025-07-26 15:47:27,555 - DEBUG - 2025-04-03 20:30:36:: Train train_11 received in node Mendes!
2025-07-26 15:47:27,556 - DEBUG - 2025-04-03 20:30:36:: Train train_1 | Capacidade: 6000.0 | Atividade=ActivityState.QUEUE_TO_ENTER | Carga=LoadState.EMPTY starts process at node Mendes!
2025-07-26 15:47:27,558 - DEBUG - 2025-04-03 20:30:36:: Train train_1 start load!
2025-07-26 15:47:27,570 - DEBUG - 2025-04-03 23:13:12:: Train train_7 | Capacidade: 6000.0 | Atividade=ActivityState.PROCESSING | Carga=LoadState.LOADING finish load!
2025-07-26 15:47:27,571 - DEBUG - 2025-04-03 23:13:12:: Train train_7 entering on leaving queue!
2025-07-26 15:47:27,573 - DEBUG - 2025-04-03 23:25:12:: Train train_4 | Capacidade: 6000.0 | Atividade=ActivityState.QUEUE_TO_LEAVE | Carga=LoadState.EMPTY finish unload!
2025-07-26 15:47:27,575 - DEBUG - 2025-04-03 23:25:12:: Train train_4 entering on leaving queue!
2025-07-26 15:47:27,595 - DEBUG - 2025-04-04 01:25:12:: train train_9 arrive at node Ramos do Campo!!
2025-07-26 15:47:27,596 - DEBUG - 2025-04-04 01:25:12:: Train train_9 received in node Ramos do Campo!
2025-07-26 15:47:27,597 - DEBUG - 2025-04-04 01:25:12:: Train train_9 | Capacidade: 6000.0 | Atividade=ActivityState.QUEUE_TO_ENTER | Carga=LoadState.LOADED starts process at node Ramos do Campo!
2025-07-26 15:47:27,598 - DEBUG - 2025-04-04 01:25:12:: Train unloading!
2025-07-26 15:47:27,609 - DEBUG - 2025-04-04 03:30:36:: Train train_1 | Capacidade: 6000.0 | Atividade=ActivityState.PROCESSING | Carga=LoadState.LOADING finish load!
2025-07-26 15:47:27,609 - DEBUG - 2025-04-04 03:30:36:: Train train_1 entering on leaving queue!
2025-07-26 15:47:27,611 - DEBUG - 2025-04-04 03:30:36:: Train train_6 | Capacidade: 6000.0 | Atividade=ActivityState.QUEUE_TO_ENTER | Carga=LoadState.EMPTY starts process at node Mendes!
2025-07-26 15:47:27,613 - DEBUG - 2025-04-04 03:30:36:: Train train_6 start load!
2025-07-26 15:47:27,616 - DEBUG - 2025-04-04 04:13:12:: Train train_7 leaving node Camargo de Abreu!
2025-07-26 15:47:27,619 - DEBUG - 2025-04-04 04:25:12:: Train train_4 leaving node Ramos do Campo!
2025-07-26 15:47:27,621 - DEBUG - 2025-04-04 04:25:12:: Train train_4 leaving node Ramos do Campo!
2025-07-26 15:47:27,621 - WARNING - Evento já registrado
2025-07-26 15:47:27,622 - WARNING - Evento já registrado
2025-07-26 15:47:27,627 - DEBUG - 2025-04-04 05:25:12:: Train train_9 | Capacidade: 6000.0 | Atividade=ActivityState.QUEUE_TO_LEAVE | Carga=LoadState.EMPTY finish unload!
2025-07-26 15:47:27,629 - DEBUG - 2025-04-04 05:25:12:: Train train_9 entering on leaving queue!
2025-07-26 15:47:27,644 - DEBUG - 2025-04-04 08:30:36:: Train train_1 leaving node Mendes!
2025-07-26 15:47:27,655 - DEBUG - 2025-04-04 10:25:12:: Train train_9 leaving node Ramos do Campo!
2025-07-26 15:47:27,657 - DEBUG - 2025-04-04 10:25:12:: Train train_9 leaving node Ramos do Campo!
2025-07-26 15:47:27,658 - WARNING - Evento já registrado
2025-07-26 15:47:27,658 - WARNING - Evento já registrado
2025-07-26 15:47:27,659 - DEBUG - 2025-04-04 10:30:36:: Train train_6 | Capacidade: 6000.0 | Atividade=ActivityState.PROCESSING | Carga=LoadState.LOADING finish load!
2025-07-26 15:47:27,659 - DEBUG - 2025-04-04 10:30:36:: Train train_6 entering on leaving queue!
2025-07-26 15:47:27,686 - DEBUG - 2025-04-04 15:30:36:: Train train_6 leaving node Mendes!
2025-07-26 15:47:27,786 - DEBUG - 2025-04-05 08:00:00:: Train train_14 | Capacidade: 6000.0 | Atividade=ActivityState.QUEUE_TO_ENTER | Carga=LoadState.EMPTY starts process at node Cavalcanti da Prata!
2025-07-26 15:47:27,791 - DEBUG - 2025-04-05 08:00:00:: Train train_14 start load!
2025-07-26 15:47:27,792 - DEBUG - 2025-04-05 08:16:48:: train train_0 arrive at node Leão!!
2025-07-26 15:47:27,793 - DEBUG - 2025-04-05 08:16:48:: Train train_0 received in node Leão!
2025-07-26 15:47:27,818 - DEBUG - 2025-04-05 14:00:00:: Train train_14 | Capacidade: 6000.0 | Atividade=ActivityState.PROCESSING | Carga=LoadState.LOADING finish load!
2025-07-26 15:47:27,819 - DEBUG - 2025-04-05 14:00:00:: Train train_14 entering on leaving queue!
2025-07-26 15:47:27,821 - DEBUG - 2025-04-05 14:16:48:: train train_5 arrive at node Leão!!
2025-07-26 15:47:27,821 - DEBUG - 2025-04-05 14:16:48:: Train train_5 received in node Leão!
2025-07-26 15:47:27,845 - DEBUG - 2025-04-05 19:00:00:: Train train_14 leaving node Cavalcanti da Prata!
2025-07-26 15:47:27,851 - DEBUG - 2025-04-05 20:16:48:: train train_10 arrive at node Leão!!
2025-07-26 15:47:27,851 - DEBUG - 2025-04-05 20:16:48:: Train train_10 received in node Leão!
2025-07-26 15:47:27,923 - DEBUG - 2025-04-06 08:22:12:: train train_4 arrive at node Leão!!
2025-07-26 15:47:27,923 - DEBUG - 2025-04-06 08:22:12:: Train train_4 received in node Leão!
2025-07-26 15:47:27,929 - DEBUG - 2025-04-06 09:19:12:: train train_2 arrive at node Ferreira de Pereira!!
2025-07-26 15:47:27,929 - DEBUG - 2025-04-06 09:19:12:: Train train_2 received in node Ferreira de Pereira!
2025-07-26 15:47:27,932 - DEBUG - 2025-04-06 09:19:12:: Train train_2 | Capacidade: 6000.0 | Atividade=ActivityState.QUEUE_TO_ENTER | Carga=LoadState.LOADED starts process at node Ferreira de Pereira!
2025-07-26 15:47:27,933 - DEBUG - 2025-04-06 09:19:12:: Train unloading!
2025-07-26 15:47:27,959 - DEBUG - 2025-04-06 14:22:12:: train train_9 arrive at node Leão!!
2025-07-26 15:47:27,960 - DEBUG - 2025-04-06 14:22:12:: Train train_9 received in node Leão!
2025-07-26 15:47:28,022 - DEBUG - 2025-04-07 00:19:12:: Train train_2 | Capacidade: 6000.0 | Atividade=ActivityState.QUEUE_TO_LEAVE | Carga=LoadState.EMPTY finish unload!
2025-07-26 15:47:28,025 - DEBUG - 2025-04-07 00:19:12:: Train train_2 entering on leaving queue!
2025-07-26 15:47:28,042 - INFO - Episode queue is empty
2025-07-26 15:47:28,051 - DEBUG - 2025-04-07 05:19:12:: Train train_2 leaving node Ferreira de Pereira!
2025-07-26 15:47:28,054 - DEBUG - 2025-04-07 05:19:12:: Train train_2 leaving node Ferreira de Pereira!
2025-07-26 15:47:28,054 - WARNING - Evento já registrado
2025-07-26 15:47:28,054 - WARNING - Evento já registrado
2025-07-26 15:47:28,066 - DEBUG - 2025-04-07 07:19:12:: Train train_12 | Capacidade: 6000.0 | Atividade=ActivityState.QUEUE_TO_ENTER | Carga=LoadState.EMPTY starts process at node Camargo de Abreu!
2025-07-26 15:47:28,071 - DEBUG - 2025-04-07 07:19:12:: Train train_12 start load!
2025-07-26 15:47:28,073 - DEBUG - 2025-04-07 07:22:12:: Train train_3 | Capacidade: 6000.0 | Atividade=ActivityState.QUEUE_TO_ENTER | Carga=LoadState.EMPTY starts process at node Leão!
2025-07-26 15:47:28,074 - DEBUG - 2025-04-07 07:22:12:: Train train_3 start load!
2025-07-26 15:47:28,114 - DEBUG - 2025-04-07 16:13:12:: Train train_12 | Capacidade: 6000.0 | Atividade=ActivityState.PROCESSING | Carga=LoadState.LOADING finish load!
2025-07-26 15:47:28,115 - DEBUG - 2025-04-07 16:13:12:: Train train_12 entering on leaving queue!
2025-07-26 15:47:28,123 - DEBUG - 2025-04-07 17:19:12:: train train_7 arrive at node Ferreira de Pereira!!
2025-07-26 15:47:28,123 - DEBUG - 2025-04-07 17:19:12:: Train train_7 received in node Ferreira de Pereira!
2025-07-26 15:47:28,125 - DEBUG - 2025-04-07 17:19:12:: Train train_7 | Capacidade: 6000.0 | Atividade=ActivityState.QUEUE_TO_ENTER | Carga=LoadState.LOADED starts process at node Ferreira de Pereira!
2025-07-26 15:47:28,126 - DEBUG - 2025-04-07 17:19:12:: Train unloading!
2025-07-26 15:47:28,129 - DEBUG - 2025-04-07 17:25:12:: train train_14 arrive at node Ramos do Campo!!
2025-07-26 15:47:28,129 - DEBUG - 2025-04-07 17:25:12:: Train train_14 received in node Ramos do Campo!
2025-07-26 15:47:28,131 - DEBUG - 2025-04-07 17:25:12:: Train train_14 | Capacidade: 6000.0 | Atividade=ActivityState.QUEUE_TO_ENTER | Carga=LoadState.LOADED starts process at node Ramos do Campo!
2025-07-26 15:47:28,132 - DEBUG - 2025-04-07 17:25:12:: Train unloading!
2025-07-26 15:47:28,149 - DEBUG - 2025-04-07 21:13:12:: Train train_12 leaving node Camargo de Abreu!
2025-07-26 15:47:28,154 - DEBUG - 2025-04-07 21:25:12:: Train train_14 | Capacidade: 6000.0 | Atividade=ActivityState.QUEUE_TO_LEAVE | Carga=LoadState.EMPTY finish unload!
2025-07-26 15:47:28,155 - DEBUG - 2025-04-07 21:25:12:: Train train_14 entering on leaving queue!
2025-07-26 15:47:28,185 - DEBUG - 2025-04-08 01:22:12:: Train train_3 | Capacidade: 6000.0 | Atividade=ActivityState.PROCESSING | Carga=LoadState.LOADING finish load!
2025-07-26 15:47:28,185 - DEBUG - 2025-04-08 01:22:12:: Train train_3 entering on leaving queue!
2025-07-26 15:47:28,187 - DEBUG - 2025-04-08 01:22:12:: Train train_8 | Capacidade: 6000.0 | Atividade=ActivityState.QUEUE_TO_ENTER | Carga=LoadState.EMPTY starts process at node Leão!
2025-07-26 15:47:28,188 - DEBUG - 2025-04-08 01:22:12:: Train train_8 start load!
2025-07-26 15:47:28,194 - DEBUG - 2025-04-08 02:25:12:: Train train_14 leaving node Ramos do Campo!
2025-07-26 15:47:28,196 - DEBUG - 2025-04-08 02:25:12:: Train train_14 leaving node Ramos do Campo!
2025-07-26 15:47:28,197 - WARNING - Evento já registrado
2025-07-26 15:47:28,197 - WARNING - Evento já registrado
2025-07-26 15:47:28,214 - DEBUG - 2025-04-08 06:22:12:: Train train_3 leaving node Leão!
2025-07-26 15:47:28,225 - DEBUG - 2025-04-08 08:19:12:: Train train_7 | Capacidade: 6000.0 | Atividade=ActivityState.QUEUE_TO_LEAVE | Carga=LoadState.EMPTY finish unload!
2025-07-26 15:47:28,227 - DEBUG - 2025-04-08 08:19:12:: Train train_7 entering on leaving queue!
2025-07-26 15:47:28,243 - DEBUG - 2025-04-08 11:57:00:: train train_1 arrive at node Santos!!
2025-07-26 15:47:28,243 - DEBUG - 2025-04-08 11:57:00:: Train train_1 received in node Santos!
2025-07-26 15:47:28,246 - DEBUG - 2025-04-08 11:57:00:: Train train_1 | Capacidade: 6000.0 | Atividade=ActivityState.QUEUE_TO_ENTER | Carga=LoadState.LOADED starts process at node Santos!
2025-07-26 15:47:28,248 - DEBUG - 2025-04-08 11:57:00:: Train unloading!
2025-07-26 15:47:28,255 - DEBUG - 2025-04-08 13:19:12:: Train train_7 leaving node Ferreira de Pereira!
2025-07-26 15:47:28,257 - DEBUG - 2025-04-08 13:19:12:: Train train_7 leaving node Ferreira de Pereira!
2025-07-26 15:47:28,257 - WARNING - Evento já registrado
2025-07-26 15:47:28,258 - WARNING - Evento já registrado
2025-07-26 15:47:28,283 - DEBUG - 2025-04-08 18:57:00:: train train_6 arrive at node Santos!!
2025-07-26 15:47:28,283 - DEBUG - 2025-04-08 18:57:00:: Train train_6 received in node Santos!
2025-07-26 15:47:28,288 - DEBUG - 2025-04-08 19:22:12:: Train train_8 | Capacidade: 6000.0 | Atividade=ActivityState.PROCESSING | Carga=LoadState.LOADING finish load!
2025-07-26 15:47:28,288 - DEBUG - 2025-04-08 19:22:12:: Train train_8 entering on leaving queue!
2025-07-26 15:47:28,301 - DEBUG - 2025-04-08 21:31:48:: train train_3 arrive at node Caldeira Alegre!!
2025-07-26 15:47:28,302 - DEBUG - 2025-04-08 21:31:48:: Train train_3 received in node Caldeira Alegre!
2025-07-26 15:47:28,303 - DEBUG - 2025-04-08 21:31:48:: Train train_3 | Capacidade: 6000.0 | Atividade=ActivityState.QUEUE_TO_ENTER | Carga=LoadState.LOADED starts process at node Caldeira Alegre!
2025-07-26 15:47:28,305 - DEBUG - 2025-04-08 21:31:48:: Train unloading!
2025-07-26 15:47:28,307 - DEBUG - 2025-04-08 21:57:00:: Train train_1 | Capacidade: 6000.0 | Atividade=ActivityState.QUEUE_TO_LEAVE | Carga=LoadState.EMPTY finish unload!
2025-07-26 15:47:28,310 - DEBUG - 2025-04-08 21:57:00:: Train train_1 entering on leaving queue!
2025-07-26 15:47:28,316 - DEBUG - 2025-04-08 22:57:00:: Train train_6 | Capacidade: 6000.0 | Atividade=ActivityState.QUEUE_TO_ENTER | Carga=LoadState.LOADED starts process at node Santos!
2025-07-26 15:47:28,317 - DEBUG - 2025-04-08 22:57:00:: Train unloading!
2025-07-26 15:47:28,337 - DEBUG - 2025-04-09 00:22:12:: Train train_8 leaving node Leão!
2025-07-26 15:47:28,350 - DEBUG - 2025-04-09 02:57:00:: Train train_1 leaving node Santos!
2025-07-26 15:47:28,352 - DEBUG - 2025-04-09 02:57:00:: Train train_1 leaving node Santos!
2025-07-26 15:47:28,352 - WARNING - Evento já registrado
2025-07-26 15:47:28,352 - WARNING - Evento já registrado
2025-07-26 15:47:28,381 - DEBUG - 2025-04-09 08:57:00:: Train train_6 | Capacidade: 6000.0 | Atividade=ActivityState.QUEUE_TO_LEAVE | Carga=LoadState.EMPTY finish unload!
2025-07-26 15:47:28,385 - DEBUG - 2025-04-09 08:57:00:: Train train_6 entering on leaving queue!
2025-07-26 15:47:28,386 - DEBUG - 2025-04-09 09:16:12:: train train_2 arrive at node Leão!!
2025-07-26 15:47:28,387 - DEBUG - 2025-04-09 09:16:12:: Train train_2 received in node Leão!
2025-07-26 15:47:28,401 - DEBUG - 2025-04-09 11:30:36:: Train train_11 | Capacidade: 6000.0 | Atividade=ActivityState.QUEUE_TO_ENTER | Carga=LoadState.EMPTY starts process at node Mendes!
2025-07-26 15:47:28,405 - DEBUG - 2025-04-09 11:30:36:: Train train_11 start load!
2025-07-26 15:47:28,415 - DEBUG - 2025-04-09 13:57:00:: Train train_6 leaving node Santos!
2025-07-26 15:47:28,417 - DEBUG - 2025-04-09 13:57:00:: Train train_6 leaving node Santos!
2025-07-26 15:47:28,417 - WARNING - Evento já registrado
2025-07-26 15:47:28,417 - WARNING - Evento já registrado
2025-07-26 15:47:28,426 - DEBUG - 2025-04-09 15:31:48:: train train_8 arrive at node Caldeira Alegre!!
2025-07-26 15:47:28,426 - DEBUG - 2025-04-09 15:31:48:: Train train_8 received in node Caldeira Alegre!
2025-07-26 15:47:28,440 - DEBUG - 2025-04-09 18:30:36:: Train train_11 | Capacidade: 6000.0 | Atividade=ActivityState.PROCESSING | Carga=LoadState.LOADING finish load!
2025-07-26 15:47:28,440 - DEBUG - 2025-04-09 18:30:36:: Train train_11 entering on leaving queue!
2025-07-26 15:47:28,461 - DEBUG - 2025-04-09 23:30:36:: Train train_11 leaving node Mendes!
2025-07-26 15:47:28,491 - DEBUG - 2025-04-10 03:31:48:: Train train_3 | Capacidade: 6000.0 | Atividade=ActivityState.QUEUE_TO_LEAVE | Carga=LoadState.EMPTY finish unload!
2025-07-26 15:47:28,493 - DEBUG - 2025-04-10 03:31:48:: Train train_3 entering on leaving queue!
2025-07-26 15:47:28,499 - DEBUG - 2025-04-10 04:31:48:: Train train_8 | Capacidade: 6000.0 | Atividade=ActivityState.QUEUE_TO_ENTER | Carga=LoadState.LOADED starts process at node Caldeira Alegre!
2025-07-26 15:47:28,501 - DEBUG - 2025-04-10 04:31:48:: Train unloading!
2025-07-26 15:47:28,510 - DEBUG - 2025-04-10 06:22:12:: train train_14 arrive at node Leão!!
2025-07-26 15:47:28,510 - DEBUG - 2025-04-10 06:22:12:: Train train_14 received in node Leão!
2025-07-26 15:47:28,521 - DEBUG - 2025-04-10 08:31:48:: Train train_3 leaving node Caldeira Alegre!
2025-07-26 15:47:28,524 - DEBUG - 2025-04-10 08:31:48:: Train train_3 leaving node Caldeira Alegre!
2025-07-26 15:47:28,524 - WARNING - Evento já registrado
2025-07-26 15:47:28,524 - WARNING - Evento já registrado
2025-07-26 15:47:28,562 - DEBUG - 2025-04-10 17:16:12:: train train_7 arrive at node Leão!!
2025-07-26 15:47:28,562 - DEBUG - 2025-04-10 17:16:12:: Train train_7 received in node Leão!
2025-07-26 15:47:28,640 - DEBUG - 2025-04-11 06:54:00:: train train_1 arrive at node Leão!!
2025-07-26 15:47:28,641 - DEBUG - 2025-04-11 06:54:00:: Train train_1 received in node Leão!
2025-07-26 15:47:28,661 - DEBUG - 2025-04-11 10:19:12:: train train_12 arrive at node Ferreira de Pereira!!
2025-07-26 15:47:28,661 - DEBUG - 2025-04-11 10:19:12:: Train train_12 received in node Ferreira de Pereira!
2025-07-26 15:47:28,663 - DEBUG - 2025-04-11 10:19:12:: Train train_12 | Capacidade: 6000.0 | Atividade=ActivityState.QUEUE_TO_ENTER | Carga=LoadState.LOADED starts process at node Ferreira de Pereira!
2025-07-26 15:47:28,664 - DEBUG - 2025-04-11 10:19:12:: Train unloading!
2025-07-26 15:47:28,667 - DEBUG - 2025-04-11 10:31:48:: Train train_8 | Capacidade: 6000.0 | Atividade=ActivityState.QUEUE_TO_LEAVE | Carga=LoadState.EMPTY finish unload!
2025-07-26 15:47:28,669 - DEBUG - 2025-04-11 10:31:48:: Train train_8 entering on leaving queue!
2025-07-26 15:47:28,694 - DEBUG - 2025-04-11 15:31:48:: Train train_8 leaving node Caldeira Alegre!
2025-07-26 15:47:28,697 - DEBUG - 2025-04-11 15:31:48:: Train train_8 leaving node Caldeira Alegre!
2025-07-26 15:47:28,697 - WARNING - Evento já registrado
2025-07-26 15:47:28,697 - WARNING - Evento já registrado
2025-07-26 15:47:28,708 - DEBUG - 2025-04-11 17:54:00:: train train_6 arrive at node Leão!!
2025-07-26 15:47:28,709 - DEBUG - 2025-04-11 17:54:00:: Train train_6 received in node Leão!
2025-07-26 15:47:28,764 - DEBUG - 2025-04-12 01:19:12:: Train train_12 | Capacidade: 6000.0 | Atividade=ActivityState.QUEUE_TO_LEAVE | Carga=LoadState.EMPTY finish unload!
2025-07-26 15:47:28,766 - DEBUG - 2025-04-12 01:19:12:: Train train_12 entering on leaving queue!
2025-07-26 15:47:28,794 - DEBUG - 2025-04-12 06:19:12:: Train train_12 leaving node Ferreira de Pereira!
2025-07-26 15:47:28,796 - DEBUG - 2025-04-12 06:19:12:: Train train_12 leaving node Ferreira de Pereira!
2025-07-26 15:47:28,796 - WARNING - Evento já registrado
2025-07-26 15:47:28,796 - WARNING - Evento já registrado
2025-07-26 15:47:28,833 - DEBUG - 2025-04-12 12:28:48:: train train_3 arrive at node Leão!!
2025-07-26 15:47:28,834 - DEBUG - 2025-04-12 12:28:48:: Train train_3 received in node Leão!
2025-07-26 15:47:29,028 - DEBUG - 2025-04-13 19:28:48:: train train_8 arrive at node Leão!!
2025-07-26 15:47:29,029 - DEBUG - 2025-04-13 19:28:48:: Train train_8 received in node Leão!
2025-07-26 15:47:29,043 - INFO - Episode queue is empty
2025-07-26 15:47:29,906 - INFO - Experience queue is empty - 
2025-07-26 15:47:30,044 - INFO - Episode queue is empty
2025-07-26 15:47:30,907 - INFO - Experience queue is empty - 
2025-07-26 15:47:31,045 - INFO - Episode queue is empty
2025-07-26 15:47:31,908 - INFO - Experience queue is empty - 
2025-07-26 15:47:32,046 - INFO - Episode queue is empty
2025-07-26 15:47:32,909 - INFO - Experience queue is empty - 
2025-07-26 15:47:33,048 - INFO - Episode queue is empty
2025-07-26 15:47:33,910 - INFO - Experience queue is empty - 
2025-07-26 15:47:34,049 - INFO - Episode queue is empty
2025-07-26 15:47:34,911 - INFO - Experience queue is empty - 
2025-07-26 15:47:35,050 - INFO - Episode queue is empty
2025-07-26 15:47:35,912 - INFO - Experience queue is empty - 
2025-07-26 15:47:36,051 - INFO - Episode queue is empty
2025-07-26 15:47:36,913 - INFO - Experience queue is empty - 
2025-07-26 15:47:37,052 - INFO - Episode queue is empty
2025-07-26 15:47:37,915 - INFO - Experience queue is empty - 
2025-07-26 15:47:38,054 - INFO - Episode queue is empty
2025-07-26 15:47:38,916 - INFO - Experience queue is empty - 
2025-07-26 15:47:39,055 - INFO - Episode queue is empty
2025-07-26 15:47:39,917 - INFO - Experience queue is empty - 
2025-07-26 15:47:40,056 - INFO - Episode queue is empty
2025-07-26 15:47:40,919 - INFO - Experience queue is empty - 
2025-07-26 15:47:41,058 - INFO - Episode queue is empty
2025-07-26 15:47:41,920 - INFO - Experience queue is empty - 
2025-07-26 15:47:42,060 - INFO - Episode queue is empty
2025-07-26 15:47:42,922 - INFO - Experience queue is empty - 
2025-07-26 15:47:43,061 - INFO - Episode queue is empty
2025-07-26 15:47:43,924 - INFO - Experience queue is empty - 
2025-07-26 15:47:44,063 - INFO - Episode queue is empty
2025-07-26 15:47:44,925 - INFO - Experience queue is empty - 
2025-07-26 15:47:45,064 - INFO - Episode queue is empty
2025-07-26 15:47:45,927 - INFO - Experience queue is empty - 
2025-07-26 15:47:46,065 - INFO - Episode queue is empty
2025-07-26 15:47:46,928 - INFO - Experience queue is empty - 
2025-07-26 15:47:47,067 - INFO - Episode queue is empty
2025-07-26 15:47:47,930 - INFO - Experience queue is empty - 
2025-07-26 15:47:48,068 - INFO - Episode queue is empty
2025-07-26 15:47:48,931 - INFO - Experience queue is empty - 
2025-07-26 15:47:49,070 - INFO - Episode queue is empty
2025-07-26 15:47:49,932 - INFO - Experience queue is empty - 
2025-07-26 15:47:50,071 - INFO - Episode queue is empty
2025-07-26 15:47:50,933 - INFO - Experience queue is empty - 
2025-07-26 15:47:51,072 - INFO - Episode queue is empty
2025-07-26 15:47:51,934 - INFO - Experience queue is empty - 
2025-07-26 15:47:52,074 - INFO - Episode queue is empty
2025-07-26 15:47:52,936 - INFO - Experience queue is empty - 
2025-07-26 15:47:53,075 - INFO - Episode queue is empty
2025-07-26 15:47:54,076 - INFO - Episode queue is empty
2025-07-26 15:47:54,384 - INFO - Experience queue is empty - 
2025-07-26 15:47:55,077 - INFO - Episode queue is empty
2025-07-26 15:47:55,386 - INFO - Experience queue is empty - 
2025-07-26 15:47:56,079 - INFO - Episode queue is empty
2025-07-26 15:47:56,387 - INFO - Experience queue is empty - 
2025-07-26 15:47:57,080 - INFO - Episode queue is empty
2025-07-26 15:47:57,388 - INFO - Experience queue is empty - 
2025-07-26 15:47:58,081 - INFO - Episode queue is empty
2025-07-26 15:47:58,389 - INFO - Experience queue is empty - 
2025-07-26 15:47:59,081 - INFO - Episode queue is empty
2025-07-26 15:47:59,390 - INFO - Experience queue is empty - 
2025-07-26 15:48:00,082 - INFO - Episode queue is empty
2025-07-26 15:48:00,391 - INFO - Experience queue is empty - 
2025-07-26 15:48:01,082 - INFO - Episode queue is empty
2025-07-26 15:48:01,392 - INFO - Experience queue is empty - 
2025-07-26 15:48:02,083 - INFO - Episode queue is empty
2025-07-26 15:48:02,394 - INFO - Experience queue is empty - 
2025-07-26 15:48:03,084 - INFO - Episode queue is empty
2025-07-26 15:48:03,395 - INFO - Experience queue is empty - 
2025-07-26 15:48:04,085 - INFO - Episode queue is empty
2025-07-26 15:48:04,397 - INFO - Experience queue is empty - 
2025-07-26 15:48:05,086 - INFO - Episode queue is empty
2025-07-26 15:48:05,398 - INFO - Experience queue is empty - 
2025-07-26 15:48:06,086 - INFO - Episode queue is empty
2025-07-26 15:48:06,400 - INFO - Experience queue is empty - 
2025-07-26 15:48:07,087 - INFO - Episode queue is empty
2025-07-26 15:48:07,401 - INFO - Experience queue is empty - 
2025-07-26 15:48:08,089 - INFO - Episode queue is empty
2025-07-26 15:48:08,402 - INFO - Experience queue is empty - 
2025-07-26 15:48:09,089 - INFO - Episode queue is empty
2025-07-26 15:48:09,403 - INFO - Experience queue is empty - 
2025-07-26 15:48:10,090 - INFO - Episode queue is empty
2025-07-26 15:48:10,405 - INFO - Experience queue is empty - 
2025-07-26 15:48:11,092 - INFO - Episode queue is empty
2025-07-26 15:48:11,406 - INFO - Experience queue is empty - 
2025-07-26 15:48:12,093 - INFO - Episode queue is empty
2025-07-26 15:48:12,408 - INFO - Experience queue is empty - 
2025-07-26 15:48:13,094 - INFO - Episode queue is empty
2025-07-26 15:48:13,409 - INFO - Experience queue is empty - 
2025-07-26 15:48:14,096 - INFO - Episode queue is empty
2025-07-26 15:48:14,411 - INFO - Experience queue is empty - 
2025-07-26 15:48:15,098 - INFO - Episode queue is empty
2025-07-26 15:48:15,413 - INFO - Experience queue is empty - 
2025-07-26 15:48:16,099 - INFO - Episode queue is empty
2025-07-26 15:48:16,414 - INFO - Experience queue is empty - 
2025-07-26 15:48:17,100 - INFO - Episode queue is empty
2025-07-26 15:48:17,416 - INFO - Experience queue is empty - 
2025-07-26 15:48:18,101 - INFO - Episode queue is empty
2025-07-26 15:48:18,416 - INFO - Experience queue is empty - 
2025-07-26 15:48:19,102 - INFO - Episode queue is empty
2025-07-26 15:48:19,418 - INFO - Experience queue is empty - 
2025-07-26 15:48:20,104 - INFO - Episode queue is empty
2025-07-26 15:48:20,419 - INFO - Experience queue is empty - 
2025-07-26 15:48:21,105 - INFO - Episode queue is empty
2025-07-26 15:48:21,421 - INFO - Experience queue is empty - 
2025-07-26 15:48:22,106 - INFO - Episode queue is empty
2025-07-26 15:48:22,423 - INFO - Experience queue is empty - 
2025-07-26 15:48:23,107 - INFO - Episode queue is empty
2025-07-26 15:48:23,424 - INFO - Experience queue is empty - 
2025-07-26 15:48:24,108 - INFO - Episode queue is empty
2025-07-26 15:48:24,426 - INFO - Experience queue is empty - 
2025-07-26 15:48:25,109 - INFO - Episode queue is empty
2025-07-26 15:48:25,427 - INFO - Experience queue is empty - 
2025-07-26 15:48:26,111 - INFO - Episode queue is empty
2025-07-26 15:48:26,430 - INFO - Experience queue is empty - 
2025-07-26 15:48:27,112 - INFO - Episode queue is empty
2025-07-26 15:48:27,431 - INFO - Experience queue is empty - 
2025-07-26 15:48:27,598 - DEBUG - 2025-04-14 02:57:00:: train train_11 arrive at node Santos!!
2025-07-26 15:48:27,598 - DEBUG - 2025-04-14 02:57:00:: Train train_11 received in node Santos!
2025-07-26 15:48:27,602 - DEBUG - 2025-04-14 02:57:00:: Train train_11 | Capacidade: 6000.0 | Atividade=ActivityState.QUEUE_TO_ENTER | Carga=LoadState.LOADED starts process at node Santos!
2025-07-26 15:48:27,603 - DEBUG - 2025-04-14 02:57:00:: Train unloading!
2025-07-26 15:48:27,652 - DEBUG - 2025-04-14 10:16:12:: train train_12 arrive at node Leão!!
2025-07-26 15:48:27,652 - DEBUG - 2025-04-14 10:16:12:: Train train_12 received in node Leão!
2025-07-26 15:48:27,675 - DEBUG - 2025-04-14 12:57:00:: Train train_11 | Capacidade: 6000.0 | Atividade=ActivityState.QUEUE_TO_LEAVE | Carga=LoadState.EMPTY finish unload!
2025-07-26 15:48:27,678 - DEBUG - 2025-04-14 12:57:00:: Train train_11 entering on leaving queue!
2025-07-26 15:48:27,713 - DEBUG - 2025-04-14 17:57:00:: Train train_11 leaving node Santos!
2025-07-26 15:48:27,715 - DEBUG - 2025-04-14 17:57:00:: Train train_11 leaving node Santos!
2025-07-26 15:48:27,715 - WARNING - Evento já registrado
2025-07-26 15:48:27,715 - WARNING - Evento já registrado
2025-07-26 15:48:28,113 - INFO - Episode queue is empty
2025-07-26 15:48:28,122 - DEBUG - 2025-04-16 21:54:00:: train train_11 arrive at node Leão!!
2025-07-26 15:48:28,122 - DEBUG - 2025-04-16 21:54:00:: Train train_11 received in node Leão!
2025-07-26 15:48:29,114 - INFO - Episode queue is empty
2025-07-26 15:48:29,125 - INFO - Experience queue is empty - 
2025-07-26 15:48:29,176 - DEBUG - 2025-04-22 07:22:12:: Train train_13 | Capacidade: 6000.0 | Atividade=ActivityState.QUEUE_TO_ENTER | Carga=LoadState.EMPTY starts process at node Leão!
2025-07-26 15:48:29,177 - DEBUG - 2025-04-22 07:22:12:: Train train_13 start load!
2025-07-26 15:48:29,328 - DEBUG - 2025-04-23 01:22:12:: Train train_13 | Capacidade: 6000.0 | Atividade=ActivityState.PROCESSING | Carga=LoadState.LOADING finish load!
2025-07-26 15:48:29,329 - DEBUG - 2025-04-23 01:22:12:: Train train_13 entering on leaving queue!
2025-07-26 15:48:29,331 - DEBUG - 2025-04-23 01:22:12:: Train train_0 | Capacidade: 6000.0 | Atividade=ActivityState.QUEUE_TO_ENTER | Carga=LoadState.EMPTY starts process at node Leão!
2025-07-26 15:48:29,333 - DEBUG - 2025-04-23 01:22:12:: Train train_0 start load!
2025-07-26 15:48:29,371 - DEBUG - 2025-04-23 06:22:12:: Train train_13 leaving node Leão!
2025-07-26 15:48:29,474 - DEBUG - 2025-04-23 19:22:12:: Train train_0 | Capacidade: 6000.0 | Atividade=ActivityState.PROCESSING | Carga=LoadState.LOADING finish load!
2025-07-26 15:48:29,474 - DEBUG - 2025-04-23 19:22:12:: Train train_0 entering on leaving queue!
2025-07-26 15:48:29,495 - DEBUG - 2025-04-23 21:31:48:: train train_13 arrive at node Caldeira Alegre!!
2025-07-26 15:48:29,495 - DEBUG - 2025-04-23 21:31:48:: Train train_13 received in node Caldeira Alegre!
2025-07-26 15:48:29,497 - DEBUG - 2025-04-23 21:31:48:: Train train_13 | Capacidade: 6000.0 | Atividade=ActivityState.QUEUE_TO_ENTER | Carga=LoadState.LOADED starts process at node Caldeira Alegre!
2025-07-26 15:48:29,498 - DEBUG - 2025-04-23 21:31:48:: Train unloading!
2025-07-26 15:48:29,534 - DEBUG - 2025-04-24 00:22:12:: Train train_0 leaving node Leão!
2025-07-26 15:48:29,658 - DEBUG - 2025-04-24 15:31:48:: train train_0 arrive at node Caldeira Alegre!!
2025-07-26 15:48:29,658 - DEBUG - 2025-04-24 15:31:48:: Train train_0 received in node Caldeira Alegre!
2025-07-26 15:48:29,767 - DEBUG - 2025-04-25 03:31:48:: Train train_13 | Capacidade: 6000.0 | Atividade=ActivityState.QUEUE_TO_LEAVE | Carga=LoadState.EMPTY finish unload!
2025-07-26 15:48:29,769 - DEBUG - 2025-04-25 03:31:48:: Train train_13 entering on leaving queue!
2025-07-26 15:48:29,778 - DEBUG - 2025-04-25 04:31:48:: Train train_0 | Capacidade: 6000.0 | Atividade=ActivityState.QUEUE_TO_ENTER | Carga=LoadState.LOADED starts process at node Caldeira Alegre!
2025-07-26 15:48:29,780 - DEBUG - 2025-04-25 04:31:48:: Train unloading!
2025-07-26 15:48:29,812 - DEBUG - 2025-04-25 08:31:48:: Train train_13 leaving node Caldeira Alegre!
2025-07-26 15:48:29,814 - DEBUG - 2025-04-25 08:31:48:: Train train_13 leaving node Caldeira Alegre!
2025-07-26 15:48:29,814 - WARNING - Evento já registrado
2025-07-26 15:48:29,814 - WARNING - Evento já registrado
2025-07-26 15:48:30,043 - DEBUG - 2025-04-26 10:31:48:: Train train_0 | Capacidade: 6000.0 | Atividade=ActivityState.QUEUE_TO_LEAVE | Carga=LoadState.EMPTY finish unload!
2025-07-26 15:48:30,045 - DEBUG - 2025-04-26 10:31:48:: Train train_0 entering on leaving queue!
2025-07-26 15:48:30,087 - DEBUG - 2025-04-26 15:31:48:: Train train_0 leaving node Caldeira Alegre!
2025-07-26 15:48:30,089 - DEBUG - 2025-04-26 15:31:48:: Train train_0 leaving node Caldeira Alegre!
2025-07-26 15:48:30,090 - WARNING - Evento já registrado
2025-07-26 15:48:30,090 - WARNING - Evento já registrado
2025-07-26 15:48:30,114 - INFO - Episode queue is empty
2025-07-26 15:48:30,282 - DEBUG - 2025-04-27 12:28:48:: train train_13 arrive at node Leão!!
2025-07-26 15:48:30,283 - DEBUG - 2025-04-27 12:28:48:: Train train_13 received in node Leão!
2025-07-26 15:48:30,568 - DEBUG - 2025-04-28 19:28:48:: train train_0 arrive at node Leão!!
2025-07-26 15:48:30,568 - DEBUG - 2025-04-28 19:28:48:: Train train_0 received in node Leão!
2025-07-26 15:48:31,062 - DEBUG - Finish simulation
2025-07-26 15:48:31,071 - INFO - Trainamento do processo 46833 finalizado!
2025-07-26 15:48:31,073 - CRITICAL - Log 0 - Episode 0 - PID: 46833 - Volume: 96000.0 - Demanda: 300000.0 - epsilon: 0.026982998299340272
2025-07-26 15:48:31,571 - INFO - Experience queue is empty - 
2025-07-26 15:48:32,074 - INFO - Episode queue is empty
2025-07-26 15:48:33,075 - INFO - Episode queue is empty
2025-07-26 15:48:34,077 - INFO - Episode queue is empty
2025-07-26 15:48:35,078 - INFO - Episode queue is empty
2025-07-26 15:48:36,079 - INFO - Episode queue is empty
2025-07-26 15:48:37,080 - INFO - Episode queue is empty
2025-07-26 15:48:38,081 - INFO - Episode queue is empty
2025-07-26 15:48:39,081 - INFO - Episode queue is empty
2025-07-26 15:48:40,083 - INFO - Episode queue is empty
2025-07-26 15:48:41,084 - INFO - Episode queue is empty
2025-07-26 15:48:42,085 - INFO - Episode queue is empty
2025-07-26 15:48:43,086 - INFO - Episode queue is empty
2025-07-26 15:48:44,088 - INFO - Episode queue is empty
2025-07-26 15:48:45,089 - INFO - Episode queue is empty
2025-07-26 15:48:46,091 - INFO - Episode queue is empty
2025-07-26 15:48:47,092 - INFO - Episode queue is empty
2025-07-26 15:48:48,094 - INFO - Episode queue is empty
2025-07-26 15:48:49,095 - INFO - Episode queue is empty
2025-07-26 15:48:50,097 - INFO - Episode queue is empty
2025-07-26 15:48:51,098 - INFO - Episode queue is empty
2025-07-26 15:48:52,100 - INFO - Episode queue is empty
2025-07-26 15:48:53,101 - INFO - Episode queue is empty
2025-07-26 15:48:54,103 - INFO - Episode queue is empty
2025-07-26 15:48:55,105 - INFO - Episode queue is empty
2025-07-26 15:48:56,106 - INFO - Episode queue is empty
2025-07-26 15:48:57,107 - INFO - Episode queue is empty
2025-07-26 15:48:58,109 - INFO - Episode queue is empty
2025-07-26 15:48:59,110 - INFO - Episode queue is empty
2025-07-26 15:49:00,112 - INFO - Episode queue is empty
2025-07-26 15:49:01,113 - INFO - Episode queue is empty
2025-07-26 15:49:02,115 - INFO - Episode queue is empty
2025-07-26 15:49:03,116 - INFO - Episode queue is empty
2025-07-26 15:49:04,118 - INFO - Episode queue is empty
2025-07-26 15:49:05,120 - INFO - Episode queue is empty
2025-07-26 15:49:06,121 - INFO - Episode queue is empty
2025-07-26 15:49:07,122 - INFO - Episode queue is empty
2025-07-26 15:49:08,123 - INFO - Episode queue is empty
2025-07-26 15:49:09,124 - INFO - Episode queue is empty
2025-07-26 15:49:10,126 - INFO - Episode queue is empty
2025-07-26 15:49:11,127 - INFO - Episode queue is empty
2025-07-26 15:49:12,128 - INFO - Episode queue is empty
2025-07-26 15:49:13,129 - INFO - Episode queue is empty
2025-07-26 15:49:14,131 - INFO - Episode queue is empty
2025-07-26 15:49:15,133 - INFO - Episode queue is empty
2025-07-26 15:49:16,134 - INFO - Episode queue is empty
2025-07-26 15:49:17,136 - INFO - Episode queue is empty
2025-07-26 15:49:18,137 - INFO - Episode queue is empty
2025-07-26 15:49:19,139 - INFO - Episode queue is empty
2025-07-26 15:49:20,140 - INFO - Episode queue is empty
2025-07-26 15:49:21,141 - INFO - Episode queue is empty
2025-07-26 15:49:22,143 - INFO - Episode queue is empty
2025-07-26 15:49:23,144 - INFO - Episode queue is empty
2025-07-26 15:49:24,146 - INFO - Episode queue is empty
2025-07-26 15:49:25,148 - INFO - Episode queue is empty
2025-07-26 15:49:26,149 - INFO - Episode queue is empty
2025-07-26 15:49:27,151 - INFO - Episode queue is empty
2025-07-26 15:49:28,152 - INFO - Episode queue is empty
2025-07-26 15:49:29,154 - INFO - Episode queue is empty
2025-07-26 15:49:30,155 - INFO - Episode queue is empty
2025-07-26 15:49:31,156 - INFO - Episode queue is empty
2025-07-26 15:49:32,157 - INFO - Episode queue is empty
2025-07-26 15:49:33,158 - INFO - Episode queue is empty
2025-07-26 15:49:34,160 - INFO - Episode queue is empty
2025-07-26 15:49:35,161 - INFO - Episode queue is empty
2025-07-26 15:49:36,163 - INFO - Episode queue is empty
2025-07-26 15:49:37,165 - INFO - Episode queue is empty
2025-07-26 15:49:38,166 - INFO - Episode queue is empty
2025-07-26 15:49:39,168 - INFO - Episode queue is empty
2025-07-26 15:49:40,170 - INFO - Episode queue is empty
2025-07-26 15:49:41,171 - INFO - Episode queue is empty
2025-07-26 15:49:42,173 - INFO - Episode queue is empty
2025-07-26 15:49:43,174 - INFO - Episode queue is empty
2025-07-26 15:49:44,177 - INFO - Episode queue is empty
2025-07-26 15:49:45,178 - INFO - Episode queue is empty
2025-07-26 15:49:46,180 - INFO - Episode queue is empty
2025-07-26 15:49:47,182 - INFO - Episode queue is empty
2025-07-26 15:49:48,183 - INFO - Episode queue is empty
2025-07-26 15:49:49,185 - INFO - Episode queue is empty
2025-07-26 15:49:50,185 - INFO - Episode queue is empty
2025-07-26 15:49:51,186 - INFO - Episode queue is empty
2025-07-26 15:49:52,187 - INFO - Episode queue is empty
2025-07-26 15:49:53,188 - INFO - Episode queue is empty
2025-07-26 15:49:54,189 - INFO - Episode queue is empty
2025-07-26 15:49:54,462 - INFO - Episode queue is empty
