2025-07-26 21:17:09,760 - INFO - Taking a snapshot because event generate an exception: Travel is finished!
2025-07-26 21:17:09,764 - WARNING - Evento já registrado
2025-07-26 21:17:09,764 - WARNING - Evento já registrado
2025-07-26 21:17:09,808 - INFO - Taking a snapshot because event generate an exception: Travel is finished!
2025-07-26 21:17:09,812 - WARNING - Evento já registrado
2025-07-26 21:17:09,812 - WARNING - Evento já registrado
2025-07-26 21:17:09,987 - INFO - Taking a snapshot because event generate an exception: Travel is finished!
2025-07-26 21:17:09,991 - WARNING - Evento já registrado
2025-07-26 21:17:09,991 - WARNING - Evento já registrado
2025-07-26 21:17:10,052 - INFO - Taking a snapshot because event generate an exception: Travel is finished!
2025-07-26 21:17:10,054 - WARNING - Evento já registrado
2025-07-26 21:17:10,055 - WARNING - Evento já registrado
2025-07-26 21:17:10,437 - INFO - Episode queue is empty
2025-07-26 21:17:10,440 - INFO - Taking a snapshot because event generate an exception: Travel is finished!
2025-07-26 21:17:10,444 - WARNING - Evento já registrado
2025-07-26 21:17:10,444 - WARNING - Evento já registrado
2025-07-26 21:17:10,591 - INFO - Taking a snapshot because event generate an exception: Travel is finished!
2025-07-26 21:17:10,595 - WARNING - Evento já registrado
2025-07-26 21:17:10,595 - WARNING - Evento já registrado
2025-07-26 21:17:10,662 - INFO - Taking a snapshot because event generate an exception: Travel is finished!
2025-07-26 21:17:10,666 - WARNING - Evento já registrado
2025-07-26 21:17:10,666 - WARNING - Evento já registrado
2025-07-26 21:17:10,737 - INFO - Taking a snapshot because event generate an exception: Travel is finished!
2025-07-26 21:17:10,741 - WARNING - Evento já registrado
2025-07-26 21:17:10,741 - WARNING - Evento já registrado
2025-07-26 21:17:11,161 - INFO - Taking a snapshot because event generate an exception: Travel is finished!
2025-07-26 21:17:11,165 - WARNING - Evento já registrado
2025-07-26 21:17:11,165 - WARNING - Evento já registrado
2025-07-26 21:17:11,272 - INFO - Taking a snapshot because event generate an exception: Travel is finished!
2025-07-26 21:17:11,276 - WARNING - Evento já registrado
2025-07-26 21:17:11,276 - WARNING - Evento já registrado
2025-07-26 21:17:11,438 - INFO - Episode queue is empty
2025-07-26 21:17:12,439 - INFO - Episode queue is empty
2025-07-26 21:17:12,510 - INFO - Taking a snapshot because event generate an exception: Travel is finished!
2025-07-26 21:17:12,515 - WARNING - Evento já registrado
2025-07-26 21:17:12,515 - WARNING - Evento já registrado
2025-07-26 21:17:12,653 - INFO - Taking a snapshot because event generate an exception: Travel is finished!
2025-07-26 21:17:12,658 - WARNING - Evento já registrado
2025-07-26 21:17:12,659 - WARNING - Evento já registrado
2025-07-26 21:17:13,342 - INFO - Taking a snapshot because event generate an exception: Travel is finished!
2025-07-26 21:17:13,346 - WARNING - Evento já registrado
2025-07-26 21:17:13,346 - WARNING - Evento já registrado
2025-07-26 21:17:13,439 - INFO - Episode queue is empty
2025-07-26 21:17:13,776 - INFO - Taking a snapshot because event generate an exception: Travel is finished!
2025-07-26 21:17:13,780 - WARNING - Evento já registrado
2025-07-26 21:17:13,780 - WARNING - Evento já registrado
2025-07-26 21:17:14,440 - INFO - Episode queue is empty
2025-07-26 21:17:15,441 - INFO - Episode queue is empty
2025-07-26 21:17:16,441 - INFO - Episode queue is empty
2025-07-26 21:17:17,442 - INFO - Episode queue is empty
2025-07-26 21:17:17,484 - INFO - Trainamento do processo 69628 finalizado!
2025-07-26 21:17:17,486 - CRITICAL - Log 0 - Episode 0 - PID: 69628 - Volume: 174000.0 - Demanda: 300000.0 - epsilon: 0.03406514114296209
2025-07-26 21:17:18,486 - INFO - Episode queue is empty
2025-07-26 21:17:19,487 - INFO - Episode queue is empty
2025-07-26 21:17:20,489 - INFO - Episode queue is empty
2025-07-26 21:17:21,490 - INFO - Episode queue is empty
2025-07-26 21:17:22,492 - INFO - Episode queue is empty
2025-07-26 21:17:23,493 - INFO - Episode queue is empty
2025-07-26 21:17:24,495 - INFO - Episode queue is empty
2025-07-26 21:17:25,496 - INFO - Episode queue is empty
2025-07-26 21:17:26,498 - INFO - Episode queue is empty
2025-07-26 21:17:27,499 - INFO - Episode queue is empty
2025-07-26 21:17:28,500 - INFO - Episode queue is empty
2025-07-26 21:17:29,501 - INFO - Episode queue is empty
2025-07-26 21:17:30,503 - INFO - Episode queue is empty
2025-07-26 21:17:31,504 - INFO - Episode queue is empty
2025-07-26 21:17:32,505 - INFO - Episode queue is empty
2025-07-26 21:17:33,507 - INFO - Episode queue is empty
2025-07-26 21:17:34,508 - INFO - Episode queue is empty
2025-07-26 21:17:35,509 - INFO - Episode queue is empty
2025-07-26 21:17:36,510 - INFO - Episode queue is empty
2025-07-26 21:17:37,512 - INFO - Episode queue is empty
2025-07-26 21:17:38,513 - INFO - Episode queue is empty
2025-07-26 21:17:39,514 - INFO - Episode queue is empty
2025-07-26 21:17:40,514 - INFO - Episode queue is empty
2025-07-26 21:17:41,515 - INFO - Episode queue is empty
2025-07-26 21:17:42,517 - INFO - Episode queue is empty
2025-07-26 21:17:43,518 - INFO - Episode queue is empty
2025-07-26 21:17:44,519 - INFO - Episode queue is empty
2025-07-26 21:17:45,520 - INFO - Episode queue is empty
2025-07-26 21:17:46,521 - INFO - Episode queue is empty
2025-07-26 21:17:47,522 - INFO - Episode queue is empty
2025-07-26 21:17:48,524 - INFO - Episode queue is empty
2025-07-26 21:17:49,525 - INFO - Episode queue is empty
2025-07-26 21:17:50,527 - INFO - Episode queue is empty
2025-07-26 21:17:51,529 - INFO - Episode queue is empty
2025-07-26 21:17:52,530 - INFO - Episode queue is empty
2025-07-26 21:17:53,531 - INFO - Episode queue is empty
2025-07-26 21:17:54,533 - INFO - Episode queue is empty
2025-07-26 21:17:55,534 - INFO - Episode queue is empty
2025-07-26 21:17:56,536 - INFO - Episode queue is empty
2025-07-26 21:17:57,537 - INFO - Episode queue is empty
2025-07-26 21:17:58,538 - INFO - Episode queue is empty
2025-07-26 21:17:59,539 - INFO - Episode queue is empty
2025-07-26 21:18:00,539 - INFO - Episode queue is empty
2025-07-26 21:18:01,541 - INFO - Episode queue is empty
2025-07-26 21:18:02,542 - INFO - Episode queue is empty
2025-07-26 21:18:03,544 - INFO - Episode queue is empty
2025-07-26 21:18:04,544 - INFO - Episode queue is empty
2025-07-26 21:18:05,545 - INFO - Episode queue is empty
2025-07-26 21:18:06,547 - INFO - Episode queue is empty
2025-07-26 21:18:07,548 - INFO - Episode queue is empty
2025-07-26 21:18:08,550 - INFO - Episode queue is empty
2025-07-26 21:18:09,551 - INFO - Episode queue is empty
2025-07-26 21:18:10,553 - INFO - Episode queue is empty
2025-07-26 21:18:11,554 - INFO - Episode queue is empty
2025-07-26 21:18:12,556 - INFO - Episode queue is empty
2025-07-26 21:18:13,077 - INFO - Episode queue is empty
