2025-07-26 20:29:54,135 - INFO - Taking a snapshot because event generate an exception: Travel is finished!
2025-07-26 20:29:54,881 - INFO - Episode queue is empty
2025-07-26 20:29:55,137 - INFO - Experience queue is empty - 
2025-07-26 20:29:55,882 - INFO - Episode queue is empty
2025-07-26 20:29:56,138 - INFO - Experience queue is empty - 
2025-07-26 20:29:56,884 - INFO - Episode queue is empty
2025-07-26 20:29:57,139 - INFO - Experience queue is empty - 
2025-07-26 20:29:57,885 - INFO - Episode queue is empty
2025-07-26 20:29:58,141 - INFO - Experience queue is empty - 
2025-07-26 20:29:58,886 - INFO - Episode queue is empty
2025-07-26 20:29:59,142 - INFO - Experience queue is empty - 
2025-07-26 20:29:59,888 - INFO - Episode queue is empty
2025-07-26 20:30:00,144 - INFO - Experience queue is empty - 
2025-07-26 20:30:00,889 - INFO - Episode queue is empty
2025-07-26 20:30:01,144 - INFO - Experience queue is empty - 
2025-07-26 20:30:01,889 - INFO - Episode queue is empty
2025-07-26 20:30:02,146 - INFO - Experience queue is empty - 
2025-07-26 20:30:02,890 - INFO - Episode queue is empty
2025-07-26 20:30:03,147 - INFO - Experience queue is empty - 
2025-07-26 20:30:03,891 - INFO - Episode queue is empty
2025-07-26 20:30:04,149 - INFO - Experience queue is empty - 
2025-07-26 20:30:04,892 - INFO - Episode queue is empty
2025-07-26 20:30:05,150 - INFO - Experience queue is empty - 
2025-07-26 20:30:05,893 - INFO - Episode queue is empty
2025-07-26 20:30:06,151 - INFO - Experience queue is empty - 
2025-07-26 20:30:06,895 - INFO - Episode queue is empty
2025-07-26 20:30:07,152 - INFO - Experience queue is empty - 
2025-07-26 20:30:07,896 - INFO - Episode queue is empty
2025-07-26 20:30:08,153 - INFO - Experience queue is empty - 
2025-07-26 20:30:08,897 - INFO - Episode queue is empty
2025-07-26 20:30:09,155 - INFO - Experience queue is empty - 
2025-07-26 20:30:09,899 - INFO - Episode queue is empty
2025-07-26 20:30:10,156 - INFO - Experience queue is empty - 
2025-07-26 20:30:10,212 - WARNING - Evento já registrado
2025-07-26 20:30:10,212 - WARNING - Evento já registrado
2025-07-26 20:30:10,258 - INFO - Taking a snapshot because event generate an exception: Travel is finished!
2025-07-26 20:30:10,900 - INFO - Episode queue is empty
2025-07-26 20:30:11,260 - INFO - Experience queue is empty - 
2025-07-26 20:30:11,901 - INFO - Episode queue is empty
2025-07-26 20:30:12,261 - INFO - Experience queue is empty - 
2025-07-26 20:30:12,902 - INFO - Episode queue is empty
2025-07-26 20:30:13,262 - INFO - Experience queue is empty - 
2025-07-26 20:30:13,903 - INFO - Episode queue is empty
2025-07-26 20:30:14,263 - INFO - Experience queue is empty - 
2025-07-26 20:30:14,905 - INFO - Episode queue is empty
2025-07-26 20:30:15,264 - INFO - Experience queue is empty - 
2025-07-26 20:30:15,907 - INFO - Episode queue is empty
2025-07-26 20:30:16,266 - INFO - Experience queue is empty - 
2025-07-26 20:30:16,908 - INFO - Episode queue is empty
2025-07-26 20:30:17,267 - INFO - Experience queue is empty - 
2025-07-26 20:30:17,910 - INFO - Episode queue is empty
2025-07-26 20:30:18,268 - INFO - Experience queue is empty - 
2025-07-26 20:30:18,911 - INFO - Episode queue is empty
2025-07-26 20:30:19,270 - INFO - Experience queue is empty - 
2025-07-26 20:30:19,913 - INFO - Episode queue is empty
2025-07-26 20:30:20,271 - INFO - Experience queue is empty - 
2025-07-26 20:30:20,914 - INFO - Episode queue is empty
2025-07-26 20:30:21,271 - INFO - Experience queue is empty - 
2025-07-26 20:30:21,915 - INFO - Episode queue is empty
2025-07-26 20:30:22,272 - INFO - Experience queue is empty - 
2025-07-26 20:30:22,916 - INFO - Episode queue is empty
2025-07-26 20:30:23,273 - INFO - Experience queue is empty - 
2025-07-26 20:30:23,917 - INFO - Episode queue is empty
2025-07-26 20:30:24,273 - INFO - Experience queue is empty - 
2025-07-26 20:30:24,918 - INFO - Episode queue is empty
2025-07-26 20:30:25,278 - INFO - Experience queue is empty - 
2025-07-26 20:30:25,919 - INFO - Episode queue is empty
2025-07-26 20:30:26,279 - INFO - Experience queue is empty - 
2025-07-26 20:30:26,919 - INFO - Episode queue is empty
2025-07-26 20:30:27,280 - INFO - Experience queue is empty - 
2025-07-26 20:30:27,921 - INFO - Episode queue is empty
2025-07-26 20:30:28,282 - INFO - Experience queue is empty - 
2025-07-26 20:30:28,922 - INFO - Episode queue is empty
2025-07-26 20:30:29,284 - INFO - Experience queue is empty - 
2025-07-26 20:30:29,923 - INFO - Episode queue is empty
2025-07-26 20:30:30,285 - INFO - Experience queue is empty - 
2025-07-26 20:30:30,924 - INFO - Episode queue is empty
2025-07-26 20:30:31,287 - INFO - Experience queue is empty - 
2025-07-26 20:30:31,925 - INFO - Episode queue is empty
2025-07-26 20:30:32,288 - INFO - Experience queue is empty - 
2025-07-26 20:30:32,926 - INFO - Episode queue is empty
2025-07-26 20:30:33,290 - INFO - Experience queue is empty - 
2025-07-26 20:30:33,928 - INFO - Episode queue is empty
2025-07-26 20:30:34,004 - WARNING - Evento já registrado
2025-07-26 20:30:34,004 - WARNING - Evento já registrado
2025-07-26 20:30:34,136 - INFO - Taking a snapshot because event generate an exception: Travel is finished!
2025-07-26 20:30:34,929 - INFO - Episode queue is empty
2025-07-26 20:30:35,138 - INFO - Experience queue is empty - 
2025-07-26 20:30:35,930 - INFO - Episode queue is empty
2025-07-26 20:30:36,139 - INFO - Experience queue is empty - 
2025-07-26 20:30:36,932 - INFO - Episode queue is empty
2025-07-26 20:30:37,140 - INFO - Experience queue is empty - 
2025-07-26 20:30:37,344 - WARNING - Evento já registrado
2025-07-26 20:30:37,344 - WARNING - Evento já registrado
2025-07-26 20:30:37,387 - INFO - Taking a snapshot because event generate an exception: Travel is finished!
2025-07-26 20:30:37,933 - INFO - Episode queue is empty
2025-07-26 20:30:38,042 - WARNING - Evento já registrado
2025-07-26 20:30:38,043 - WARNING - Evento já registrado
2025-07-26 20:30:38,103 - INFO - Taking a snapshot because event generate an exception: Travel is finished!
2025-07-26 20:30:38,895 - WARNING - Evento já registrado
2025-07-26 20:30:38,895 - WARNING - Evento já registrado
2025-07-26 20:30:38,934 - INFO - Episode queue is empty
2025-07-26 20:30:39,126 - INFO - Taking a snapshot because event generate an exception: Travel is finished!
2025-07-26 20:30:39,936 - INFO - Episode queue is empty
2025-07-26 20:30:39,988 - WARNING - Evento já registrado
2025-07-26 20:30:39,988 - WARNING - Evento já registrado
2025-07-26 20:30:40,156 - INFO - Taking a snapshot because event generate an exception: Travel is finished!
2025-07-26 20:30:40,823 - WARNING - Evento já registrado
2025-07-26 20:30:40,823 - WARNING - Evento já registrado
2025-07-26 20:30:40,855 - INFO - Taking a snapshot because event generate an exception: Travel is finished!
2025-07-26 20:30:40,937 - INFO - Episode queue is empty
2025-07-26 20:30:41,860 - INFO - Experience queue is empty - 
2025-07-26 20:30:41,938 - INFO - Episode queue is empty
2025-07-26 20:30:42,861 - INFO - Experience queue is empty - 
2025-07-26 20:30:42,939 - INFO - Episode queue is empty
2025-07-26 20:30:43,223 - WARNING - Evento já registrado
2025-07-26 20:30:43,224 - WARNING - Evento já registrado
2025-07-26 20:30:43,254 - INFO - Taking a snapshot because event generate an exception: Travel is finished!
2025-07-26 20:30:43,258 - WARNING - Evento já registrado
2025-07-26 20:30:43,258 - WARNING - Evento já registrado
2025-07-26 20:30:43,425 - INFO - Taking a snapshot because event generate an exception: Travel is finished!
2025-07-26 20:30:43,429 - WARNING - Evento já registrado
2025-07-26 20:30:43,429 - WARNING - Evento já registrado
2025-07-26 20:30:43,501 - INFO - Taking a snapshot because event generate an exception: Travel is finished!
2025-07-26 20:30:43,505 - WARNING - Evento já registrado
2025-07-26 20:30:43,505 - WARNING - Evento já registrado
2025-07-26 20:30:43,567 - INFO - Taking a snapshot because event generate an exception: Travel is finished!
2025-07-26 20:30:43,570 - WARNING - Evento já registrado
2025-07-26 20:30:43,570 - WARNING - Evento já registrado
2025-07-26 20:30:43,589 - INFO - Taking a snapshot because event generate an exception: Travel is finished!
2025-07-26 20:30:43,592 - WARNING - Evento já registrado
2025-07-26 20:30:43,592 - WARNING - Evento já registrado
2025-07-26 20:30:43,689 - INFO - Taking a snapshot because event generate an exception: Travel is finished!
2025-07-26 20:30:43,693 - WARNING - Evento já registrado
2025-07-26 20:30:43,693 - WARNING - Evento já registrado
2025-07-26 20:30:43,940 - INFO - Episode queue is empty
2025-07-26 20:30:44,186 - INFO - Taking a snapshot because event generate an exception: Travel is finished!
2025-07-26 20:30:44,190 - WARNING - Evento já registrado
2025-07-26 20:30:44,190 - WARNING - Evento já registrado
2025-07-26 20:30:44,245 - INFO - Taking a snapshot because event generate an exception: Travel is finished!
2025-07-26 20:30:44,249 - WARNING - Evento já registrado
2025-07-26 20:30:44,249 - WARNING - Evento já registrado
2025-07-26 20:30:44,372 - INFO - Taking a snapshot because event generate an exception: Travel is finished!
2025-07-26 20:30:44,376 - WARNING - Evento já registrado
2025-07-26 20:30:44,376 - WARNING - Evento já registrado
2025-07-26 20:30:44,941 - INFO - Episode queue is empty
2025-07-26 20:30:45,238 - INFO - Taking a snapshot because event generate an exception: Travel is finished!
2025-07-26 20:30:45,242 - WARNING - Evento já registrado
2025-07-26 20:30:45,242 - WARNING - Evento já registrado
2025-07-26 20:30:45,373 - INFO - Taking a snapshot because event generate an exception: Travel is finished!
2025-07-26 20:30:45,376 - WARNING - Evento já registrado
2025-07-26 20:30:45,377 - WARNING - Evento já registrado
2025-07-26 20:30:45,439 - INFO - Taking a snapshot because event generate an exception: Travel is finished!
2025-07-26 20:30:45,442 - WARNING - Evento já registrado
2025-07-26 20:30:45,443 - WARNING - Evento já registrado
2025-07-26 20:30:45,942 - INFO - Episode queue is empty
2025-07-26 20:30:45,955 - INFO - Taking a snapshot because event generate an exception: Travel is finished!
2025-07-26 20:30:45,959 - WARNING - Evento já registrado
2025-07-26 20:30:45,959 - WARNING - Evento já registrado
2025-07-26 20:30:46,942 - INFO - Episode queue is empty
2025-07-26 20:30:47,943 - INFO - Episode queue is empty
2025-07-26 20:30:48,752 - INFO - Trainamento do processo 64095 finalizado!
2025-07-26 20:30:48,753 - CRITICAL - Log 0 - Episode 0 - PID: 64095 - Volume: 198000.0 - Demanda: 300000.0 - epsilon: 0.015067466661578197
2025-07-26 20:30:49,761 - INFO - Episode queue is empty
2025-07-26 20:30:50,762 - INFO - Episode queue is empty
2025-07-26 20:30:51,763 - INFO - Episode queue is empty
2025-07-26 20:30:52,764 - INFO - Episode queue is empty
2025-07-26 20:30:53,765 - INFO - Episode queue is empty
2025-07-26 20:30:54,766 - INFO - Episode queue is empty
2025-07-26 20:30:55,767 - INFO - Episode queue is empty
2025-07-26 20:30:56,769 - INFO - Episode queue is empty
2025-07-26 20:30:57,770 - INFO - Episode queue is empty
2025-07-26 20:30:58,772 - INFO - Episode queue is empty
2025-07-26 20:30:59,773 - INFO - Episode queue is empty
2025-07-26 20:31:00,774 - INFO - Episode queue is empty
2025-07-26 20:31:01,775 - INFO - Episode queue is empty
2025-07-26 20:31:02,776 - INFO - Episode queue is empty
2025-07-26 20:31:03,777 - INFO - Episode queue is empty
2025-07-26 20:31:04,779 - INFO - Episode queue is empty
2025-07-26 20:31:05,780 - INFO - Episode queue is empty
2025-07-26 20:31:06,781 - INFO - Episode queue is empty
2025-07-26 20:31:07,782 - INFO - Episode queue is empty
2025-07-26 20:31:08,784 - INFO - Episode queue is empty
2025-07-26 20:31:09,785 - INFO - Episode queue is empty
2025-07-26 20:31:10,786 - INFO - Episode queue is empty
2025-07-26 20:31:11,786 - INFO - Episode queue is empty
2025-07-26 20:31:12,787 - INFO - Episode queue is empty
2025-07-26 20:31:13,788 - INFO - Episode queue is empty
2025-07-26 20:31:14,790 - INFO - Episode queue is empty
2025-07-26 20:31:15,791 - INFO - Episode queue is empty
2025-07-26 20:31:16,792 - INFO - Episode queue is empty
2025-07-26 20:31:17,793 - INFO - Episode queue is empty
2025-07-26 20:31:18,794 - INFO - Episode queue is empty
2025-07-26 20:31:19,796 - INFO - Episode queue is empty
2025-07-26 20:31:20,797 - INFO - Episode queue is empty
2025-07-26 20:31:21,798 - INFO - Episode queue is empty
2025-07-26 20:31:22,800 - INFO - Episode queue is empty
2025-07-26 20:31:23,801 - INFO - Episode queue is empty
2025-07-26 20:31:24,801 - INFO - Episode queue is empty
2025-07-26 20:31:25,802 - INFO - Episode queue is empty
2025-07-26 20:31:26,803 - INFO - Episode queue is empty
2025-07-26 20:31:27,804 - INFO - Episode queue is empty
2025-07-26 20:31:28,805 - INFO - Episode queue is empty
2025-07-26 20:31:29,806 - INFO - Episode queue is empty
2025-07-26 20:31:30,807 - INFO - Episode queue is empty
2025-07-26 20:31:31,807 - INFO - Episode queue is empty
2025-07-26 20:31:32,808 - INFO - Episode queue is empty
2025-07-26 20:31:33,809 - INFO - Episode queue is empty
2025-07-26 20:31:34,810 - INFO - Episode queue is empty
2025-07-26 20:31:35,811 - INFO - Episode queue is empty
2025-07-26 20:31:36,812 - INFO - Episode queue is empty
2025-07-26 20:31:37,813 - INFO - Episode queue is empty
2025-07-26 20:31:38,814 - INFO - Episode queue is empty
2025-07-26 20:31:39,815 - INFO - Episode queue is empty
2025-07-26 20:31:40,816 - INFO - Episode queue is empty
2025-07-26 20:31:41,817 - INFO - Episode queue is empty
2025-07-26 20:31:42,818 - INFO - Episode queue is empty
2025-07-26 20:31:43,819 - INFO - Episode queue is empty
2025-07-26 20:31:44,820 - INFO - Episode queue is empty
2025-07-26 20:31:45,820 - INFO - Episode queue is empty
2025-07-26 20:31:46,822 - INFO - Episode queue is empty
2025-07-26 20:31:47,823 - INFO - Episode queue is empty
2025-07-26 20:31:48,825 - INFO - Episode queue is empty
2025-07-26 20:31:49,826 - INFO - Episode queue is empty
2025-07-26 20:31:50,828 - INFO - Episode queue is empty
2025-07-26 20:31:51,829 - INFO - Episode queue is empty
2025-07-26 20:31:52,830 - INFO - Episode queue is empty
2025-07-26 20:31:53,832 - INFO - Episode queue is empty
2025-07-26 20:31:54,833 - INFO - Episode queue is empty
2025-07-26 20:31:55,835 - INFO - Episode queue is empty
2025-07-26 20:31:56,837 - INFO - Episode queue is empty
2025-07-26 20:31:57,838 - INFO - Episode queue is empty
2025-07-26 20:31:58,839 - INFO - Episode queue is empty
2025-07-26 20:31:59,840 - INFO - Episode queue is empty
2025-07-26 20:32:00,842 - INFO - Episode queue is empty
2025-07-26 20:32:01,843 - INFO - Episode queue is empty
2025-07-26 20:32:02,845 - INFO - Episode queue is empty
2025-07-26 20:32:03,846 - INFO - Episode queue is empty
2025-07-26 20:32:04,848 - INFO - Episode queue is empty
2025-07-26 20:32:05,849 - INFO - Episode queue is empty
2025-07-26 20:32:06,851 - INFO - Episode queue is empty
2025-07-26 20:32:07,852 - INFO - Episode queue is empty
2025-07-26 20:32:08,852 - INFO - Episode queue is empty
2025-07-26 20:32:09,853 - INFO - Episode queue is empty
2025-07-26 20:32:10,853 - INFO - Episode queue is empty
2025-07-26 20:32:11,855 - INFO - Episode queue is empty
2025-07-26 20:32:12,856 - INFO - Episode queue is empty
2025-07-26 20:32:13,858 - INFO - Episode queue is empty
2025-07-26 20:32:14,859 - INFO - Episode queue is empty
2025-07-26 20:32:15,860 - INFO - Episode queue is empty
2025-07-26 20:32:16,862 - INFO - Episode queue is empty
2025-07-26 20:32:17,863 - INFO - Episode queue is empty
2025-07-26 20:32:18,865 - INFO - Episode queue is empty
2025-07-26 20:32:19,866 - INFO - Episode queue is empty
2025-07-26 20:32:20,868 - INFO - Episode queue is empty
2025-07-26 20:32:21,869 - INFO - Episode queue is empty
2025-07-26 20:32:22,871 - INFO - Episode queue is empty
2025-07-26 20:32:23,874 - INFO - Episode queue is empty
2025-07-26 20:32:24,875 - INFO - Episode queue is empty
2025-07-26 20:32:25,877 - INFO - Episode queue is empty
2025-07-26 20:32:26,878 - INFO - Episode queue is empty
2025-07-26 20:32:27,880 - INFO - Episode queue is empty
2025-07-26 20:32:28,881 - INFO - Episode queue is empty
2025-07-26 20:32:29,883 - INFO - Episode queue is empty
2025-07-26 20:32:30,884 - INFO - Episode queue is empty
2025-07-26 20:32:31,885 - INFO - Episode queue is empty
2025-07-26 20:32:32,886 - INFO - Episode queue is empty
2025-07-26 20:32:33,888 - INFO - Episode queue is empty
2025-07-26 20:32:34,889 - INFO - Episode queue is empty
2025-07-26 20:32:35,891 - INFO - Episode queue is empty
2025-07-26 20:32:36,892 - INFO - Episode queue is empty
2025-07-26 20:32:37,894 - INFO - Episode queue is empty
2025-07-26 20:32:38,895 - INFO - Episode queue is empty
2025-07-26 20:32:39,897 - INFO - Episode queue is empty
2025-07-26 20:32:40,898 - INFO - Episode queue is empty
2025-07-26 20:32:41,900 - INFO - Episode queue is empty
2025-07-26 20:32:42,901 - INFO - Episode queue is empty
2025-07-26 20:32:43,903 - INFO - Episode queue is empty
2025-07-26 20:32:44,903 - INFO - Episode queue is empty
2025-07-26 20:32:45,905 - INFO - Episode queue is empty
2025-07-26 20:32:46,906 - INFO - Episode queue is empty
2025-07-26 20:32:47,907 - INFO - Episode queue is empty
2025-07-26 20:32:48,908 - INFO - Episode queue is empty
2025-07-26 20:32:49,910 - INFO - Episode queue is empty
2025-07-26 20:32:50,911 - INFO - Episode queue is empty
2025-07-26 20:32:51,913 - INFO - Episode queue is empty
2025-07-26 20:32:52,914 - INFO - Episode queue is empty
2025-07-26 20:32:53,915 - INFO - Episode queue is empty
2025-07-26 20:32:54,917 - INFO - Episode queue is empty
2025-07-26 20:32:55,918 - INFO - Episode queue is empty
2025-07-26 20:32:56,919 - INFO - Episode queue is empty
2025-07-26 20:32:57,921 - INFO - Episode queue is empty
2025-07-26 20:32:58,922 - INFO - Episode queue is empty
2025-07-26 20:32:59,923 - INFO - Episode queue is empty
2025-07-26 20:33:00,605 - INFO - Episode queue is empty
