2025-07-26 21:16:08,479 - INFO - Episode queue is empty
2025-07-26 21:16:08,528 - INFO - Experience queue is empty - 
2025-07-26 21:16:09,480 - INFO - Episode queue is empty
2025-07-26 21:16:09,529 - INFO - Experience queue is empty - 
2025-07-26 21:16:10,482 - INFO - Episode queue is empty
2025-07-26 21:16:10,530 - INFO - Experience queue is empty - 
2025-07-26 21:16:11,482 - INFO - Episode queue is empty
2025-07-26 21:16:11,531 - INFO - Experience queue is empty - 
2025-07-26 21:16:12,483 - INFO - Episode queue is empty
2025-07-26 21:16:12,532 - INFO - Experience queue is empty - 
2025-07-26 21:16:13,485 - INFO - Episode queue is empty
2025-07-26 21:16:13,533 - INFO - Experience queue is empty - 
2025-07-26 21:16:14,486 - INFO - Episode queue is empty
2025-07-26 21:16:14,534 - INFO - Experience queue is empty - 
2025-07-26 21:16:15,487 - INFO - Episode queue is empty
2025-07-26 21:16:15,499 - INFO - Taking a snapshot because event generate an exception: Travel is finished!
2025-07-26 21:16:15,504 - WARNING - Evento já registrado
2025-07-26 21:16:15,504 - WARNING - Evento já registrado
2025-07-26 21:16:15,547 - INFO - Taking a snapshot because event generate an exception: Travel is finished!
2025-07-26 21:16:15,550 - WARNING - Evento já registrado
2025-07-26 21:16:15,551 - WARNING - Evento já registrado
2025-07-26 21:16:15,719 - INFO - Taking a snapshot because event generate an exception: Travel is finished!
2025-07-26 21:16:15,722 - WARNING - Evento já registrado
2025-07-26 21:16:15,723 - WARNING - Evento já registrado
2025-07-26 21:16:15,780 - INFO - Taking a snapshot because event generate an exception: Travel is finished!
2025-07-26 21:16:15,783 - WARNING - Evento já registrado
2025-07-26 21:16:15,783 - WARNING - Evento já registrado
2025-07-26 21:16:16,181 - INFO - Taking a snapshot because event generate an exception: Travel is finished!
2025-07-26 21:16:16,185 - WARNING - Evento já registrado
2025-07-26 21:16:16,185 - WARNING - Evento já registrado
2025-07-26 21:16:16,359 - INFO - Taking a snapshot because event generate an exception: Travel is finished!
2025-07-26 21:16:16,363 - WARNING - Evento já registrado
2025-07-26 21:16:16,363 - WARNING - Evento já registrado
2025-07-26 21:16:16,438 - INFO - Taking a snapshot because event generate an exception: Travel is finished!
2025-07-26 21:16:16,442 - WARNING - Evento já registrado
2025-07-26 21:16:16,442 - WARNING - Evento já registrado
2025-07-26 21:16:16,487 - INFO - Episode queue is empty
2025-07-26 21:16:16,521 - INFO - Taking a snapshot because event generate an exception: Travel is finished!
2025-07-26 21:16:16,525 - WARNING - Evento já registrado
2025-07-26 21:16:16,525 - WARNING - Evento já registrado
2025-07-26 21:16:16,960 - INFO - Taking a snapshot because event generate an exception: Travel is finished!
2025-07-26 21:16:16,964 - WARNING - Evento já registrado
2025-07-26 21:16:16,964 - WARNING - Evento já registrado
2025-07-26 21:16:17,072 - INFO - Taking a snapshot because event generate an exception: Travel is finished!
2025-07-26 21:16:17,076 - WARNING - Evento já registrado
2025-07-26 21:16:17,076 - WARNING - Evento já registrado
2025-07-26 21:16:17,488 - INFO - Episode queue is empty
2025-07-26 21:16:18,169 - INFO - Taking a snapshot because event generate an exception: Travel is finished!
2025-07-26 21:16:18,173 - WARNING - Evento já registrado
2025-07-26 21:16:18,173 - WARNING - Evento já registrado
2025-07-26 21:16:18,489 - INFO - Episode queue is empty
2025-07-26 21:16:18,747 - INFO - Taking a snapshot because event generate an exception: Travel is finished!
2025-07-26 21:16:18,751 - WARNING - Evento já registrado
2025-07-26 21:16:18,751 - WARNING - Evento já registrado
2025-07-26 21:16:19,489 - INFO - Episode queue is empty
2025-07-26 21:16:20,490 - INFO - Episode queue is empty
2025-07-26 21:16:21,491 - INFO - Episode queue is empty
2025-07-26 21:16:21,664 - INFO - Trainamento do processo 69501 finalizado!
2025-07-26 21:16:21,666 - CRITICAL - Log 0 - Episode 0 - PID: 69501 - Volume: 162000.0 - Demanda: 300000.0 - epsilon: 0.04300611178255535
2025-07-26 21:16:22,666 - INFO - Episode queue is empty
2025-07-26 21:16:23,667 - INFO - Episode queue is empty
2025-07-26 21:16:24,668 - INFO - Episode queue is empty
2025-07-26 21:16:25,670 - INFO - Episode queue is empty
2025-07-26 21:16:26,671 - INFO - Episode queue is empty
2025-07-26 21:16:27,671 - INFO - Episode queue is empty
2025-07-26 21:16:28,672 - INFO - Episode queue is empty
2025-07-26 21:16:29,673 - INFO - Episode queue is empty
2025-07-26 21:16:30,675 - INFO - Episode queue is empty
2025-07-26 21:16:31,676 - INFO - Episode queue is empty
2025-07-26 21:16:32,678 - INFO - Episode queue is empty
2025-07-26 21:16:33,679 - INFO - Episode queue is empty
2025-07-26 21:16:34,681 - INFO - Episode queue is empty
2025-07-26 21:16:35,683 - INFO - Episode queue is empty
2025-07-26 21:16:36,684 - INFO - Episode queue is empty
2025-07-26 21:16:37,685 - INFO - Episode queue is empty
2025-07-26 21:16:38,264 - INFO - Episode queue is empty
2025-07-26 21:16:38,395 - INFO - Episode queue is empty
2025-07-26 21:16:38,395 - INFO - Episode queue is empty
2025-07-26 21:16:38,395 - INFO - Episode queue is empty
2025-07-26 21:16:38,396 - INFO - Episode queue is empty
2025-07-26 21:16:38,396 - INFO - Episode queue is empty
2025-07-26 21:16:38,396 - INFO - Episode queue is empty
2025-07-26 21:16:38,396 - INFO - Episode queue is empty
2025-07-26 21:16:38,396 - INFO - Episode queue is empty
2025-07-26 21:16:38,396 - INFO - Episode queue is empty
2025-07-26 21:16:38,396 - INFO - Episode queue is empty
2025-07-26 21:16:38,396 - INFO - Episode queue is empty
2025-07-26 21:16:38,396 - INFO - Episode queue is empty
2025-07-26 21:16:38,397 - INFO - Episode queue is empty
2025-07-26 21:16:38,397 - INFO - Episode queue is empty
2025-07-26 21:16:38,397 - INFO - Episode queue is empty
2025-07-26 21:16:38,397 - INFO - Episode queue is empty
2025-07-26 21:16:38,397 - INFO - Episode queue is empty
2025-07-26 21:16:38,397 - INFO - Episode queue is empty
2025-07-26 21:16:38,397 - INFO - Episode queue is empty
2025-07-26 21:16:38,397 - INFO - Episode queue is empty
2025-07-26 21:16:38,397 - INFO - Episode queue is empty
2025-07-26 21:16:38,397 - INFO - Episode queue is empty
2025-07-26 21:16:38,398 - INFO - Episode queue is empty
2025-07-26 21:16:38,398 - INFO - Episode queue is empty
2025-07-26 21:16:38,398 - INFO - Episode queue is empty
2025-07-26 21:16:38,398 - INFO - Episode queue is empty
2025-07-26 21:16:38,398 - INFO - Episode queue is empty
2025-07-26 21:16:38,398 - INFO - Episode queue is empty
2025-07-26 21:16:38,398 - INFO - Episode queue is empty
2025-07-26 21:16:38,398 - INFO - Episode queue is empty
2025-07-26 21:16:38,398 - INFO - Episode queue is empty
2025-07-26 21:16:38,398 - INFO - Episode queue is empty
2025-07-26 21:16:38,398 - INFO - Episode queue is empty
2025-07-26 21:16:38,398 - INFO - Episode queue is empty
2025-07-26 21:16:38,398 - INFO - Episode queue is empty
2025-07-26 21:16:38,399 - INFO - Episode queue is empty
2025-07-26 21:16:38,399 - INFO - Episode queue is empty
2025-07-26 21:16:38,399 - INFO - Episode queue is empty
2025-07-26 21:16:38,399 - INFO - Episode queue is empty
2025-07-26 21:16:38,399 - INFO - Episode queue is empty
2025-07-26 21:16:38,399 - INFO - Episode queue is empty
2025-07-26 21:16:38,399 - INFO - Episode queue is empty
2025-07-26 21:16:38,399 - INFO - Episode queue is empty
2025-07-26 21:16:38,399 - INFO - Episode queue is empty
2025-07-26 21:16:38,399 - INFO - Episode queue is empty
2025-07-26 21:16:38,399 - INFO - Episode queue is empty
2025-07-26 21:16:38,399 - INFO - Episode queue is empty
2025-07-26 21:16:38,399 - INFO - Episode queue is empty
2025-07-26 21:16:38,399 - INFO - Episode queue is empty
2025-07-26 21:16:38,400 - INFO - Episode queue is empty
2025-07-26 21:16:38,400 - INFO - Episode queue is empty
2025-07-26 21:16:38,400 - INFO - Episode queue is empty
2025-07-26 21:16:38,400 - INFO - Episode queue is empty
2025-07-26 21:16:38,400 - INFO - Episode queue is empty
2025-07-26 21:16:38,400 - INFO - Episode queue is empty
2025-07-26 21:16:38,400 - INFO - Episode queue is empty
2025-07-26 21:16:38,400 - INFO - Episode queue is empty
2025-07-26 21:16:38,400 - INFO - Episode queue is empty
2025-07-26 21:16:38,400 - INFO - Episode queue is empty
2025-07-26 21:16:38,400 - INFO - Episode queue is empty
2025-07-26 21:16:38,400 - INFO - Episode queue is empty
2025-07-26 21:16:38,400 - INFO - Episode queue is empty
2025-07-26 21:16:38,400 - INFO - Episode queue is empty
2025-07-26 21:16:38,400 - INFO - Episode queue is empty
2025-07-26 21:16:38,401 - INFO - Episode queue is empty
2025-07-26 21:16:38,401 - INFO - Episode queue is empty
2025-07-26 21:16:38,401 - INFO - Episode queue is empty
2025-07-26 21:16:38,401 - INFO - Episode queue is empty
2025-07-26 21:16:38,401 - INFO - Episode queue is empty
2025-07-26 21:16:38,401 - INFO - Episode queue is empty
2025-07-26 21:16:38,401 - INFO - Episode queue is empty
2025-07-26 21:16:38,401 - INFO - Episode queue is empty
2025-07-26 21:16:38,401 - INFO - Episode queue is empty
2025-07-26 21:16:38,401 - INFO - Episode queue is empty
2025-07-26 21:16:38,401 - INFO - Episode queue is empty
2025-07-26 21:16:38,401 - INFO - Episode queue is empty
2025-07-26 21:16:38,401 - INFO - Episode queue is empty
2025-07-26 21:16:38,401 - INFO - Episode queue is empty
2025-07-26 21:16:38,401 - INFO - Episode queue is empty
2025-07-26 21:16:38,402 - INFO - Episode queue is empty
2025-07-26 21:16:38,402 - INFO - Episode queue is empty
2025-07-26 21:16:38,402 - INFO - Episode queue is empty
2025-07-26 21:16:38,402 - INFO - Episode queue is empty
2025-07-26 21:16:38,402 - INFO - Episode queue is empty
2025-07-26 21:16:38,402 - INFO - Episode queue is empty
2025-07-26 21:16:38,402 - INFO - Episode queue is empty
2025-07-26 21:16:38,402 - INFO - Episode queue is empty
2025-07-26 21:16:38,402 - INFO - Episode queue is empty
2025-07-26 21:16:38,402 - INFO - Episode queue is empty
2025-07-26 21:16:38,402 - INFO - Episode queue is empty
2025-07-26 21:16:38,402 - INFO - Episode queue is empty
2025-07-26 21:16:38,402 - INFO - Episode queue is empty
2025-07-26 21:16:38,402 - INFO - Episode queue is empty
2025-07-26 21:16:38,402 - INFO - Episode queue is empty
2025-07-26 21:16:38,403 - INFO - Episode queue is empty
2025-07-26 21:16:38,403 - INFO - Episode queue is empty
2025-07-26 21:16:38,403 - INFO - Episode queue is empty
2025-07-26 21:16:38,403 - INFO - Episode queue is empty
2025-07-26 21:16:38,403 - INFO - Episode queue is empty
2025-07-26 21:16:38,403 - INFO - Episode queue is empty
2025-07-26 21:16:38,403 - INFO - Episode queue is empty
2025-07-26 21:16:38,403 - INFO - Episode queue is empty
2025-07-26 21:16:38,403 - INFO - Episode queue is empty
2025-07-26 21:16:38,403 - INFO - Episode queue is empty
2025-07-26 21:16:38,403 - INFO - Episode queue is empty
2025-07-26 21:16:38,403 - INFO - Episode queue is empty
2025-07-26 21:16:38,403 - INFO - Episode queue is empty
2025-07-26 21:16:38,403 - INFO - Episode queue is empty
2025-07-26 21:16:38,403 - INFO - Episode queue is empty
2025-07-26 21:16:38,404 - INFO - Episode queue is empty
2025-07-26 21:16:38,404 - INFO - Episode queue is empty
2025-07-26 21:16:38,404 - INFO - Episode queue is empty
2025-07-26 21:16:38,404 - INFO - Episode queue is empty
2025-07-26 21:16:38,404 - INFO - Episode queue is empty
2025-07-26 21:16:38,404 - INFO - Episode queue is empty
2025-07-26 21:16:38,404 - INFO - Episode queue is empty
2025-07-26 21:16:38,404 - INFO - Episode queue is empty
2025-07-26 21:16:38,404 - INFO - Episode queue is empty
2025-07-26 21:16:38,404 - INFO - Episode queue is empty
2025-07-26 21:16:38,404 - INFO - Episode queue is empty
2025-07-26 21:16:38,404 - INFO - Episode queue is empty
2025-07-26 21:16:38,404 - INFO - Episode queue is empty
2025-07-26 21:16:38,404 - INFO - Episode queue is empty
2025-07-26 21:16:38,404 - INFO - Episode queue is empty
2025-07-26 21:16:38,405 - INFO - Episode queue is empty
2025-07-26 21:16:38,405 - INFO - Episode queue is empty
2025-07-26 21:16:38,405 - INFO - Episode queue is empty
2025-07-26 21:16:38,405 - INFO - Episode queue is empty
2025-07-26 21:16:38,405 - INFO - Episode queue is empty
2025-07-26 21:16:38,405 - INFO - Episode queue is empty
2025-07-26 21:16:38,405 - INFO - Episode queue is empty
2025-07-26 21:16:38,405 - INFO - Episode queue is empty
2025-07-26 21:16:38,405 - INFO - Episode queue is empty
2025-07-26 21:16:38,405 - INFO - Episode queue is empty
2025-07-26 21:16:38,405 - INFO - Episode queue is empty
2025-07-26 21:16:38,405 - INFO - Episode queue is empty
2025-07-26 21:16:38,405 - INFO - Episode queue is empty
2025-07-26 21:16:38,405 - INFO - Episode queue is empty
2025-07-26 21:16:38,405 - INFO - Episode queue is empty
2025-07-26 21:16:38,406 - INFO - Episode queue is empty
2025-07-26 21:16:38,406 - INFO - Episode queue is empty
2025-07-26 21:16:38,406 - INFO - Episode queue is empty
2025-07-26 21:16:38,406 - INFO - Episode queue is empty
2025-07-26 21:16:38,406 - INFO - Episode queue is empty
2025-07-26 21:16:38,406 - INFO - Episode queue is empty
2025-07-26 21:16:38,406 - INFO - Episode queue is empty
2025-07-26 21:16:38,406 - INFO - Episode queue is empty
2025-07-26 21:16:38,406 - INFO - Episode queue is empty
2025-07-26 21:16:38,406 - INFO - Episode queue is empty
2025-07-26 21:16:38,406 - INFO - Episode queue is empty
2025-07-26 21:16:38,406 - INFO - Episode queue is empty
2025-07-26 21:16:38,406 - INFO - Episode queue is empty
2025-07-26 21:16:38,406 - INFO - Episode queue is empty
2025-07-26 21:16:38,407 - INFO - Episode queue is empty
2025-07-26 21:16:38,407 - INFO - Episode queue is empty
2025-07-26 21:16:38,407 - INFO - Episode queue is empty
2025-07-26 21:16:38,407 - INFO - Episode queue is empty
2025-07-26 21:16:38,407 - INFO - Episode queue is empty
2025-07-26 21:16:38,407 - INFO - Episode queue is empty
2025-07-26 21:16:38,407 - INFO - Episode queue is empty
2025-07-26 21:16:38,407 - INFO - Episode queue is empty
2025-07-26 21:16:38,407 - INFO - Episode queue is empty
2025-07-26 21:16:38,407 - INFO - Episode queue is empty
2025-07-26 21:16:38,407 - INFO - Episode queue is empty
2025-07-26 21:16:38,407 - INFO - Episode queue is empty
2025-07-26 21:16:38,407 - INFO - Episode queue is empty
2025-07-26 21:16:38,407 - INFO - Episode queue is empty
2025-07-26 21:16:38,407 - INFO - Episode queue is empty
2025-07-26 21:16:38,408 - INFO - Episode queue is empty
2025-07-26 21:16:38,408 - INFO - Episode queue is empty
2025-07-26 21:16:38,408 - INFO - Episode queue is empty
2025-07-26 21:16:38,408 - INFO - Episode queue is empty
2025-07-26 21:16:38,408 - INFO - Episode queue is empty
2025-07-26 21:16:38,408 - INFO - Episode queue is empty
2025-07-26 21:16:38,408 - INFO - Episode queue is empty
2025-07-26 21:16:38,408 - INFO - Episode queue is empty
2025-07-26 21:16:38,408 - INFO - Episode queue is empty
2025-07-26 21:16:38,408 - INFO - Episode queue is empty
2025-07-26 21:16:38,408 - INFO - Episode queue is empty
2025-07-26 21:16:38,408 - INFO - Episode queue is empty
2025-07-26 21:16:38,408 - INFO - Episode queue is empty
2025-07-26 21:16:38,408 - INFO - Episode queue is empty
2025-07-26 21:16:38,408 - INFO - Episode queue is empty
2025-07-26 21:16:38,409 - INFO - Episode queue is empty
2025-07-26 21:16:38,409 - INFO - Episode queue is empty
2025-07-26 21:16:38,409 - INFO - Episode queue is empty
2025-07-26 21:16:38,409 - INFO - Episode queue is empty
2025-07-26 21:16:38,409 - INFO - Episode queue is empty
2025-07-26 21:16:38,409 - INFO - Episode queue is empty
2025-07-26 21:16:38,409 - INFO - Episode queue is empty
2025-07-26 21:16:38,409 - INFO - Episode queue is empty
2025-07-26 21:16:38,409 - INFO - Episode queue is empty
2025-07-26 21:16:38,409 - INFO - Episode queue is empty
2025-07-26 21:16:38,409 - INFO - Episode queue is empty
2025-07-26 21:16:38,409 - INFO - Episode queue is empty
2025-07-26 21:16:38,409 - INFO - Episode queue is empty
2025-07-26 21:16:38,409 - INFO - Episode queue is empty
2025-07-26 21:16:38,409 - INFO - Episode queue is empty
2025-07-26 21:16:38,410 - INFO - Episode queue is empty
2025-07-26 21:16:38,410 - INFO - Episode queue is empty
2025-07-26 21:16:38,410 - INFO - Episode queue is empty
2025-07-26 21:16:38,410 - INFO - Episode queue is empty
2025-07-26 21:16:38,410 - INFO - Episode queue is empty
2025-07-26 21:16:38,410 - INFO - Episode queue is empty
2025-07-26 21:16:38,410 - INFO - Episode queue is empty
2025-07-26 21:16:38,410 - INFO - Episode queue is empty
2025-07-26 21:16:38,410 - INFO - Episode queue is empty
2025-07-26 21:16:38,410 - INFO - Episode queue is empty
2025-07-26 21:16:38,410 - INFO - Episode queue is empty
2025-07-26 21:16:38,410 - INFO - Episode queue is empty
2025-07-26 21:16:38,410 - INFO - Episode queue is empty
2025-07-26 21:16:38,410 - INFO - Episode queue is empty
2025-07-26 21:16:38,411 - INFO - Episode queue is empty
2025-07-26 21:16:38,411 - INFO - Episode queue is empty
2025-07-26 21:16:38,411 - INFO - Episode queue is empty
2025-07-26 21:16:38,411 - INFO - Episode queue is empty
2025-07-26 21:16:38,411 - INFO - Episode queue is empty
2025-07-26 21:16:38,411 - INFO - Episode queue is empty
2025-07-26 21:16:38,411 - INFO - Episode queue is empty
2025-07-26 21:16:38,411 - INFO - Episode queue is empty
2025-07-26 21:16:38,411 - INFO - Episode queue is empty
2025-07-26 21:16:38,411 - INFO - Episode queue is empty
2025-07-26 21:16:38,411 - INFO - Episode queue is empty
2025-07-26 21:16:38,411 - INFO - Episode queue is empty
2025-07-26 21:16:38,411 - INFO - Episode queue is empty
2025-07-26 21:16:38,411 - INFO - Episode queue is empty
2025-07-26 21:16:38,411 - INFO - Episode queue is empty
2025-07-26 21:16:38,412 - INFO - Episode queue is empty
2025-07-26 21:16:38,412 - INFO - Episode queue is empty
2025-07-26 21:16:38,412 - INFO - Episode queue is empty
2025-07-26 21:16:38,412 - INFO - Episode queue is empty
2025-07-26 21:16:38,412 - INFO - Episode queue is empty
2025-07-26 21:16:38,412 - INFO - Episode queue is empty
2025-07-26 21:16:38,412 - INFO - Episode queue is empty
2025-07-26 21:16:38,412 - INFO - Episode queue is empty
2025-07-26 21:16:38,412 - INFO - Episode queue is empty
2025-07-26 21:16:38,412 - INFO - Episode queue is empty
2025-07-26 21:16:38,412 - INFO - Episode queue is empty
2025-07-26 21:16:38,412 - INFO - Episode queue is empty
2025-07-26 21:16:38,412 - INFO - Episode queue is empty
2025-07-26 21:16:38,412 - INFO - Episode queue is empty
2025-07-26 21:16:38,412 - INFO - Episode queue is empty
2025-07-26 21:16:38,413 - INFO - Episode queue is empty
2025-07-26 21:16:38,413 - INFO - Episode queue is empty
2025-07-26 21:16:38,413 - INFO - Episode queue is empty
2025-07-26 21:16:38,413 - INFO - Episode queue is empty
2025-07-26 21:16:38,413 - INFO - Episode queue is empty
2025-07-26 21:16:38,413 - INFO - Episode queue is empty
2025-07-26 21:16:38,413 - INFO - Episode queue is empty
2025-07-26 21:16:38,413 - INFO - Episode queue is empty
2025-07-26 21:16:38,413 - INFO - Episode queue is empty
2025-07-26 21:16:38,413 - INFO - Episode queue is empty
2025-07-26 21:16:38,413 - INFO - Episode queue is empty
2025-07-26 21:16:38,413 - INFO - Episode queue is empty
2025-07-26 21:16:38,413 - INFO - Episode queue is empty
2025-07-26 21:16:38,413 - INFO - Episode queue is empty
2025-07-26 21:16:38,413 - INFO - Episode queue is empty
2025-07-26 21:16:38,414 - INFO - Episode queue is empty
2025-07-26 21:16:38,414 - INFO - Episode queue is empty
2025-07-26 21:16:38,414 - INFO - Episode queue is empty
2025-07-26 21:16:38,414 - INFO - Episode queue is empty
2025-07-26 21:16:38,414 - INFO - Episode queue is empty
2025-07-26 21:16:38,414 - INFO - Episode queue is empty
2025-07-26 21:16:38,414 - INFO - Episode queue is empty
2025-07-26 21:16:38,414 - INFO - Episode queue is empty
2025-07-26 21:16:38,414 - INFO - Episode queue is empty
2025-07-26 21:16:38,414 - INFO - Episode queue is empty
2025-07-26 21:16:38,414 - INFO - Episode queue is empty
2025-07-26 21:16:38,414 - INFO - Episode queue is empty
2025-07-26 21:16:38,414 - INFO - Episode queue is empty
2025-07-26 21:16:38,414 - INFO - Episode queue is empty
2025-07-26 21:16:38,415 - INFO - Episode queue is empty
2025-07-26 21:16:38,415 - INFO - Episode queue is empty
2025-07-26 21:16:38,415 - INFO - Episode queue is empty
2025-07-26 21:16:38,415 - INFO - Episode queue is empty
2025-07-26 21:16:38,415 - INFO - Episode queue is empty
2025-07-26 21:16:38,415 - INFO - Episode queue is empty
2025-07-26 21:16:38,415 - INFO - Episode queue is empty
2025-07-26 21:16:38,415 - INFO - Episode queue is empty
2025-07-26 21:16:38,415 - INFO - Episode queue is empty
2025-07-26 21:16:38,415 - INFO - Episode queue is empty
2025-07-26 21:16:38,415 - INFO - Episode queue is empty
2025-07-26 21:16:38,415 - INFO - Episode queue is empty
2025-07-26 21:16:38,415 - INFO - Episode queue is empty
2025-07-26 21:16:38,415 - INFO - Episode queue is empty
2025-07-26 21:16:38,415 - INFO - Episode queue is empty
2025-07-26 21:16:38,416 - INFO - Episode queue is empty
2025-07-26 21:16:38,416 - INFO - Episode queue is empty
2025-07-26 21:16:38,416 - INFO - Episode queue is empty
2025-07-26 21:16:38,416 - INFO - Episode queue is empty
2025-07-26 21:16:38,416 - INFO - Episode queue is empty
2025-07-26 21:16:38,416 - INFO - Episode queue is empty
2025-07-26 21:16:38,416 - INFO - Episode queue is empty
2025-07-26 21:16:38,416 - INFO - Episode queue is empty
2025-07-26 21:16:38,416 - INFO - Episode queue is empty
2025-07-26 21:16:38,416 - INFO - Episode queue is empty
2025-07-26 21:16:38,416 - INFO - Episode queue is empty
2025-07-26 21:16:38,416 - INFO - Episode queue is empty
2025-07-26 21:16:38,416 - INFO - Episode queue is empty
2025-07-26 21:16:38,416 - INFO - Episode queue is empty
2025-07-26 21:16:38,416 - INFO - Episode queue is empty
2025-07-26 21:16:38,417 - INFO - Episode queue is empty
2025-07-26 21:16:38,417 - INFO - Episode queue is empty
2025-07-26 21:16:38,417 - INFO - Episode queue is empty
2025-07-26 21:16:38,417 - INFO - Episode queue is empty
2025-07-26 21:16:38,417 - INFO - Episode queue is empty
2025-07-26 21:16:38,417 - INFO - Episode queue is empty
2025-07-26 21:16:38,417 - INFO - Episode queue is empty
2025-07-26 21:16:38,417 - INFO - Episode queue is empty
2025-07-26 21:16:38,417 - INFO - Episode queue is empty
2025-07-26 21:16:38,417 - INFO - Episode queue is empty
2025-07-26 21:16:38,417 - INFO - Episode queue is empty
2025-07-26 21:16:38,417 - INFO - Episode queue is empty
2025-07-26 21:16:38,417 - INFO - Episode queue is empty
2025-07-26 21:16:38,417 - INFO - Episode queue is empty
2025-07-26 21:16:38,417 - INFO - Episode queue is empty
2025-07-26 21:16:38,418 - INFO - Episode queue is empty
2025-07-26 21:16:38,418 - INFO - Episode queue is empty
2025-07-26 21:16:38,418 - INFO - Episode queue is empty
2025-07-26 21:16:38,418 - INFO - Episode queue is empty
2025-07-26 21:16:38,418 - INFO - Episode queue is empty
2025-07-26 21:16:38,418 - INFO - Episode queue is empty
2025-07-26 21:16:38,418 - INFO - Episode queue is empty
2025-07-26 21:16:38,418 - INFO - Episode queue is empty
2025-07-26 21:16:38,418 - INFO - Episode queue is empty
2025-07-26 21:16:38,418 - INFO - Episode queue is empty
2025-07-26 21:16:38,418 - INFO - Episode queue is empty
2025-07-26 21:16:38,418 - INFO - Episode queue is empty
2025-07-26 21:16:38,418 - INFO - Episode queue is empty
2025-07-26 21:16:38,418 - INFO - Episode queue is empty
2025-07-26 21:16:38,418 - INFO - Episode queue is empty
2025-07-26 21:16:38,419 - INFO - Episode queue is empty
2025-07-26 21:16:38,419 - INFO - Episode queue is empty
2025-07-26 21:16:38,419 - INFO - Episode queue is empty
2025-07-26 21:16:38,419 - INFO - Episode queue is empty
2025-07-26 21:16:38,419 - INFO - Episode queue is empty
2025-07-26 21:16:38,419 - INFO - Episode queue is empty
2025-07-26 21:16:38,419 - INFO - Episode queue is empty
2025-07-26 21:16:38,419 - INFO - Episode queue is empty
2025-07-26 21:16:38,419 - INFO - Episode queue is empty
2025-07-26 21:16:38,419 - INFO - Episode queue is empty
2025-07-26 21:16:38,419 - INFO - Episode queue is empty
2025-07-26 21:16:38,419 - INFO - Episode queue is empty
2025-07-26 21:16:38,419 - INFO - Episode queue is empty
2025-07-26 21:16:38,419 - INFO - Episode queue is empty
2025-07-26 21:16:38,419 - INFO - Episode queue is empty
2025-07-26 21:16:38,420 - INFO - Episode queue is empty
2025-07-26 21:16:38,420 - INFO - Episode queue is empty
2025-07-26 21:16:38,420 - INFO - Episode queue is empty
2025-07-26 21:16:38,420 - INFO - Episode queue is empty
2025-07-26 21:16:38,420 - INFO - Episode queue is empty
2025-07-26 21:16:38,420 - INFO - Episode queue is empty
2025-07-26 21:16:38,420 - INFO - Episode queue is empty
2025-07-26 21:16:38,420 - INFO - Episode queue is empty
2025-07-26 21:16:38,420 - INFO - Episode queue is empty
2025-07-26 21:16:38,420 - INFO - Episode queue is empty
2025-07-26 21:16:38,420 - INFO - Episode queue is empty
2025-07-26 21:16:38,420 - INFO - Episode queue is empty
2025-07-26 21:16:38,420 - INFO - Episode queue is empty
2025-07-26 21:16:38,420 - INFO - Episode queue is empty
2025-07-26 21:16:38,420 - INFO - Episode queue is empty
2025-07-26 21:16:38,421 - INFO - Episode queue is empty
2025-07-26 21:16:38,421 - INFO - Episode queue is empty
2025-07-26 21:16:38,421 - INFO - Episode queue is empty
2025-07-26 21:16:38,421 - INFO - Episode queue is empty
2025-07-26 21:16:38,421 - INFO - Episode queue is empty
2025-07-26 21:16:38,421 - INFO - Episode queue is empty
2025-07-26 21:16:38,421 - INFO - Episode queue is empty
2025-07-26 21:16:38,421 - INFO - Episode queue is empty
2025-07-26 21:16:38,421 - INFO - Episode queue is empty
2025-07-26 21:16:38,421 - INFO - Episode queue is empty
2025-07-26 21:16:38,421 - INFO - Episode queue is empty
2025-07-26 21:16:38,421 - INFO - Episode queue is empty
2025-07-26 21:16:38,421 - INFO - Episode queue is empty
2025-07-26 21:16:38,421 - INFO - Episode queue is empty
2025-07-26 21:16:38,421 - INFO - Episode queue is empty
2025-07-26 21:16:38,422 - INFO - Episode queue is empty
2025-07-26 21:16:38,422 - INFO - Episode queue is empty
2025-07-26 21:16:38,422 - INFO - Episode queue is empty
2025-07-26 21:16:38,422 - INFO - Episode queue is empty
2025-07-26 21:16:38,422 - INFO - Episode queue is empty
2025-07-26 21:16:38,422 - INFO - Episode queue is empty
2025-07-26 21:16:38,422 - INFO - Episode queue is empty
2025-07-26 21:16:38,422 - INFO - Episode queue is empty
2025-07-26 21:16:38,422 - INFO - Episode queue is empty
2025-07-26 21:16:38,422 - INFO - Episode queue is empty
2025-07-26 21:16:38,422 - INFO - Episode queue is empty
2025-07-26 21:16:38,422 - INFO - Episode queue is empty
2025-07-26 21:16:38,423 - INFO - Episode queue is empty
2025-07-26 21:16:38,423 - INFO - Episode queue is empty
2025-07-26 21:16:38,423 - INFO - Episode queue is empty
2025-07-26 21:16:38,423 - INFO - Episode queue is empty
2025-07-26 21:16:38,423 - INFO - Episode queue is empty
2025-07-26 21:16:38,423 - INFO - Episode queue is empty
2025-07-26 21:16:38,423 - INFO - Episode queue is empty
2025-07-26 21:16:38,423 - INFO - Episode queue is empty
2025-07-26 21:16:38,423 - INFO - Episode queue is empty
2025-07-26 21:16:38,423 - INFO - Episode queue is empty
2025-07-26 21:16:38,423 - INFO - Episode queue is empty
2025-07-26 21:16:38,423 - INFO - Episode queue is empty
2025-07-26 21:16:38,423 - INFO - Episode queue is empty
2025-07-26 21:16:38,423 - INFO - Episode queue is empty
2025-07-26 21:16:38,423 - INFO - Episode queue is empty
2025-07-26 21:16:38,424 - INFO - Episode queue is empty
2025-07-26 21:16:38,424 - INFO - Episode queue is empty
2025-07-26 21:16:38,424 - INFO - Episode queue is empty
2025-07-26 21:16:38,424 - INFO - Episode queue is empty
2025-07-26 21:16:38,424 - INFO - Episode queue is empty
2025-07-26 21:16:38,424 - INFO - Episode queue is empty
2025-07-26 21:16:38,424 - INFO - Episode queue is empty
2025-07-26 21:16:38,424 - INFO - Episode queue is empty
2025-07-26 21:16:38,424 - INFO - Episode queue is empty
2025-07-26 21:16:38,424 - INFO - Episode queue is empty
2025-07-26 21:16:38,424 - INFO - Episode queue is empty
2025-07-26 21:16:38,424 - INFO - Episode queue is empty
2025-07-26 21:16:38,424 - INFO - Episode queue is empty
2025-07-26 21:16:38,424 - INFO - Episode queue is empty
2025-07-26 21:16:38,425 - INFO - Episode queue is empty
2025-07-26 21:16:38,425 - INFO - Episode queue is empty
2025-07-26 21:16:38,425 - INFO - Episode queue is empty
2025-07-26 21:16:38,425 - INFO - Episode queue is empty
2025-07-26 21:16:38,425 - INFO - Episode queue is empty
2025-07-26 21:16:38,425 - INFO - Episode queue is empty
2025-07-26 21:16:38,425 - INFO - Episode queue is empty
2025-07-26 21:16:38,425 - INFO - Episode queue is empty
2025-07-26 21:16:38,425 - INFO - Episode queue is empty
2025-07-26 21:16:38,425 - INFO - Episode queue is empty
2025-07-26 21:16:38,425 - INFO - Episode queue is empty
2025-07-26 21:16:38,425 - INFO - Episode queue is empty
2025-07-26 21:16:38,425 - INFO - Episode queue is empty
2025-07-26 21:16:38,425 - INFO - Episode queue is empty
2025-07-26 21:16:38,425 - INFO - Episode queue is empty
2025-07-26 21:16:38,426 - INFO - Episode queue is empty
2025-07-26 21:16:38,426 - INFO - Episode queue is empty
2025-07-26 21:16:38,426 - INFO - Episode queue is empty
2025-07-26 21:16:38,426 - INFO - Episode queue is empty
2025-07-26 21:16:38,426 - INFO - Episode queue is empty
2025-07-26 21:16:38,426 - INFO - Episode queue is empty
2025-07-26 21:16:38,426 - INFO - Episode queue is empty
2025-07-26 21:16:38,426 - INFO - Episode queue is empty
2025-07-26 21:16:38,426 - INFO - Episode queue is empty
2025-07-26 21:16:38,426 - INFO - Episode queue is empty
2025-07-26 21:16:38,426 - INFO - Episode queue is empty
2025-07-26 21:16:38,426 - INFO - Episode queue is empty
2025-07-26 21:16:38,426 - INFO - Episode queue is empty
2025-07-26 21:16:38,426 - INFO - Episode queue is empty
2025-07-26 21:16:38,426 - INFO - Episode queue is empty
2025-07-26 21:16:38,427 - INFO - Episode queue is empty
2025-07-26 21:16:38,427 - INFO - Episode queue is empty
2025-07-26 21:16:38,427 - INFO - Episode queue is empty
2025-07-26 21:16:38,427 - INFO - Episode queue is empty
2025-07-26 21:16:38,427 - INFO - Episode queue is empty
2025-07-26 21:16:38,427 - INFO - Episode queue is empty
2025-07-26 21:16:38,427 - INFO - Episode queue is empty
2025-07-26 21:16:38,427 - INFO - Episode queue is empty
2025-07-26 21:16:38,427 - INFO - Episode queue is empty
2025-07-26 21:16:38,427 - INFO - Episode queue is empty
2025-07-26 21:16:38,427 - INFO - Episode queue is empty
2025-07-26 21:16:38,427 - INFO - Episode queue is empty
2025-07-26 21:16:38,427 - INFO - Episode queue is empty
2025-07-26 21:16:38,427 - INFO - Episode queue is empty
2025-07-26 21:16:38,427 - INFO - Episode queue is empty
2025-07-26 21:16:38,428 - INFO - Episode queue is empty
2025-07-26 21:16:38,428 - INFO - Episode queue is empty
2025-07-26 21:16:38,428 - INFO - Episode queue is empty
2025-07-26 21:16:38,428 - INFO - Episode queue is empty
2025-07-26 21:16:38,428 - INFO - Episode queue is empty
2025-07-26 21:16:38,428 - INFO - Episode queue is empty
2025-07-26 21:16:38,428 - INFO - Episode queue is empty
2025-07-26 21:16:38,428 - INFO - Episode queue is empty
2025-07-26 21:16:38,428 - INFO - Episode queue is empty
2025-07-26 21:16:38,428 - INFO - Episode queue is empty
2025-07-26 21:16:38,428 - INFO - Episode queue is empty
2025-07-26 21:16:38,428 - INFO - Episode queue is empty
2025-07-26 21:16:38,428 - INFO - Episode queue is empty
2025-07-26 21:16:38,428 - INFO - Episode queue is empty
2025-07-26 21:16:38,429 - INFO - Episode queue is empty
2025-07-26 21:16:38,429 - INFO - Episode queue is empty
2025-07-26 21:16:38,429 - INFO - Episode queue is empty
2025-07-26 21:16:38,429 - INFO - Episode queue is empty
2025-07-26 21:16:38,429 - INFO - Episode queue is empty
2025-07-26 21:16:38,429 - INFO - Episode queue is empty
2025-07-26 21:16:38,429 - INFO - Episode queue is empty
2025-07-26 21:16:38,429 - INFO - Episode queue is empty
2025-07-26 21:16:38,429 - INFO - Episode queue is empty
2025-07-26 21:16:38,429 - INFO - Episode queue is empty
2025-07-26 21:16:38,429 - INFO - Episode queue is empty
2025-07-26 21:16:38,429 - INFO - Episode queue is empty
2025-07-26 21:16:38,429 - INFO - Episode queue is empty
2025-07-26 21:16:38,429 - INFO - Episode queue is empty
2025-07-26 21:16:38,429 - INFO - Episode queue is empty
2025-07-26 21:16:38,430 - INFO - Episode queue is empty
2025-07-26 21:16:38,430 - INFO - Episode queue is empty
2025-07-26 21:16:38,430 - INFO - Episode queue is empty
2025-07-26 21:16:38,430 - INFO - Episode queue is empty
2025-07-26 21:16:38,430 - INFO - Episode queue is empty
2025-07-26 21:16:38,430 - INFO - Episode queue is empty
2025-07-26 21:16:38,430 - INFO - Episode queue is empty
2025-07-26 21:16:38,430 - INFO - Episode queue is empty
2025-07-26 21:16:38,430 - INFO - Episode queue is empty
2025-07-26 21:16:38,430 - INFO - Episode queue is empty
2025-07-26 21:16:38,430 - INFO - Episode queue is empty
2025-07-26 21:16:38,430 - INFO - Episode queue is empty
2025-07-26 21:16:38,430 - INFO - Episode queue is empty
2025-07-26 21:16:38,430 - INFO - Episode queue is empty
2025-07-26 21:16:38,430 - INFO - Episode queue is empty
2025-07-26 21:16:38,431 - INFO - Episode queue is empty
2025-07-26 21:16:38,431 - INFO - Episode queue is empty
2025-07-26 21:16:38,431 - INFO - Episode queue is empty
2025-07-26 21:16:38,431 - INFO - Episode queue is empty
2025-07-26 21:16:38,431 - INFO - Episode queue is empty
2025-07-26 21:16:38,431 - INFO - Episode queue is empty
2025-07-26 21:16:38,431 - INFO - Episode queue is empty
2025-07-26 21:16:38,431 - INFO - Episode queue is empty
2025-07-26 21:16:38,431 - INFO - Episode queue is empty
2025-07-26 21:16:38,431 - INFO - Episode queue is empty
2025-07-26 21:16:38,431 - INFO - Episode queue is empty
2025-07-26 21:16:38,431 - INFO - Episode queue is empty
2025-07-26 21:16:38,431 - INFO - Episode queue is empty
2025-07-26 21:16:38,431 - INFO - Episode queue is empty
2025-07-26 21:16:38,431 - INFO - Episode queue is empty
2025-07-26 21:16:38,432 - INFO - Episode queue is empty
2025-07-26 21:16:38,432 - INFO - Episode queue is empty
2025-07-26 21:16:38,432 - INFO - Episode queue is empty
2025-07-26 21:16:38,432 - INFO - Episode queue is empty
2025-07-26 21:16:38,432 - INFO - Episode queue is empty
2025-07-26 21:16:38,432 - INFO - Episode queue is empty
2025-07-26 21:16:38,432 - INFO - Episode queue is empty
2025-07-26 21:16:38,432 - INFO - Episode queue is empty
2025-07-26 21:16:38,432 - INFO - Episode queue is empty
2025-07-26 21:16:38,432 - INFO - Episode queue is empty
2025-07-26 21:16:38,432 - INFO - Episode queue is empty
2025-07-26 21:16:38,432 - INFO - Episode queue is empty
2025-07-26 21:16:38,432 - INFO - Episode queue is empty
2025-07-26 21:16:38,432 - INFO - Episode queue is empty
2025-07-26 21:16:38,433 - INFO - Episode queue is empty
2025-07-26 21:16:38,433 - INFO - Episode queue is empty
2025-07-26 21:16:38,433 - INFO - Episode queue is empty
2025-07-26 21:16:38,433 - INFO - Episode queue is empty
2025-07-26 21:16:38,433 - INFO - Episode queue is empty
2025-07-26 21:16:38,433 - INFO - Episode queue is empty
2025-07-26 21:16:38,433 - INFO - Episode queue is empty
2025-07-26 21:16:38,433 - INFO - Episode queue is empty
2025-07-26 21:16:38,433 - INFO - Episode queue is empty
2025-07-26 21:16:38,433 - INFO - Episode queue is empty
2025-07-26 21:16:38,433 - INFO - Episode queue is empty
2025-07-26 21:16:38,433 - INFO - Episode queue is empty
2025-07-26 21:16:38,433 - INFO - Episode queue is empty
2025-07-26 21:16:38,433 - INFO - Episode queue is empty
2025-07-26 21:16:38,433 - INFO - Episode queue is empty
2025-07-26 21:16:38,434 - INFO - Episode queue is empty
2025-07-26 21:16:38,434 - INFO - Episode queue is empty
2025-07-26 21:16:38,434 - INFO - Episode queue is empty
2025-07-26 21:16:38,434 - INFO - Episode queue is empty
2025-07-26 21:16:38,434 - INFO - Episode queue is empty
2025-07-26 21:16:38,434 - INFO - Episode queue is empty
2025-07-26 21:16:38,434 - INFO - Episode queue is empty
2025-07-26 21:16:38,434 - INFO - Episode queue is empty
2025-07-26 21:16:38,434 - INFO - Episode queue is empty
2025-07-26 21:16:38,434 - INFO - Episode queue is empty
2025-07-26 21:16:38,434 - INFO - Episode queue is empty
2025-07-26 21:16:38,434 - INFO - Episode queue is empty
2025-07-26 21:16:38,434 - INFO - Episode queue is empty
2025-07-26 21:16:38,434 - INFO - Episode queue is empty
2025-07-26 21:16:38,435 - INFO - Episode queue is empty
2025-07-26 21:16:38,435 - INFO - Episode queue is empty
2025-07-26 21:16:38,435 - INFO - Episode queue is empty
2025-07-26 21:16:38,435 - INFO - Episode queue is empty
2025-07-26 21:16:38,435 - INFO - Episode queue is empty
2025-07-26 21:16:38,435 - INFO - Episode queue is empty
2025-07-26 21:16:38,435 - INFO - Episode queue is empty
2025-07-26 21:16:38,435 - INFO - Episode queue is empty
2025-07-26 21:16:38,435 - INFO - Episode queue is empty
2025-07-26 21:16:38,435 - INFO - Episode queue is empty
2025-07-26 21:16:38,435 - INFO - Episode queue is empty
2025-07-26 21:16:38,435 - INFO - Episode queue is empty
2025-07-26 21:16:38,435 - INFO - Episode queue is empty
2025-07-26 21:16:38,435 - INFO - Episode queue is empty
2025-07-26 21:16:38,436 - INFO - Episode queue is empty
2025-07-26 21:16:38,436 - INFO - Episode queue is empty
2025-07-26 21:16:38,436 - INFO - Episode queue is empty
2025-07-26 21:16:38,436 - INFO - Episode queue is empty
2025-07-26 21:16:38,436 - INFO - Episode queue is empty
2025-07-26 21:16:38,436 - INFO - Episode queue is empty
2025-07-26 21:16:38,436 - INFO - Episode queue is empty
2025-07-26 21:16:38,436 - INFO - Episode queue is empty
2025-07-26 21:16:38,436 - INFO - Episode queue is empty
2025-07-26 21:16:38,436 - INFO - Episode queue is empty
2025-07-26 21:16:38,436 - INFO - Episode queue is empty
2025-07-26 21:16:38,436 - INFO - Episode queue is empty
2025-07-26 21:16:38,436 - INFO - Episode queue is empty
2025-07-26 21:16:38,436 - INFO - Episode queue is empty
2025-07-26 21:16:38,437 - INFO - Episode queue is empty
2025-07-26 21:16:38,437 - INFO - Episode queue is empty
2025-07-26 21:16:38,437 - INFO - Episode queue is empty
2025-07-26 21:16:38,437 - INFO - Episode queue is empty
2025-07-26 21:16:38,437 - INFO - Episode queue is empty
2025-07-26 21:16:38,437 - INFO - Episode queue is empty
2025-07-26 21:16:38,437 - INFO - Episode queue is empty
2025-07-26 21:16:38,437 - INFO - Episode queue is empty
2025-07-26 21:16:38,437 - INFO - Episode queue is empty
2025-07-26 21:16:38,437 - INFO - Episode queue is empty
2025-07-26 21:16:38,437 - INFO - Episode queue is empty
2025-07-26 21:16:38,437 - INFO - Episode queue is empty
2025-07-26 21:16:38,437 - INFO - Episode queue is empty
2025-07-26 21:16:38,437 - INFO - Episode queue is empty
2025-07-26 21:16:38,437 - INFO - Episode queue is empty
2025-07-26 21:16:38,438 - INFO - Episode queue is empty
2025-07-26 21:16:38,438 - INFO - Episode queue is empty
2025-07-26 21:16:38,438 - INFO - Episode queue is empty
2025-07-26 21:16:38,438 - INFO - Episode queue is empty
2025-07-26 21:16:38,438 - INFO - Episode queue is empty
2025-07-26 21:16:38,438 - INFO - Episode queue is empty
2025-07-26 21:16:38,438 - INFO - Episode queue is empty
2025-07-26 21:16:38,438 - INFO - Episode queue is empty
2025-07-26 21:16:38,438 - INFO - Episode queue is empty
2025-07-26 21:16:38,438 - INFO - Episode queue is empty
2025-07-26 21:16:38,438 - INFO - Episode queue is empty
2025-07-26 21:16:38,438 - INFO - Episode queue is empty
2025-07-26 21:16:38,438 - INFO - Episode queue is empty
2025-07-26 21:16:38,438 - INFO - Episode queue is empty
2025-07-26 21:16:38,439 - INFO - Episode queue is empty
2025-07-26 21:16:38,439 - INFO - Episode queue is empty
2025-07-26 21:16:38,439 - INFO - Episode queue is empty
2025-07-26 21:16:38,439 - INFO - Episode queue is empty
2025-07-26 21:16:38,439 - INFO - Episode queue is empty
2025-07-26 21:16:38,439 - INFO - Episode queue is empty
2025-07-26 21:16:38,439 - INFO - Episode queue is empty
2025-07-26 21:16:38,439 - INFO - Episode queue is empty
2025-07-26 21:16:38,439 - INFO - Episode queue is empty
2025-07-26 21:16:38,439 - INFO - Episode queue is empty
2025-07-26 21:16:38,439 - INFO - Episode queue is empty
2025-07-26 21:16:38,439 - INFO - Episode queue is empty
2025-07-26 21:16:38,439 - INFO - Episode queue is empty
2025-07-26 21:16:38,439 - INFO - Episode queue is empty
2025-07-26 21:16:38,440 - INFO - Episode queue is empty
2025-07-26 21:16:38,440 - INFO - Episode queue is empty
2025-07-26 21:16:38,440 - INFO - Episode queue is empty
2025-07-26 21:16:38,440 - INFO - Episode queue is empty
2025-07-26 21:16:38,440 - INFO - Episode queue is empty
2025-07-26 21:16:38,440 - INFO - Episode queue is empty
2025-07-26 21:16:38,440 - INFO - Episode queue is empty
2025-07-26 21:16:38,440 - INFO - Episode queue is empty
2025-07-26 21:16:38,440 - INFO - Episode queue is empty
2025-07-26 21:16:38,440 - INFO - Episode queue is empty
2025-07-26 21:16:38,440 - INFO - Episode queue is empty
2025-07-26 21:16:38,440 - INFO - Episode queue is empty
2025-07-26 21:16:38,440 - INFO - Episode queue is empty
2025-07-26 21:16:38,440 - INFO - Episode queue is empty
2025-07-26 21:16:38,441 - INFO - Episode queue is empty
2025-07-26 21:16:38,441 - INFO - Episode queue is empty
2025-07-26 21:16:38,441 - INFO - Episode queue is empty
2025-07-26 21:16:38,441 - INFO - Episode queue is empty
2025-07-26 21:16:38,441 - INFO - Episode queue is empty
2025-07-26 21:16:38,441 - INFO - Episode queue is empty
2025-07-26 21:16:38,441 - INFO - Episode queue is empty
2025-07-26 21:16:38,441 - INFO - Episode queue is empty
2025-07-26 21:16:38,441 - INFO - Episode queue is empty
2025-07-26 21:16:38,441 - INFO - Episode queue is empty
2025-07-26 21:16:38,441 - INFO - Episode queue is empty
2025-07-26 21:16:38,441 - INFO - Episode queue is empty
2025-07-26 21:16:38,441 - INFO - Episode queue is empty
2025-07-26 21:16:38,441 - INFO - Episode queue is empty
2025-07-26 21:16:38,442 - INFO - Episode queue is empty
2025-07-26 21:16:38,442 - INFO - Episode queue is empty
2025-07-26 21:16:38,442 - INFO - Episode queue is empty
2025-07-26 21:16:38,442 - INFO - Episode queue is empty
2025-07-26 21:16:38,442 - INFO - Episode queue is empty
2025-07-26 21:16:38,442 - INFO - Episode queue is empty
2025-07-26 21:16:38,442 - INFO - Episode queue is empty
2025-07-26 21:16:38,442 - INFO - Episode queue is empty
2025-07-26 21:16:38,442 - INFO - Episode queue is empty
2025-07-26 21:16:38,442 - INFO - Episode queue is empty
2025-07-26 21:16:38,442 - INFO - Episode queue is empty
2025-07-26 21:16:38,442 - INFO - Episode queue is empty
2025-07-26 21:16:38,442 - INFO - Episode queue is empty
2025-07-26 21:16:38,443 - INFO - Episode queue is empty
2025-07-26 21:16:38,443 - INFO - Episode queue is empty
2025-07-26 21:16:38,443 - INFO - Episode queue is empty
2025-07-26 21:16:38,443 - INFO - Episode queue is empty
2025-07-26 21:16:38,443 - INFO - Episode queue is empty
2025-07-26 21:16:38,443 - INFO - Episode queue is empty
2025-07-26 21:16:38,443 - INFO - Episode queue is empty
2025-07-26 21:16:38,443 - INFO - Episode queue is empty
2025-07-26 21:16:38,443 - INFO - Episode queue is empty
2025-07-26 21:16:38,443 - INFO - Episode queue is empty
2025-07-26 21:16:38,443 - INFO - Episode queue is empty
2025-07-26 21:16:38,443 - INFO - Episode queue is empty
2025-07-26 21:16:38,443 - INFO - Episode queue is empty
2025-07-26 21:16:38,443 - INFO - Episode queue is empty
2025-07-26 21:16:38,444 - INFO - Episode queue is empty
2025-07-26 21:16:38,444 - INFO - Episode queue is empty
2025-07-26 21:16:38,444 - INFO - Episode queue is empty
2025-07-26 21:16:38,444 - INFO - Episode queue is empty
2025-07-26 21:16:38,444 - INFO - Episode queue is empty
2025-07-26 21:16:38,444 - INFO - Episode queue is empty
2025-07-26 21:16:38,444 - INFO - Episode queue is empty
2025-07-26 21:16:38,444 - INFO - Episode queue is empty
2025-07-26 21:16:38,444 - INFO - Episode queue is empty
2025-07-26 21:16:38,444 - INFO - Episode queue is empty
2025-07-26 21:16:38,444 - INFO - Episode queue is empty
2025-07-26 21:16:38,444 - INFO - Episode queue is empty
2025-07-26 21:16:38,444 - INFO - Episode queue is empty
2025-07-26 21:16:38,444 - INFO - Episode queue is empty
2025-07-26 21:16:38,445 - INFO - Episode queue is empty
2025-07-26 21:16:38,445 - INFO - Episode queue is empty
2025-07-26 21:16:38,445 - INFO - Episode queue is empty
2025-07-26 21:16:38,445 - INFO - Episode queue is empty
2025-07-26 21:16:38,445 - INFO - Episode queue is empty
2025-07-26 21:16:38,445 - INFO - Episode queue is empty
2025-07-26 21:16:38,445 - INFO - Episode queue is empty
2025-07-26 21:16:38,445 - INFO - Episode queue is empty
2025-07-26 21:16:38,445 - INFO - Episode queue is empty
2025-07-26 21:16:38,445 - INFO - Episode queue is empty
2025-07-26 21:16:38,445 - INFO - Episode queue is empty
2025-07-26 21:16:38,445 - INFO - Episode queue is empty
2025-07-26 21:16:38,445 - INFO - Episode queue is empty
2025-07-26 21:16:38,446 - INFO - Episode queue is empty
2025-07-26 21:16:38,446 - INFO - Episode queue is empty
2025-07-26 21:16:38,446 - INFO - Episode queue is empty
2025-07-26 21:16:38,446 - INFO - Episode queue is empty
2025-07-26 21:16:38,446 - INFO - Episode queue is empty
2025-07-26 21:16:38,446 - INFO - Episode queue is empty
2025-07-26 21:16:38,446 - INFO - Episode queue is empty
2025-07-26 21:16:38,446 - INFO - Episode queue is empty
2025-07-26 21:16:38,446 - INFO - Episode queue is empty
2025-07-26 21:16:38,446 - INFO - Episode queue is empty
2025-07-26 21:16:38,446 - INFO - Episode queue is empty
2025-07-26 21:16:38,446 - INFO - Episode queue is empty
2025-07-26 21:16:38,446 - INFO - Episode queue is empty
2025-07-26 21:16:38,446 - INFO - Episode queue is empty
2025-07-26 21:16:38,447 - INFO - Episode queue is empty
2025-07-26 21:16:38,447 - INFO - Episode queue is empty
2025-07-26 21:16:38,447 - INFO - Episode queue is empty
2025-07-26 21:16:38,447 - INFO - Episode queue is empty
2025-07-26 21:16:38,447 - INFO - Episode queue is empty
2025-07-26 21:16:38,447 - INFO - Episode queue is empty
2025-07-26 21:16:38,447 - INFO - Episode queue is empty
2025-07-26 21:16:38,447 - INFO - Episode queue is empty
2025-07-26 21:16:38,447 - INFO - Episode queue is empty
2025-07-26 21:16:38,447 - INFO - Episode queue is empty
2025-07-26 21:16:38,447 - INFO - Episode queue is empty
2025-07-26 21:16:38,447 - INFO - Episode queue is empty
2025-07-26 21:16:38,447 - INFO - Episode queue is empty
2025-07-26 21:16:38,447 - INFO - Episode queue is empty
2025-07-26 21:16:38,448 - INFO - Episode queue is empty
2025-07-26 21:16:38,448 - INFO - Episode queue is empty
2025-07-26 21:16:38,448 - INFO - Episode queue is empty
2025-07-26 21:16:38,448 - INFO - Episode queue is empty
2025-07-26 21:16:38,448 - INFO - Episode queue is empty
2025-07-26 21:16:38,448 - INFO - Episode queue is empty
2025-07-26 21:16:38,448 - INFO - Episode queue is empty
2025-07-26 21:16:38,448 - INFO - Episode queue is empty
2025-07-26 21:16:38,448 - INFO - Episode queue is empty
2025-07-26 21:16:38,448 - INFO - Episode queue is empty
2025-07-26 21:16:38,448 - INFO - Episode queue is empty
2025-07-26 21:16:38,448 - INFO - Episode queue is empty
2025-07-26 21:16:38,448 - INFO - Episode queue is empty
2025-07-26 21:16:38,448 - INFO - Episode queue is empty
2025-07-26 21:16:38,449 - INFO - Episode queue is empty
2025-07-26 21:16:38,449 - INFO - Episode queue is empty
2025-07-26 21:16:38,449 - INFO - Episode queue is empty
2025-07-26 21:16:38,449 - INFO - Episode queue is empty
2025-07-26 21:16:38,449 - INFO - Episode queue is empty
2025-07-26 21:16:38,449 - INFO - Episode queue is empty
2025-07-26 21:16:38,449 - INFO - Episode queue is empty
2025-07-26 21:16:38,449 - INFO - Episode queue is empty
2025-07-26 21:16:38,449 - INFO - Episode queue is empty
2025-07-26 21:16:38,449 - INFO - Episode queue is empty
2025-07-26 21:16:38,449 - INFO - Episode queue is empty
2025-07-26 21:16:38,449 - INFO - Episode queue is empty
2025-07-26 21:16:38,449 - INFO - Episode queue is empty
2025-07-26 21:16:38,450 - INFO - Episode queue is empty
2025-07-26 21:16:38,450 - INFO - Episode queue is empty
2025-07-26 21:16:38,450 - INFO - Episode queue is empty
2025-07-26 21:16:38,450 - INFO - Episode queue is empty
2025-07-26 21:16:38,450 - INFO - Episode queue is empty
2025-07-26 21:16:38,450 - INFO - Episode queue is empty
2025-07-26 21:16:38,450 - INFO - Episode queue is empty
2025-07-26 21:16:38,450 - INFO - Episode queue is empty
2025-07-26 21:16:38,450 - INFO - Episode queue is empty
2025-07-26 21:16:38,450 - INFO - Episode queue is empty
2025-07-26 21:16:38,450 - INFO - Episode queue is empty
2025-07-26 21:16:38,450 - INFO - Episode queue is empty
2025-07-26 21:16:38,450 - INFO - Episode queue is empty
2025-07-26 21:16:38,450 - INFO - Episode queue is empty
2025-07-26 21:16:38,451 - INFO - Episode queue is empty
2025-07-26 21:16:38,451 - INFO - Episode queue is empty
2025-07-26 21:16:38,451 - INFO - Episode queue is empty
2025-07-26 21:16:38,451 - INFO - Episode queue is empty
2025-07-26 21:16:38,451 - INFO - Episode queue is empty
2025-07-26 21:16:38,451 - INFO - Episode queue is empty
2025-07-26 21:16:38,451 - INFO - Episode queue is empty
2025-07-26 21:16:38,451 - INFO - Episode queue is empty
2025-07-26 21:16:38,451 - INFO - Episode queue is empty
2025-07-26 21:16:38,451 - INFO - Episode queue is empty
2025-07-26 21:16:38,451 - INFO - Episode queue is empty
2025-07-26 21:16:38,451 - INFO - Episode queue is empty
2025-07-26 21:16:38,451 - INFO - Episode queue is empty
2025-07-26 21:16:38,451 - INFO - Episode queue is empty
2025-07-26 21:16:38,452 - INFO - Episode queue is empty
2025-07-26 21:16:38,452 - INFO - Episode queue is empty
2025-07-26 21:16:38,452 - INFO - Episode queue is empty
2025-07-26 21:16:38,452 - INFO - Episode queue is empty
2025-07-26 21:16:38,452 - INFO - Episode queue is empty
2025-07-26 21:16:38,452 - INFO - Episode queue is empty
2025-07-26 21:16:38,452 - INFO - Episode queue is empty
2025-07-26 21:16:38,452 - INFO - Episode queue is empty
2025-07-26 21:16:38,452 - INFO - Episode queue is empty
2025-07-26 21:16:38,452 - INFO - Episode queue is empty
2025-07-26 21:16:38,452 - INFO - Episode queue is empty
2025-07-26 21:16:38,452 - INFO - Episode queue is empty
2025-07-26 21:16:38,452 - INFO - Episode queue is empty
2025-07-26 21:16:38,453 - INFO - Episode queue is empty
2025-07-26 21:16:38,453 - INFO - Episode queue is empty
2025-07-26 21:16:38,453 - INFO - Episode queue is empty
2025-07-26 21:16:38,453 - INFO - Episode queue is empty
2025-07-26 21:16:38,453 - INFO - Episode queue is empty
2025-07-26 21:16:38,453 - INFO - Episode queue is empty
2025-07-26 21:16:38,453 - INFO - Episode queue is empty
2025-07-26 21:16:38,453 - INFO - Episode queue is empty
2025-07-26 21:16:38,453 - INFO - Episode queue is empty
2025-07-26 21:16:38,453 - INFO - Episode queue is empty
2025-07-26 21:16:38,453 - INFO - Episode queue is empty
2025-07-26 21:16:38,453 - INFO - Episode queue is empty
2025-07-26 21:16:38,453 - INFO - Episode queue is empty
2025-07-26 21:16:38,453 - INFO - Episode queue is empty
2025-07-26 21:16:38,454 - INFO - Episode queue is empty
2025-07-26 21:16:38,454 - INFO - Episode queue is empty
2025-07-26 21:16:38,454 - INFO - Episode queue is empty
2025-07-26 21:16:38,454 - INFO - Episode queue is empty
2025-07-26 21:16:38,454 - INFO - Episode queue is empty
2025-07-26 21:16:38,454 - INFO - Episode queue is empty
2025-07-26 21:16:38,454 - INFO - Episode queue is empty
2025-07-26 21:16:38,454 - INFO - Episode queue is empty
2025-07-26 21:16:38,454 - INFO - Episode queue is empty
2025-07-26 21:16:38,454 - INFO - Episode queue is empty
2025-07-26 21:16:38,454 - INFO - Episode queue is empty
2025-07-26 21:16:38,454 - INFO - Episode queue is empty
2025-07-26 21:16:38,454 - INFO - Episode queue is empty
2025-07-26 21:16:38,454 - INFO - Episode queue is empty
2025-07-26 21:16:38,455 - INFO - Episode queue is empty
2025-07-26 21:16:38,455 - INFO - Episode queue is empty
2025-07-26 21:16:38,455 - INFO - Episode queue is empty
2025-07-26 21:16:38,455 - INFO - Episode queue is empty
2025-07-26 21:16:38,455 - INFO - Episode queue is empty
2025-07-26 21:16:38,455 - INFO - Episode queue is empty
2025-07-26 21:16:38,455 - INFO - Episode queue is empty
2025-07-26 21:16:38,455 - INFO - Episode queue is empty
2025-07-26 21:16:38,455 - INFO - Episode queue is empty
2025-07-26 21:16:38,455 - INFO - Episode queue is empty
2025-07-26 21:16:38,455 - INFO - Episode queue is empty
2025-07-26 21:16:38,455 - INFO - Episode queue is empty
2025-07-26 21:16:38,455 - INFO - Episode queue is empty
2025-07-26 21:16:38,456 - INFO - Episode queue is empty
2025-07-26 21:16:38,456 - INFO - Episode queue is empty
2025-07-26 21:16:38,456 - INFO - Episode queue is empty
2025-07-26 21:16:38,456 - INFO - Episode queue is empty
2025-07-26 21:16:38,456 - INFO - Episode queue is empty
2025-07-26 21:16:38,456 - INFO - Episode queue is empty
2025-07-26 21:16:38,456 - INFO - Episode queue is empty
2025-07-26 21:16:38,456 - INFO - Episode queue is empty
2025-07-26 21:16:38,456 - INFO - Episode queue is empty
2025-07-26 21:16:38,456 - INFO - Episode queue is empty
2025-07-26 21:16:38,456 - INFO - Episode queue is empty
2025-07-26 21:16:38,456 - INFO - Episode queue is empty
2025-07-26 21:16:38,456 - INFO - Episode queue is empty
2025-07-26 21:16:38,457 - INFO - Episode queue is empty
2025-07-26 21:16:38,457 - INFO - Episode queue is empty
2025-07-26 21:16:38,457 - INFO - Episode queue is empty
2025-07-26 21:16:38,457 - INFO - Episode queue is empty
2025-07-26 21:16:38,457 - INFO - Episode queue is empty
2025-07-26 21:16:38,457 - INFO - Episode queue is empty
2025-07-26 21:16:38,457 - INFO - Episode queue is empty
2025-07-26 21:16:38,457 - INFO - Episode queue is empty
2025-07-26 21:16:38,457 - INFO - Episode queue is empty
2025-07-26 21:16:38,457 - INFO - Episode queue is empty
2025-07-26 21:16:38,457 - INFO - Episode queue is empty
2025-07-26 21:16:38,457 - INFO - Episode queue is empty
2025-07-26 21:16:38,457 - INFO - Episode queue is empty
2025-07-26 21:16:38,457 - INFO - Episode queue is empty
2025-07-26 21:16:38,458 - INFO - Episode queue is empty
2025-07-26 21:16:38,458 - INFO - Episode queue is empty
2025-07-26 21:16:38,458 - INFO - Episode queue is empty
2025-07-26 21:16:38,458 - INFO - Episode queue is empty
2025-07-26 21:16:38,458 - INFO - Episode queue is empty
2025-07-26 21:16:38,458 - INFO - Episode queue is empty
2025-07-26 21:16:38,458 - INFO - Episode queue is empty
2025-07-26 21:16:38,458 - INFO - Episode queue is empty
2025-07-26 21:16:38,458 - INFO - Episode queue is empty
2025-07-26 21:16:38,458 - INFO - Episode queue is empty
2025-07-26 21:16:38,458 - INFO - Episode queue is empty
2025-07-26 21:16:38,458 - INFO - Episode queue is empty
2025-07-26 21:16:38,458 - INFO - Episode queue is empty
2025-07-26 21:16:38,459 - INFO - Episode queue is empty
2025-07-26 21:16:38,459 - INFO - Episode queue is empty
2025-07-26 21:16:38,459 - INFO - Episode queue is empty
2025-07-26 21:16:38,459 - INFO - Episode queue is empty
2025-07-26 21:16:38,459 - INFO - Episode queue is empty
2025-07-26 21:16:38,459 - INFO - Episode queue is empty
2025-07-26 21:16:38,459 - INFO - Episode queue is empty
2025-07-26 21:16:38,459 - INFO - Episode queue is empty
2025-07-26 21:16:38,459 - INFO - Episode queue is empty
2025-07-26 21:16:38,459 - INFO - Episode queue is empty
2025-07-26 21:16:38,459 - INFO - Episode queue is empty
2025-07-26 21:16:38,459 - INFO - Episode queue is empty
2025-07-26 21:16:38,459 - INFO - Episode queue is empty
2025-07-26 21:16:38,460 - INFO - Episode queue is empty
2025-07-26 21:16:38,460 - INFO - Episode queue is empty
2025-07-26 21:16:38,460 - INFO - Episode queue is empty
2025-07-26 21:16:38,460 - INFO - Episode queue is empty
2025-07-26 21:16:38,460 - INFO - Episode queue is empty
2025-07-26 21:16:38,460 - INFO - Episode queue is empty
2025-07-26 21:16:38,460 - INFO - Episode queue is empty
2025-07-26 21:16:38,460 - INFO - Episode queue is empty
2025-07-26 21:16:38,460 - INFO - Episode queue is empty
2025-07-26 21:16:38,460 - INFO - Episode queue is empty
2025-07-26 21:16:38,460 - INFO - Episode queue is empty
2025-07-26 21:16:38,460 - INFO - Episode queue is empty
2025-07-26 21:16:38,460 - INFO - Episode queue is empty
2025-07-26 21:16:38,460 - INFO - Episode queue is empty
2025-07-26 21:16:38,461 - INFO - Episode queue is empty
2025-07-26 21:16:38,461 - INFO - Episode queue is empty
2025-07-26 21:16:38,461 - INFO - Episode queue is empty
2025-07-26 21:16:38,461 - INFO - Episode queue is empty
2025-07-26 21:16:38,461 - INFO - Episode queue is empty
2025-07-26 21:16:38,461 - INFO - Episode queue is empty
2025-07-26 21:16:38,461 - INFO - Episode queue is empty
2025-07-26 21:16:38,461 - INFO - Episode queue is empty
2025-07-26 21:16:38,461 - INFO - Episode queue is empty
2025-07-26 21:16:38,461 - INFO - Episode queue is empty
2025-07-26 21:16:38,461 - INFO - Episode queue is empty
2025-07-26 21:16:38,461 - INFO - Episode queue is empty
2025-07-26 21:16:38,461 - INFO - Episode queue is empty
2025-07-26 21:16:38,462 - INFO - Episode queue is empty
2025-07-26 21:16:38,462 - INFO - Episode queue is empty
2025-07-26 21:16:38,462 - INFO - Episode queue is empty
2025-07-26 21:16:38,462 - INFO - Episode queue is empty
2025-07-26 21:16:38,462 - INFO - Episode queue is empty
2025-07-26 21:16:38,462 - INFO - Episode queue is empty
2025-07-26 21:16:38,462 - INFO - Episode queue is empty
2025-07-26 21:16:38,462 - INFO - Episode queue is empty
2025-07-26 21:16:38,462 - INFO - Episode queue is empty
2025-07-26 21:16:38,462 - INFO - Episode queue is empty
2025-07-26 21:16:38,462 - INFO - Episode queue is empty
2025-07-26 21:16:38,462 - INFO - Episode queue is empty
2025-07-26 21:16:38,462 - INFO - Episode queue is empty
2025-07-26 21:16:38,463 - INFO - Episode queue is empty
2025-07-26 21:16:38,463 - INFO - Episode queue is empty
2025-07-26 21:16:38,463 - INFO - Episode queue is empty
2025-07-26 21:16:38,463 - INFO - Episode queue is empty
2025-07-26 21:16:38,463 - INFO - Episode queue is empty
2025-07-26 21:16:38,463 - INFO - Episode queue is empty
2025-07-26 21:16:38,463 - INFO - Episode queue is empty
2025-07-26 21:16:38,463 - INFO - Episode queue is empty
2025-07-26 21:16:38,463 - INFO - Episode queue is empty
2025-07-26 21:16:38,463 - INFO - Episode queue is empty
2025-07-26 21:16:38,463 - INFO - Episode queue is empty
2025-07-26 21:16:38,463 - INFO - Episode queue is empty
2025-07-26 21:16:38,463 - INFO - Episode queue is empty
2025-07-26 21:16:38,464 - INFO - Episode queue is empty
2025-07-26 21:16:38,464 - INFO - Episode queue is empty
2025-07-26 21:16:38,464 - INFO - Episode queue is empty
2025-07-26 21:16:38,464 - INFO - Episode queue is empty
2025-07-26 21:16:38,464 - INFO - Episode queue is empty
2025-07-26 21:16:38,464 - INFO - Episode queue is empty
2025-07-26 21:16:38,464 - INFO - Episode queue is empty
2025-07-26 21:16:38,464 - INFO - Episode queue is empty
2025-07-26 21:16:38,464 - INFO - Episode queue is empty
2025-07-26 21:16:38,464 - INFO - Episode queue is empty
2025-07-26 21:16:38,464 - INFO - Episode queue is empty
2025-07-26 21:16:38,465 - INFO - Episode queue is empty
2025-07-26 21:16:38,465 - INFO - Episode queue is empty
2025-07-26 21:16:38,465 - INFO - Episode queue is empty
2025-07-26 21:16:38,465 - INFO - Episode queue is empty
2025-07-26 21:16:38,465 - INFO - Episode queue is empty
2025-07-26 21:16:38,465 - INFO - Episode queue is empty
2025-07-26 21:16:38,465 - INFO - Episode queue is empty
2025-07-26 21:16:38,465 - INFO - Episode queue is empty
2025-07-26 21:16:38,465 - INFO - Episode queue is empty
2025-07-26 21:16:38,465 - INFO - Episode queue is empty
2025-07-26 21:16:38,466 - INFO - Episode queue is empty
2025-07-26 21:16:38,466 - INFO - Episode queue is empty
2025-07-26 21:16:38,466 - INFO - Episode queue is empty
2025-07-26 21:16:38,466 - INFO - Episode queue is empty
2025-07-26 21:16:38,466 - INFO - Episode queue is empty
2025-07-26 21:16:38,466 - INFO - Episode queue is empty
2025-07-26 21:16:38,466 - INFO - Episode queue is empty
2025-07-26 21:16:38,466 - INFO - Episode queue is empty
2025-07-26 21:16:38,466 - INFO - Episode queue is empty
2025-07-26 21:16:38,466 - INFO - Episode queue is empty
2025-07-26 21:16:38,466 - INFO - Episode queue is empty
2025-07-26 21:16:38,467 - INFO - Episode queue is empty
2025-07-26 21:16:38,467 - INFO - Episode queue is empty
2025-07-26 21:16:38,467 - INFO - Episode queue is empty
2025-07-26 21:16:38,467 - INFO - Episode queue is empty
2025-07-26 21:16:38,467 - INFO - Episode queue is empty
2025-07-26 21:16:38,467 - INFO - Episode queue is empty
2025-07-26 21:16:38,467 - INFO - Episode queue is empty
2025-07-26 21:16:38,468 - INFO - Episode queue is empty
2025-07-26 21:16:38,468 - INFO - Episode queue is empty
2025-07-26 21:16:38,468 - INFO - Episode queue is empty
2025-07-26 21:16:38,468 - INFO - Episode queue is empty
2025-07-26 21:16:38,468 - INFO - Episode queue is empty
2025-07-26 21:16:38,468 - INFO - Episode queue is empty
2025-07-26 21:16:38,468 - INFO - Episode queue is empty
2025-07-26 21:16:38,468 - INFO - Episode queue is empty
2025-07-26 21:16:38,469 - INFO - Episode queue is empty
2025-07-26 21:16:38,469 - INFO - Episode queue is empty
2025-07-26 21:16:38,469 - INFO - Episode queue is empty
2025-07-26 21:16:38,469 - INFO - Episode queue is empty
2025-07-26 21:16:38,469 - INFO - Episode queue is empty
2025-07-26 21:16:38,469 - INFO - Episode queue is empty
2025-07-26 21:16:38,469 - INFO - Episode queue is empty
2025-07-26 21:16:38,469 - INFO - Episode queue is empty
2025-07-26 21:16:38,469 - INFO - Episode queue is empty
2025-07-26 21:16:38,469 - INFO - Episode queue is empty
2025-07-26 21:16:38,469 - INFO - Episode queue is empty
2025-07-26 21:16:38,470 - INFO - Episode queue is empty
2025-07-26 21:16:38,470 - INFO - Episode queue is empty
2025-07-26 21:16:38,470 - INFO - Episode queue is empty
2025-07-26 21:16:38,470 - INFO - Episode queue is empty
2025-07-26 21:16:38,470 - INFO - Episode queue is empty
2025-07-26 21:16:38,470 - INFO - Episode queue is empty
2025-07-26 21:16:38,470 - INFO - Episode queue is empty
2025-07-26 21:16:38,470 - INFO - Episode queue is empty
2025-07-26 21:16:38,470 - INFO - Episode queue is empty
2025-07-26 21:16:38,470 - INFO - Episode queue is empty
2025-07-26 21:16:38,470 - INFO - Episode queue is empty
2025-07-26 21:16:38,470 - INFO - Episode queue is empty
2025-07-26 21:16:38,470 - INFO - Episode queue is empty
2025-07-26 21:16:38,470 - INFO - Episode queue is empty
2025-07-26 21:16:38,471 - INFO - Episode queue is empty
2025-07-26 21:16:38,471 - INFO - Episode queue is empty
2025-07-26 21:16:38,471 - INFO - Episode queue is empty
2025-07-26 21:16:38,471 - INFO - Episode queue is empty
2025-07-26 21:16:38,471 - INFO - Episode queue is empty
2025-07-26 21:16:38,471 - INFO - Episode queue is empty
2025-07-26 21:16:38,471 - INFO - Episode queue is empty
2025-07-26 21:16:38,471 - INFO - Episode queue is empty
2025-07-26 21:16:38,471 - INFO - Episode queue is empty
2025-07-26 21:16:38,471 - INFO - Episode queue is empty
2025-07-26 21:16:38,471 - INFO - Episode queue is empty
2025-07-26 21:16:38,471 - INFO - Episode queue is empty
2025-07-26 21:16:38,471 - INFO - Episode queue is empty
2025-07-26 21:16:38,471 - INFO - Episode queue is empty
2025-07-26 21:16:38,472 - INFO - Episode queue is empty
2025-07-26 21:16:38,472 - INFO - Episode queue is empty
2025-07-26 21:16:38,472 - INFO - Episode queue is empty
2025-07-26 21:16:38,472 - INFO - Episode queue is empty
2025-07-26 21:16:38,472 - INFO - Episode queue is empty
2025-07-26 21:16:38,472 - INFO - Episode queue is empty
2025-07-26 21:16:38,472 - INFO - Episode queue is empty
2025-07-26 21:16:38,472 - INFO - Episode queue is empty
2025-07-26 21:16:38,472 - INFO - Episode queue is empty
2025-07-26 21:16:38,472 - INFO - Episode queue is empty
2025-07-26 21:16:38,472 - INFO - Episode queue is empty
2025-07-26 21:16:38,472 - INFO - Episode queue is empty
2025-07-26 21:16:38,472 - INFO - Episode queue is empty
2025-07-26 21:16:38,472 - INFO - Episode queue is empty
2025-07-26 21:16:38,473 - INFO - Episode queue is empty
2025-07-26 21:16:38,473 - INFO - Episode queue is empty
2025-07-26 21:16:38,473 - INFO - Episode queue is empty
2025-07-26 21:16:38,473 - INFO - Episode queue is empty
2025-07-26 21:16:38,473 - INFO - Episode queue is empty
2025-07-26 21:16:38,473 - INFO - Episode queue is empty
2025-07-26 21:16:38,473 - INFO - Episode queue is empty
2025-07-26 21:16:38,473 - INFO - Episode queue is empty
2025-07-26 21:16:38,473 - INFO - Episode queue is empty
2025-07-26 21:16:38,473 - INFO - Episode queue is empty
2025-07-26 21:16:38,473 - INFO - Episode queue is empty
2025-07-26 21:16:38,473 - INFO - Episode queue is empty
2025-07-26 21:16:38,473 - INFO - Episode queue is empty
2025-07-26 21:16:38,473 - INFO - Episode queue is empty
2025-07-26 21:16:38,474 - INFO - Episode queue is empty
2025-07-26 21:16:38,474 - INFO - Episode queue is empty
2025-07-26 21:16:38,474 - INFO - Episode queue is empty
2025-07-26 21:16:38,474 - INFO - Episode queue is empty
2025-07-26 21:16:38,474 - INFO - Episode queue is empty
2025-07-26 21:16:38,474 - INFO - Episode queue is empty
2025-07-26 21:16:38,474 - INFO - Episode queue is empty
2025-07-26 21:16:38,474 - INFO - Episode queue is empty
2025-07-26 21:16:38,474 - INFO - Episode queue is empty
2025-07-26 21:16:38,474 - INFO - Episode queue is empty
2025-07-26 21:16:38,474 - INFO - Episode queue is empty
2025-07-26 21:16:38,474 - INFO - Episode queue is empty
2025-07-26 21:16:38,474 - INFO - Episode queue is empty
2025-07-26 21:16:38,474 - INFO - Episode queue is empty
2025-07-26 21:16:38,474 - INFO - Episode queue is empty
2025-07-26 21:16:38,475 - INFO - Episode queue is empty
2025-07-26 21:16:38,475 - INFO - Episode queue is empty
2025-07-26 21:16:38,475 - INFO - Episode queue is empty
2025-07-26 21:16:38,475 - INFO - Episode queue is empty
2025-07-26 21:16:38,475 - INFO - Episode queue is empty
2025-07-26 21:16:38,475 - INFO - Episode queue is empty
2025-07-26 21:16:38,475 - INFO - Episode queue is empty
2025-07-26 21:16:38,475 - INFO - Episode queue is empty
2025-07-26 21:16:38,475 - INFO - Episode queue is empty
2025-07-26 21:16:38,475 - INFO - Episode queue is empty
2025-07-26 21:16:38,475 - INFO - Episode queue is empty
2025-07-26 21:16:38,475 - INFO - Episode queue is empty
2025-07-26 21:16:38,475 - INFO - Episode queue is empty
2025-07-26 21:16:38,475 - INFO - Episode queue is empty
2025-07-26 21:16:38,476 - INFO - Episode queue is empty
2025-07-26 21:16:38,476 - INFO - Episode queue is empty
2025-07-26 21:16:38,476 - INFO - Episode queue is empty
2025-07-26 21:16:38,476 - INFO - Episode queue is empty
2025-07-26 21:16:38,476 - INFO - Episode queue is empty
2025-07-26 21:16:38,476 - INFO - Episode queue is empty
2025-07-26 21:16:38,476 - INFO - Episode queue is empty
2025-07-26 21:16:38,476 - INFO - Episode queue is empty
2025-07-26 21:16:38,476 - INFO - Episode queue is empty
2025-07-26 21:16:38,476 - INFO - Episode queue is empty
2025-07-26 21:16:38,476 - INFO - Episode queue is empty
2025-07-26 21:16:38,476 - INFO - Episode queue is empty
2025-07-26 21:16:38,476 - INFO - Episode queue is empty
2025-07-26 21:16:38,476 - INFO - Episode queue is empty
2025-07-26 21:16:38,476 - INFO - Episode queue is empty
2025-07-26 21:16:38,477 - INFO - Episode queue is empty
2025-07-26 21:16:38,477 - INFO - Episode queue is empty
2025-07-26 21:16:38,477 - INFO - Episode queue is empty
2025-07-26 21:16:38,477 - INFO - Episode queue is empty
2025-07-26 21:16:38,477 - INFO - Episode queue is empty
2025-07-26 21:16:38,477 - INFO - Episode queue is empty
2025-07-26 21:16:38,477 - INFO - Episode queue is empty
2025-07-26 21:16:38,477 - INFO - Episode queue is empty
2025-07-26 21:16:38,477 - INFO - Episode queue is empty
2025-07-26 21:16:38,477 - INFO - Episode queue is empty
2025-07-26 21:16:38,477 - INFO - Episode queue is empty
2025-07-26 21:16:38,477 - INFO - Episode queue is empty
2025-07-26 21:16:38,477 - INFO - Episode queue is empty
2025-07-26 21:16:38,477 - INFO - Episode queue is empty
2025-07-26 21:16:38,477 - INFO - Episode queue is empty
2025-07-26 21:16:38,478 - INFO - Episode queue is empty
2025-07-26 21:16:38,478 - INFO - Episode queue is empty
2025-07-26 21:16:38,478 - INFO - Episode queue is empty
2025-07-26 21:16:38,478 - INFO - Episode queue is empty
2025-07-26 21:16:38,478 - INFO - Episode queue is empty
2025-07-26 21:16:38,478 - INFO - Episode queue is empty
2025-07-26 21:16:38,478 - INFO - Episode queue is empty
2025-07-26 21:16:38,478 - INFO - Episode queue is empty
2025-07-26 21:16:38,478 - INFO - Episode queue is empty
2025-07-26 21:16:38,478 - INFO - Episode queue is empty
2025-07-26 21:16:38,479 - INFO - Episode queue is empty
2025-07-26 21:16:38,479 - INFO - Episode queue is empty
2025-07-26 21:16:38,479 - INFO - Episode queue is empty
2025-07-26 21:16:38,479 - INFO - Episode queue is empty
2025-07-26 21:16:38,479 - INFO - Episode queue is empty
2025-07-26 21:16:38,479 - INFO - Episode queue is empty
2025-07-26 21:16:38,479 - INFO - Episode queue is empty
2025-07-26 21:16:38,479 - INFO - Episode queue is empty
2025-07-26 21:16:38,479 - INFO - Episode queue is empty
2025-07-26 21:16:38,479 - INFO - Episode queue is empty
2025-07-26 21:16:38,479 - INFO - Episode queue is empty
2025-07-26 21:16:38,479 - INFO - Episode queue is empty
2025-07-26 21:16:38,480 - INFO - Episode queue is empty
2025-07-26 21:16:38,480 - INFO - Episode queue is empty
2025-07-26 21:16:38,480 - INFO - Episode queue is empty
2025-07-26 21:16:38,480 - INFO - Episode queue is empty
2025-07-26 21:16:38,480 - INFO - Episode queue is empty
2025-07-26 21:16:38,480 - INFO - Episode queue is empty
2025-07-26 21:16:38,480 - INFO - Episode queue is empty
2025-07-26 21:16:38,480 - INFO - Episode queue is empty
2025-07-26 21:16:38,480 - INFO - Episode queue is empty
2025-07-26 21:16:38,480 - INFO - Episode queue is empty
2025-07-26 21:16:38,480 - INFO - Episode queue is empty
2025-07-26 21:16:38,480 - INFO - Episode queue is empty
2025-07-26 21:16:38,480 - INFO - Episode queue is empty
2025-07-26 21:16:38,480 - INFO - Episode queue is empty
2025-07-26 21:16:38,480 - INFO - Episode queue is empty
2025-07-26 21:16:38,481 - INFO - Episode queue is empty
2025-07-26 21:16:38,481 - INFO - Episode queue is empty
2025-07-26 21:16:38,481 - INFO - Episode queue is empty
2025-07-26 21:16:38,481 - INFO - Episode queue is empty
2025-07-26 21:16:38,481 - INFO - Episode queue is empty
2025-07-26 21:16:38,481 - INFO - Episode queue is empty
2025-07-26 21:16:38,481 - INFO - Episode queue is empty
2025-07-26 21:16:38,481 - INFO - Episode queue is empty
2025-07-26 21:16:38,481 - INFO - Episode queue is empty
2025-07-26 21:16:38,481 - INFO - Episode queue is empty
2025-07-26 21:16:38,481 - INFO - Episode queue is empty
2025-07-26 21:16:38,481 - INFO - Episode queue is empty
2025-07-26 21:16:38,481 - INFO - Episode queue is empty
2025-07-26 21:16:38,481 - INFO - Episode queue is empty
2025-07-26 21:16:38,481 - INFO - Episode queue is empty
2025-07-26 21:16:38,482 - INFO - Episode queue is empty
2025-07-26 21:16:38,482 - INFO - Episode queue is empty
2025-07-26 21:16:38,482 - INFO - Episode queue is empty
2025-07-26 21:16:38,482 - INFO - Episode queue is empty
2025-07-26 21:16:38,482 - INFO - Episode queue is empty
2025-07-26 21:16:38,482 - INFO - Episode queue is empty
2025-07-26 21:16:38,482 - INFO - Episode queue is empty
2025-07-26 21:16:38,482 - INFO - Episode queue is empty
2025-07-26 21:16:38,482 - INFO - Episode queue is empty
2025-07-26 21:16:38,482 - INFO - Episode queue is empty
2025-07-26 21:16:38,482 - INFO - Episode queue is empty
2025-07-26 21:16:38,482 - INFO - Episode queue is empty
2025-07-26 21:16:38,482 - INFO - Episode queue is empty
2025-07-26 21:16:38,482 - INFO - Episode queue is empty
2025-07-26 21:16:38,482 - INFO - Episode queue is empty
2025-07-26 21:16:38,483 - INFO - Episode queue is empty
2025-07-26 21:16:38,483 - INFO - Episode queue is empty
2025-07-26 21:16:38,483 - INFO - Episode queue is empty
2025-07-26 21:16:38,483 - INFO - Episode queue is empty
2025-07-26 21:16:38,483 - INFO - Episode queue is empty
2025-07-26 21:16:38,483 - INFO - Episode queue is empty
2025-07-26 21:16:38,483 - INFO - Episode queue is empty
2025-07-26 21:16:38,483 - INFO - Episode queue is empty
2025-07-26 21:16:38,483 - INFO - Episode queue is empty
2025-07-26 21:16:38,483 - INFO - Episode queue is empty
2025-07-26 21:16:38,483 - INFO - Episode queue is empty
2025-07-26 21:16:38,483 - INFO - Episode queue is empty
2025-07-26 21:16:38,483 - INFO - Episode queue is empty
2025-07-26 21:16:38,483 - INFO - Episode queue is empty
2025-07-26 21:16:38,483 - INFO - Episode queue is empty
2025-07-26 21:16:38,484 - INFO - Episode queue is empty
2025-07-26 21:16:38,484 - INFO - Episode queue is empty
2025-07-26 21:16:38,484 - INFO - Episode queue is empty
2025-07-26 21:16:38,484 - INFO - Episode queue is empty
2025-07-26 21:16:38,484 - INFO - Episode queue is empty
2025-07-26 21:16:38,484 - INFO - Episode queue is empty
2025-07-26 21:16:38,484 - INFO - Episode queue is empty
2025-07-26 21:16:38,484 - INFO - Episode queue is empty
2025-07-26 21:16:38,484 - INFO - Episode queue is empty
2025-07-26 21:16:38,484 - INFO - Episode queue is empty
2025-07-26 21:16:38,484 - INFO - Episode queue is empty
2025-07-26 21:16:38,484 - INFO - Episode queue is empty
2025-07-26 21:16:38,484 - INFO - Episode queue is empty
2025-07-26 21:16:38,484 - INFO - Episode queue is empty
2025-07-26 21:16:38,484 - INFO - Episode queue is empty
2025-07-26 21:16:38,485 - INFO - Episode queue is empty
2025-07-26 21:16:38,485 - INFO - Episode queue is empty
2025-07-26 21:16:38,485 - INFO - Episode queue is empty
2025-07-26 21:16:38,485 - INFO - Episode queue is empty
2025-07-26 21:16:38,485 - INFO - Episode queue is empty
2025-07-26 21:16:38,485 - INFO - Episode queue is empty
2025-07-26 21:16:38,485 - INFO - Episode queue is empty
2025-07-26 21:16:38,485 - INFO - Episode queue is empty
2025-07-26 21:16:38,485 - INFO - Episode queue is empty
2025-07-26 21:16:38,485 - INFO - Episode queue is empty
2025-07-26 21:16:38,485 - INFO - Episode queue is empty
2025-07-26 21:16:38,485 - INFO - Episode queue is empty
2025-07-26 21:16:38,485 - INFO - Episode queue is empty
2025-07-26 21:16:38,485 - INFO - Episode queue is empty
2025-07-26 21:16:38,485 - INFO - Episode queue is empty
2025-07-26 21:16:38,486 - INFO - Episode queue is empty
2025-07-26 21:16:38,486 - INFO - Episode queue is empty
2025-07-26 21:16:38,486 - INFO - Episode queue is empty
2025-07-26 21:16:38,486 - INFO - Episode queue is empty
2025-07-26 21:16:38,486 - INFO - Episode queue is empty
2025-07-26 21:16:38,486 - INFO - Episode queue is empty
2025-07-26 21:16:38,486 - INFO - Episode queue is empty
2025-07-26 21:16:38,486 - INFO - Episode queue is empty
2025-07-26 21:16:38,486 - INFO - Episode queue is empty
2025-07-26 21:16:38,486 - INFO - Episode queue is empty
2025-07-26 21:16:38,486 - INFO - Episode queue is empty
2025-07-26 21:16:38,486 - INFO - Episode queue is empty
2025-07-26 21:16:38,486 - INFO - Episode queue is empty
2025-07-26 21:16:38,486 - INFO - Episode queue is empty
2025-07-26 21:16:38,486 - INFO - Episode queue is empty
2025-07-26 21:16:38,487 - INFO - Episode queue is empty
2025-07-26 21:16:38,487 - INFO - Episode queue is empty
2025-07-26 21:16:38,487 - INFO - Episode queue is empty
2025-07-26 21:16:38,487 - INFO - Episode queue is empty
2025-07-26 21:16:38,487 - INFO - Episode queue is empty
2025-07-26 21:16:38,487 - INFO - Episode queue is empty
2025-07-26 21:16:38,487 - INFO - Episode queue is empty
2025-07-26 21:16:38,487 - INFO - Episode queue is empty
2025-07-26 21:16:38,487 - INFO - Episode queue is empty
2025-07-26 21:16:38,487 - INFO - Episode queue is empty
2025-07-26 21:16:38,487 - INFO - Episode queue is empty
2025-07-26 21:16:38,487 - INFO - Episode queue is empty
2025-07-26 21:16:38,487 - INFO - Episode queue is empty
2025-07-26 21:16:38,487 - INFO - Episode queue is empty
2025-07-26 21:16:38,488 - INFO - Episode queue is empty
2025-07-26 21:16:38,488 - INFO - Episode queue is empty
2025-07-26 21:16:38,488 - INFO - Episode queue is empty
2025-07-26 21:16:38,488 - INFO - Episode queue is empty
2025-07-26 21:16:38,488 - INFO - Episode queue is empty
2025-07-26 21:16:38,488 - INFO - Episode queue is empty
2025-07-26 21:16:38,488 - INFO - Episode queue is empty
2025-07-26 21:16:38,488 - INFO - Episode queue is empty
2025-07-26 21:16:38,488 - INFO - Episode queue is empty
2025-07-26 21:16:38,488 - INFO - Episode queue is empty
2025-07-26 21:16:38,488 - INFO - Episode queue is empty
2025-07-26 21:16:38,488 - INFO - Episode queue is empty
2025-07-26 21:16:38,488 - INFO - Episode queue is empty
2025-07-26 21:16:38,488 - INFO - Episode queue is empty
2025-07-26 21:16:38,488 - INFO - Episode queue is empty
2025-07-26 21:16:38,489 - INFO - Episode queue is empty
2025-07-26 21:16:38,489 - INFO - Episode queue is empty
2025-07-26 21:16:38,489 - INFO - Episode queue is empty
2025-07-26 21:16:38,489 - INFO - Episode queue is empty
2025-07-26 21:16:38,489 - INFO - Episode queue is empty
2025-07-26 21:16:38,489 - INFO - Episode queue is empty
2025-07-26 21:16:38,489 - INFO - Episode queue is empty
2025-07-26 21:16:38,489 - INFO - Episode queue is empty
2025-07-26 21:16:38,489 - INFO - Episode queue is empty
2025-07-26 21:16:38,489 - INFO - Episode queue is empty
2025-07-26 21:16:38,489 - INFO - Episode queue is empty
2025-07-26 21:16:38,489 - INFO - Episode queue is empty
2025-07-26 21:16:38,489 - INFO - Episode queue is empty
2025-07-26 21:16:38,489 - INFO - Episode queue is empty
2025-07-26 21:16:38,489 - INFO - Episode queue is empty
2025-07-26 21:16:38,490 - INFO - Episode queue is empty
2025-07-26 21:16:38,490 - INFO - Episode queue is empty
2025-07-26 21:16:38,490 - INFO - Episode queue is empty
2025-07-26 21:16:38,490 - INFO - Episode queue is empty
2025-07-26 21:16:38,490 - INFO - Episode queue is empty
2025-07-26 21:16:38,490 - INFO - Episode queue is empty
2025-07-26 21:16:38,490 - INFO - Episode queue is empty
2025-07-26 21:16:38,490 - INFO - Episode queue is empty
2025-07-26 21:16:38,490 - INFO - Episode queue is empty
2025-07-26 21:16:38,490 - INFO - Episode queue is empty
2025-07-26 21:16:38,490 - INFO - Episode queue is empty
2025-07-26 21:16:38,490 - INFO - Episode queue is empty
2025-07-26 21:16:38,490 - INFO - Episode queue is empty
2025-07-26 21:16:38,490 - INFO - Episode queue is empty
2025-07-26 21:16:38,490 - INFO - Episode queue is empty
2025-07-26 21:16:38,491 - INFO - Episode queue is empty
2025-07-26 21:16:38,491 - INFO - Episode queue is empty
2025-07-26 21:16:38,491 - INFO - Episode queue is empty
2025-07-26 21:16:38,491 - INFO - Episode queue is empty
2025-07-26 21:16:38,491 - INFO - Episode queue is empty
2025-07-26 21:16:38,491 - INFO - Episode queue is empty
2025-07-26 21:16:38,491 - INFO - Episode queue is empty
2025-07-26 21:16:38,491 - INFO - Episode queue is empty
2025-07-26 21:16:38,491 - INFO - Episode queue is empty
2025-07-26 21:16:38,491 - INFO - Episode queue is empty
2025-07-26 21:16:38,491 - INFO - Episode queue is empty
2025-07-26 21:16:38,491 - INFO - Episode queue is empty
2025-07-26 21:16:38,491 - INFO - Episode queue is empty
2025-07-26 21:16:38,491 - INFO - Episode queue is empty
2025-07-26 21:16:38,491 - INFO - Episode queue is empty
2025-07-26 21:16:38,492 - INFO - Episode queue is empty
2025-07-26 21:16:38,492 - INFO - Episode queue is empty
2025-07-26 21:16:38,492 - INFO - Episode queue is empty
2025-07-26 21:16:38,492 - INFO - Episode queue is empty
2025-07-26 21:16:38,492 - INFO - Episode queue is empty
2025-07-26 21:16:38,492 - INFO - Episode queue is empty
2025-07-26 21:16:38,492 - INFO - Episode queue is empty
2025-07-26 21:16:38,493 - INFO - Episode queue is empty
2025-07-26 21:16:38,493 - INFO - Episode queue is empty
2025-07-26 21:16:38,493 - INFO - Episode queue is empty
2025-07-26 21:16:38,493 - INFO - Episode queue is empty
2025-07-26 21:16:38,493 - INFO - Episode queue is empty
2025-07-26 21:16:38,493 - INFO - Episode queue is empty
2025-07-26 21:16:38,493 - INFO - Episode queue is empty
2025-07-26 21:16:38,493 - INFO - Episode queue is empty
2025-07-26 21:16:38,493 - INFO - Episode queue is empty
2025-07-26 21:16:38,494 - INFO - Episode queue is empty
2025-07-26 21:16:38,494 - INFO - Episode queue is empty
2025-07-26 21:16:38,494 - INFO - Episode queue is empty
2025-07-26 21:16:38,494 - INFO - Episode queue is empty
2025-07-26 21:16:38,494 - INFO - Episode queue is empty
2025-07-26 21:16:38,494 - INFO - Episode queue is empty
2025-07-26 21:16:38,494 - INFO - Episode queue is empty
2025-07-26 21:16:38,494 - INFO - Episode queue is empty
2025-07-26 21:16:38,494 - INFO - Episode queue is empty
2025-07-26 21:16:38,494 - INFO - Episode queue is empty
2025-07-26 21:16:38,494 - INFO - Episode queue is empty
2025-07-26 21:16:38,494 - INFO - Episode queue is empty
2025-07-26 21:16:38,494 - INFO - Episode queue is empty
2025-07-26 21:16:38,495 - INFO - Episode queue is empty
2025-07-26 21:16:38,495 - INFO - Episode queue is empty
2025-07-26 21:16:38,495 - INFO - Episode queue is empty
2025-07-26 21:16:38,495 - INFO - Episode queue is empty
2025-07-26 21:16:38,495 - INFO - Episode queue is empty
2025-07-26 21:16:38,495 - INFO - Episode queue is empty
2025-07-26 21:16:38,495 - INFO - Episode queue is empty
2025-07-26 21:16:38,495 - INFO - Episode queue is empty
2025-07-26 21:16:38,495 - INFO - Episode queue is empty
2025-07-26 21:16:38,495 - INFO - Episode queue is empty
2025-07-26 21:16:38,495 - INFO - Episode queue is empty
2025-07-26 21:16:38,495 - INFO - Episode queue is empty
2025-07-26 21:16:38,495 - INFO - Episode queue is empty
2025-07-26 21:16:38,496 - INFO - Episode queue is empty
2025-07-26 21:16:38,496 - INFO - Episode queue is empty
2025-07-26 21:16:38,496 - INFO - Episode queue is empty
2025-07-26 21:16:38,496 - INFO - Episode queue is empty
2025-07-26 21:16:38,496 - INFO - Episode queue is empty
2025-07-26 21:16:38,496 - INFO - Episode queue is empty
2025-07-26 21:16:38,496 - INFO - Episode queue is empty
2025-07-26 21:16:38,496 - INFO - Episode queue is empty
2025-07-26 21:16:38,496 - INFO - Episode queue is empty
2025-07-26 21:16:38,496 - INFO - Episode queue is empty
2025-07-26 21:16:38,496 - INFO - Episode queue is empty
2025-07-26 21:16:38,496 - INFO - Episode queue is empty
2025-07-26 21:16:38,497 - INFO - Episode queue is empty
2025-07-26 21:16:38,497 - INFO - Episode queue is empty
2025-07-26 21:16:38,497 - INFO - Episode queue is empty
2025-07-26 21:16:38,497 - INFO - Episode queue is empty
2025-07-26 21:16:38,497 - INFO - Episode queue is empty
2025-07-26 21:16:38,497 - INFO - Episode queue is empty
2025-07-26 21:16:38,497 - INFO - Episode queue is empty
2025-07-26 21:16:38,497 - INFO - Episode queue is empty
2025-07-26 21:16:38,497 - INFO - Episode queue is empty
2025-07-26 21:16:38,497 - INFO - Episode queue is empty
2025-07-26 21:16:38,497 - INFO - Episode queue is empty
2025-07-26 21:16:38,497 - INFO - Episode queue is empty
2025-07-26 21:16:38,497 - INFO - Episode queue is empty
2025-07-26 21:16:38,497 - INFO - Episode queue is empty
2025-07-26 21:16:38,498 - INFO - Episode queue is empty
2025-07-26 21:16:38,498 - INFO - Episode queue is empty
2025-07-26 21:16:38,498 - INFO - Episode queue is empty
2025-07-26 21:16:38,498 - INFO - Episode queue is empty
2025-07-26 21:16:38,498 - INFO - Episode queue is empty
2025-07-26 21:16:38,498 - INFO - Episode queue is empty
2025-07-26 21:16:38,498 - INFO - Episode queue is empty
2025-07-26 21:16:38,498 - INFO - Episode queue is empty
2025-07-26 21:16:38,498 - INFO - Episode queue is empty
2025-07-26 21:16:38,498 - INFO - Episode queue is empty
2025-07-26 21:16:38,498 - INFO - Episode queue is empty
2025-07-26 21:16:38,498 - INFO - Episode queue is empty
2025-07-26 21:16:38,498 - INFO - Episode queue is empty
2025-07-26 21:16:38,498 - INFO - Episode queue is empty
2025-07-26 21:16:38,499 - INFO - Episode queue is empty
2025-07-26 21:16:38,499 - INFO - Episode queue is empty
2025-07-26 21:16:38,499 - INFO - Episode queue is empty
2025-07-26 21:16:38,499 - INFO - Episode queue is empty
2025-07-26 21:16:38,499 - INFO - Episode queue is empty
2025-07-26 21:16:38,499 - INFO - Episode queue is empty
2025-07-26 21:16:38,499 - INFO - Episode queue is empty
2025-07-26 21:16:38,499 - INFO - Episode queue is empty
2025-07-26 21:16:38,499 - INFO - Episode queue is empty
2025-07-26 21:16:38,499 - INFO - Episode queue is empty
2025-07-26 21:16:38,499 - INFO - Episode queue is empty
2025-07-26 21:16:38,499 - INFO - Episode queue is empty
2025-07-26 21:16:38,499 - INFO - Episode queue is empty
2025-07-26 21:16:38,499 - INFO - Episode queue is empty
2025-07-26 21:16:38,500 - INFO - Episode queue is empty
2025-07-26 21:16:38,500 - INFO - Episode queue is empty
2025-07-26 21:16:38,500 - INFO - Episode queue is empty
2025-07-26 21:16:38,500 - INFO - Episode queue is empty
2025-07-26 21:16:38,500 - INFO - Episode queue is empty
2025-07-26 21:16:38,500 - INFO - Episode queue is empty
2025-07-26 21:16:38,500 - INFO - Episode queue is empty
2025-07-26 21:16:38,500 - INFO - Episode queue is empty
2025-07-26 21:16:38,500 - INFO - Episode queue is empty
2025-07-26 21:16:38,500 - INFO - Episode queue is empty
2025-07-26 21:16:38,500 - INFO - Episode queue is empty
2025-07-26 21:16:38,500 - INFO - Episode queue is empty
2025-07-26 21:16:38,500 - INFO - Episode queue is empty
2025-07-26 21:16:38,501 - INFO - Episode queue is empty
2025-07-26 21:16:38,501 - INFO - Episode queue is empty
2025-07-26 21:16:38,501 - INFO - Episode queue is empty
2025-07-26 21:16:38,501 - INFO - Episode queue is empty
2025-07-26 21:16:38,501 - INFO - Episode queue is empty
2025-07-26 21:16:38,501 - INFO - Episode queue is empty
2025-07-26 21:16:38,501 - INFO - Episode queue is empty
2025-07-26 21:16:38,501 - INFO - Episode queue is empty
2025-07-26 21:16:38,501 - INFO - Episode queue is empty
2025-07-26 21:16:38,501 - INFO - Episode queue is empty
2025-07-26 21:16:38,501 - INFO - Episode queue is empty
2025-07-26 21:16:38,501 - INFO - Episode queue is empty
2025-07-26 21:16:38,501 - INFO - Episode queue is empty
2025-07-26 21:16:38,502 - INFO - Episode queue is empty
2025-07-26 21:16:38,502 - INFO - Episode queue is empty
2025-07-26 21:16:38,502 - INFO - Episode queue is empty
2025-07-26 21:16:38,502 - INFO - Episode queue is empty
2025-07-26 21:16:38,502 - INFO - Episode queue is empty
2025-07-26 21:16:38,502 - INFO - Episode queue is empty
2025-07-26 21:16:38,502 - INFO - Episode queue is empty
2025-07-26 21:16:38,502 - INFO - Episode queue is empty
2025-07-26 21:16:38,502 - INFO - Episode queue is empty
2025-07-26 21:16:38,502 - INFO - Episode queue is empty
2025-07-26 21:16:38,502 - INFO - Episode queue is empty
2025-07-26 21:16:38,502 - INFO - Episode queue is empty
2025-07-26 21:16:38,502 - INFO - Episode queue is empty
2025-07-26 21:16:38,503 - INFO - Episode queue is empty
2025-07-26 21:16:38,503 - INFO - Episode queue is empty
2025-07-26 21:16:38,503 - INFO - Episode queue is empty
2025-07-26 21:16:38,503 - INFO - Episode queue is empty
2025-07-26 21:16:38,503 - INFO - Episode queue is empty
2025-07-26 21:16:38,503 - INFO - Episode queue is empty
2025-07-26 21:16:38,503 - INFO - Episode queue is empty
2025-07-26 21:16:38,503 - INFO - Episode queue is empty
2025-07-26 21:16:38,503 - INFO - Episode queue is empty
2025-07-26 21:16:38,503 - INFO - Episode queue is empty
2025-07-26 21:16:38,503 - INFO - Episode queue is empty
2025-07-26 21:16:38,503 - INFO - Episode queue is empty
2025-07-26 21:16:38,503 - INFO - Episode queue is empty
2025-07-26 21:16:38,503 - INFO - Episode queue is empty
2025-07-26 21:16:38,504 - INFO - Episode queue is empty
2025-07-26 21:16:38,504 - INFO - Episode queue is empty
2025-07-26 21:16:38,504 - INFO - Episode queue is empty
2025-07-26 21:16:38,504 - INFO - Episode queue is empty
2025-07-26 21:16:38,504 - INFO - Episode queue is empty
